Nonterminals useless in grammar

   Elsestmt
   assign_op
   binary_op
   condition
   mul_op
   unary_op


Terminals unused in grammar

   VOID
   AND
   OR
   LAND
   LOR
   LEQ
   GEQ
   COMMA


Rules useless in parser due to conflicts

   19 StatementList: Statement


State 23 conflicts: 22 reduce/reduce
State 91 conflicts: 9 shift/reduce
State 92 conflicts: 9 shift/reduce
State 93 conflicts: 9 shift/reduce
State 94 conflicts: 9 shift/reduce
State 95 conflicts: 9 shift/reduce
State 102 conflicts: 9 shift/reduce
State 103 conflicts: 9 shift/reduce
State 104 conflicts: 9 shift/reduce
State 105 conflicts: 9 shift/reduce


Grammar

    0 $accept: Program $end

    1 Program: StatementList

    2 StatementList: StatementList Statement
    3              | Statement

    4 Statement: DeclarationStmt NEWLINE
    5          | SimpleStmt NEWLINE
    6          | BLOCK NEWLINE
    7          | PrintStmt NEWLINE
    8          | IfStmt NEWLINE
    9          | Forstmt NEWLINE
   10          | NEWLINE

   11 DeclarationStmt: VAR IDENT Type ASSIGN Expression
   12                | VAR IDENT Type

   13 $@1: %empty

   14 $@2: %empty

   15 BLOCK: LBRACE $@1 StatementList $@2 RBRACE

   16 $@3: %empty

   17 $@4: %empty

   18 FBLOCK: LBRACE $@3 StatementList $@4 RBRACE

   19 StatementList: Statement

   20 SimpleStmt: Expression
   21           | IncDecStmt
   22           | AssignmentStmt

   23 AssignmentStmt: Expression ASSIGN Expression
   24               | Expression ADD_ASSIGN Expression
   25               | Expression SUB_ASSIGN Expression
   26               | Expression MUL_ASSIGN Expression
   27               | Expression QUO_ASSIGN Expression
   28               | Expression REM_ASSIGN Expression

   29 Expression: UnaryExpr
   30           | Expression ADD Expression
   31           | Expression SUB Expression
   32           | Expression MUL Expression
   33           | Expression DIV Expression
   34           | Expression REMAIN Expression
   35           | Expression EQL Expression
   36           | Expression NEQ Expression
   37           | Expression GTR Expression
   38           | Expression LSS Expression

   39 UnaryExpr: PrimaryExpr
   40          | ADD UnaryExpr
   41          | SUB UnaryExpr
   42          | NOT UnaryExpr

   43 PrimaryExpr: Operand
   44            | ConversionExpr
   45            | IndexExpr

   46 IndexExpr: PrimaryExpr LBRACK Expression RBRACK

   47 Operand: Literal
   48        | IDENT

   49 Literal: INT_LIT
   50        | FLOAT_LIT
   51        | STRING_LIT
   52        | BOOL_LIT

   53 ConversionExpr: Type LPAREN Expression RPAREN

   54 IfStmt: IF Expression BLOCK
   55       | IF Expression BLOCK ELSE BLOCK
   56       | IF Expression BLOCK ELSE IfStmt

   57 Forstmt: FOR Expression FBLOCK
   58        | FOR Forclause FBLOCK

   59 Forclause: SimpleStmt SEMICOLON Expression SEMICOLON SimpleStmt

   60 PrintStmt: PRINT LPAREN Expression RPAREN
   61          | PRINTLN LPAREN Expression RPAREN

   62 IncDecStmt: Expression INC
   63           | Expression DEC

   64 Type: TypeName
   65     | ArrayType

   66 TypeName: INT
   67         | FLOAT
   68         | STRING
   69         | BOOL

   70 ArrayType: LBRACK Expression RBRACK Type


Terminals, with rules where they appear

$end (0) 0
error (256)
VAR (258) 11 12
INT (259) 66
FLOAT (260) 67
BOOL (261) 69
STRING (262) 68
VOID (263)
AND (264)
OR (265)
NOT (266) 42
LPAREN (267) 53 60 61
RPAREN (268) 53 60 61
LBRACK (269) 46 70
RBRACK (270) 46 70
LBRACE (271) 15 18
RBRACE (272) 15 18
ADD (273) 30 40
SUB (274) 31 41
MUL (275) 32
DIV (276) 33
REMAIN (277) 34
INC (278) 62
DEC (279) 63
ASSIGN (280) 11 23
ADD_ASSIGN (281) 24
SUB_ASSIGN (282) 25
MUL_ASSIGN (283) 26
QUO_ASSIGN (284) 27
REM_ASSIGN (285) 28
PRINT (286) 60
PRINTLN (287) 61
NEWLINE (288) 4 5 6 7 8 9 10
LAND (289)
LOR (290)
IF (291) 54 55 56
ELSE (292) 55 56
FOR (293) 57 58
EQL (294) 35
NEQ (295) 36
LSS (296) 38
LEQ (297)
GTR (298) 37
GEQ (299)
SEMICOLON (300) 59
COMMA (301)
INT_LIT (302) 49
FLOAT_LIT (303) 50
STRING_LIT (304) 51
IDENT (305) 11 12 48
BOOL_LIT (306) 52


Nonterminals, with rules where they appear

$accept (52)
    on left: 0
Program (53)
    on left: 1, on right: 0
StatementList (54)
    on left: 2 3 19, on right: 1 2 15 18
Statement (55)
    on left: 4 5 6 7 8 9 10, on right: 2 3 19
DeclarationStmt (56)
    on left: 11 12, on right: 4
BLOCK (57)
    on left: 15, on right: 6 54 55 56
$@1 (58)
    on left: 13, on right: 15
$@2 (59)
    on left: 14, on right: 15
FBLOCK (60)
    on left: 18, on right: 57 58
$@3 (61)
    on left: 16, on right: 18
$@4 (62)
    on left: 17, on right: 18
SimpleStmt (63)
    on left: 20 21 22, on right: 5 59
AssignmentStmt (64)
    on left: 23 24 25 26 27 28, on right: 22
Expression (65)
    on left: 29 30 31 32 33 34 35 36 37 38, on right: 11 20 23 24 25
    26 27 28 30 31 32 33 34 35 36 37 38 46 53 54 55 56 57 59 60 61
    62 63 70
UnaryExpr (66)
    on left: 39 40 41 42, on right: 29 40 41 42
PrimaryExpr (67)
    on left: 43 44 45, on right: 39 46
IndexExpr (68)
    on left: 46, on right: 45
Operand (69)
    on left: 47 48, on right: 43
Literal (70)
    on left: 49 50 51 52, on right: 47
ConversionExpr (71)
    on left: 53, on right: 44
IfStmt (72)
    on left: 54 55 56, on right: 8 56
Forstmt (73)
    on left: 57 58, on right: 9
Forclause (74)
    on left: 59, on right: 58
PrintStmt (75)
    on left: 60 61, on right: 7
IncDecStmt (76)
    on left: 62 63, on right: 21
Type (77)
    on left: 64 65, on right: 11 12 53 70
TypeName (78)
    on left: 66 67 68 69, on right: 64
ArrayType (79)
    on left: 70, on right: 65


State 0

    0 $accept: . Program $end

    VAR         shift, and go to state 1
    INT         shift, and go to state 2
    FLOAT       shift, and go to state 3
    BOOL        shift, and go to state 4
    STRING      shift, and go to state 5
    NOT         shift, and go to state 6
    LBRACK      shift, and go to state 7
    LBRACE      shift, and go to state 8
    ADD         shift, and go to state 9
    SUB         shift, and go to state 10
    PRINT       shift, and go to state 11
    PRINTLN     shift, and go to state 12
    NEWLINE     shift, and go to state 13
    IF          shift, and go to state 14
    FOR         shift, and go to state 15
    INT_LIT     shift, and go to state 16
    FLOAT_LIT   shift, and go to state 17
    STRING_LIT  shift, and go to state 18
    IDENT       shift, and go to state 19
    BOOL_LIT    shift, and go to state 20

    Program          go to state 21
    StatementList    go to state 22
    Statement        go to state 23
    DeclarationStmt  go to state 24
    BLOCK            go to state 25
    SimpleStmt       go to state 26
    AssignmentStmt   go to state 27
    Expression       go to state 28
    UnaryExpr        go to state 29
    PrimaryExpr      go to state 30
    IndexExpr        go to state 31
    Operand          go to state 32
    Literal          go to state 33
    ConversionExpr   go to state 34
    IfStmt           go to state 35
    Forstmt          go to state 36
    PrintStmt        go to state 37
    IncDecStmt       go to state 38
    Type             go to state 39
    TypeName         go to state 40
    ArrayType        go to state 41


State 1

   11 DeclarationStmt: VAR . IDENT Type ASSIGN Expression
   12                | VAR . IDENT Type

    IDENT  shift, and go to state 42


State 2

   66 TypeName: INT .

    $default  reduce using rule 66 (TypeName)


State 3

   67 TypeName: FLOAT .

    $default  reduce using rule 67 (TypeName)


State 4

   69 TypeName: BOOL .

    $default  reduce using rule 69 (TypeName)


State 5

   68 TypeName: STRING .

    $default  reduce using rule 68 (TypeName)


State 6

   42 UnaryExpr: NOT . UnaryExpr

    INT         shift, and go to state 2
    FLOAT       shift, and go to state 3
    BOOL        shift, and go to state 4
    STRING      shift, and go to state 5
    NOT         shift, and go to state 6
    LBRACK      shift, and go to state 7
    ADD         shift, and go to state 9
    SUB         shift, and go to state 10
    INT_LIT     shift, and go to state 16
    FLOAT_LIT   shift, and go to state 17
    STRING_LIT  shift, and go to state 18
    IDENT       shift, and go to state 19
    BOOL_LIT    shift, and go to state 20

    UnaryExpr       go to state 43
    PrimaryExpr     go to state 30
    IndexExpr       go to state 31
    Operand         go to state 32
    Literal         go to state 33
    ConversionExpr  go to state 34
    Type            go to state 39
    TypeName        go to state 40
    ArrayType       go to state 41


State 7

   70 ArrayType: LBRACK . Expression RBRACK Type

    INT         shift, and go to state 2
    FLOAT       shift, and go to state 3
    BOOL        shift, and go to state 4
    STRING      shift, and go to state 5
    NOT         shift, and go to state 6
    LBRACK      shift, and go to state 7
    ADD         shift, and go to state 9
    SUB         shift, and go to state 10
    INT_LIT     shift, and go to state 16
    FLOAT_LIT   shift, and go to state 17
    STRING_LIT  shift, and go to state 18
    IDENT       shift, and go to state 19
    BOOL_LIT    shift, and go to state 20

    Expression      go to state 44
    UnaryExpr       go to state 29
    PrimaryExpr     go to state 30
    IndexExpr       go to state 31
    Operand         go to state 32
    Literal         go to state 33
    ConversionExpr  go to state 34
    Type            go to state 39
    TypeName        go to state 40
    ArrayType       go to state 41


State 8

   15 BLOCK: LBRACE . $@1 StatementList $@2 RBRACE

    $default  reduce using rule 13 ($@1)

    $@1  go to state 45


State 9

   40 UnaryExpr: ADD . UnaryExpr

    INT         shift, and go to state 2
    FLOAT       shift, and go to state 3
    BOOL        shift, and go to state 4
    STRING      shift, and go to state 5
    NOT         shift, and go to state 6
    LBRACK      shift, and go to state 7
    ADD         shift, and go to state 9
    SUB         shift, and go to state 10
    INT_LIT     shift, and go to state 16
    FLOAT_LIT   shift, and go to state 17
    STRING_LIT  shift, and go to state 18
    IDENT       shift, and go to state 19
    BOOL_LIT    shift, and go to state 20

    UnaryExpr       go to state 46
    PrimaryExpr     go to state 30
    IndexExpr       go to state 31
    Operand         go to state 32
    Literal         go to state 33
    ConversionExpr  go to state 34
    Type            go to state 39
    TypeName        go to state 40
    ArrayType       go to state 41


State 10

   41 UnaryExpr: SUB . UnaryExpr

    INT         shift, and go to state 2
    FLOAT       shift, and go to state 3
    BOOL        shift, and go to state 4
    STRING      shift, and go to state 5
    NOT         shift, and go to state 6
    LBRACK      shift, and go to state 7
    ADD         shift, and go to state 9
    SUB         shift, and go to state 10
    INT_LIT     shift, and go to state 16
    FLOAT_LIT   shift, and go to state 17
    STRING_LIT  shift, and go to state 18
    IDENT       shift, and go to state 19
    BOOL_LIT    shift, and go to state 20

    UnaryExpr       go to state 47
    PrimaryExpr     go to state 30
    IndexExpr       go to state 31
    Operand         go to state 32
    Literal         go to state 33
    ConversionExpr  go to state 34
    Type            go to state 39
    TypeName        go to state 40
    ArrayType       go to state 41


State 11

   60 PrintStmt: PRINT . LPAREN Expression RPAREN

    LPAREN  shift, and go to state 48


State 12

   61 PrintStmt: PRINTLN . LPAREN Expression RPAREN

    LPAREN  shift, and go to state 49


State 13

   10 Statement: NEWLINE .

    $default  reduce using rule 10 (Statement)


State 14

   54 IfStmt: IF . Expression BLOCK
   55       | IF . Expression BLOCK ELSE BLOCK
   56       | IF . Expression BLOCK ELSE IfStmt

    INT         shift, and go to state 2
    FLOAT       shift, and go to state 3
    BOOL        shift, and go to state 4
    STRING      shift, and go to state 5
    NOT         shift, and go to state 6
    LBRACK      shift, and go to state 7
    ADD         shift, and go to state 9
    SUB         shift, and go to state 10
    INT_LIT     shift, and go to state 16
    FLOAT_LIT   shift, and go to state 17
    STRING_LIT  shift, and go to state 18
    IDENT       shift, and go to state 19
    BOOL_LIT    shift, and go to state 20

    Expression      go to state 50
    UnaryExpr       go to state 29
    PrimaryExpr     go to state 30
    IndexExpr       go to state 31
    Operand         go to state 32
    Literal         go to state 33
    ConversionExpr  go to state 34
    Type            go to state 39
    TypeName        go to state 40
    ArrayType       go to state 41


State 15

   57 Forstmt: FOR . Expression FBLOCK
   58        | FOR . Forclause FBLOCK

    INT         shift, and go to state 2
    FLOAT       shift, and go to state 3
    BOOL        shift, and go to state 4
    STRING      shift, and go to state 5
    NOT         shift, and go to state 6
    LBRACK      shift, and go to state 7
    ADD         shift, and go to state 9
    SUB         shift, and go to state 10
    INT_LIT     shift, and go to state 16
    FLOAT_LIT   shift, and go to state 17
    STRING_LIT  shift, and go to state 18
    IDENT       shift, and go to state 19
    BOOL_LIT    shift, and go to state 20

    SimpleStmt      go to state 51
    AssignmentStmt  go to state 27
    Expression      go to state 52
    UnaryExpr       go to state 29
    PrimaryExpr     go to state 30
    IndexExpr       go to state 31
    Operand         go to state 32
    Literal         go to state 33
    ConversionExpr  go to state 34
    Forclause       go to state 53
    IncDecStmt      go to state 38
    Type            go to state 39
    TypeName        go to state 40
    ArrayType       go to state 41


State 16

   49 Literal: INT_LIT .

    $default  reduce using rule 49 (Literal)


State 17

   50 Literal: FLOAT_LIT .

    $default  reduce using rule 50 (Literal)


State 18

   51 Literal: STRING_LIT .

    $default  reduce using rule 51 (Literal)


State 19

   48 Operand: IDENT .

    $default  reduce using rule 48 (Operand)


State 20

   52 Literal: BOOL_LIT .

    $default  reduce using rule 52 (Literal)


State 21

    0 $accept: Program . $end

    $end  shift, and go to state 54


State 22

    1 Program: StatementList .
    2 StatementList: StatementList . Statement

    VAR         shift, and go to state 1
    INT         shift, and go to state 2
    FLOAT       shift, and go to state 3
    BOOL        shift, and go to state 4
    STRING      shift, and go to state 5
    NOT         shift, and go to state 6
    LBRACK      shift, and go to state 7
    LBRACE      shift, and go to state 8
    ADD         shift, and go to state 9
    SUB         shift, and go to state 10
    PRINT       shift, and go to state 11
    PRINTLN     shift, and go to state 12
    NEWLINE     shift, and go to state 13
    IF          shift, and go to state 14
    FOR         shift, and go to state 15
    INT_LIT     shift, and go to state 16
    FLOAT_LIT   shift, and go to state 17
    STRING_LIT  shift, and go to state 18
    IDENT       shift, and go to state 19
    BOOL_LIT    shift, and go to state 20

    $default  reduce using rule 1 (Program)

    Statement        go to state 55
    DeclarationStmt  go to state 24
    BLOCK            go to state 25
    SimpleStmt       go to state 26
    AssignmentStmt   go to state 27
    Expression       go to state 28
    UnaryExpr        go to state 29
    PrimaryExpr      go to state 30
    IndexExpr        go to state 31
    Operand          go to state 32
    Literal          go to state 33
    ConversionExpr   go to state 34
    IfStmt           go to state 35
    Forstmt          go to state 36
    PrintStmt        go to state 37
    IncDecStmt       go to state 38
    Type             go to state 39
    TypeName         go to state 40
    ArrayType        go to state 41


State 23

    3 StatementList: Statement .
   19              | Statement .

    $end        reduce using rule 3 (StatementList)
    $end        [reduce using rule 19 (StatementList)]
    VAR         reduce using rule 3 (StatementList)
    VAR         [reduce using rule 19 (StatementList)]
    INT         reduce using rule 3 (StatementList)
    INT         [reduce using rule 19 (StatementList)]
    FLOAT       reduce using rule 3 (StatementList)
    FLOAT       [reduce using rule 19 (StatementList)]
    BOOL        reduce using rule 3 (StatementList)
    BOOL        [reduce using rule 19 (StatementList)]
    STRING      reduce using rule 3 (StatementList)
    STRING      [reduce using rule 19 (StatementList)]
    NOT         reduce using rule 3 (StatementList)
    NOT         [reduce using rule 19 (StatementList)]
    LBRACK      reduce using rule 3 (StatementList)
    LBRACK      [reduce using rule 19 (StatementList)]
    LBRACE      reduce using rule 3 (StatementList)
    LBRACE      [reduce using rule 19 (StatementList)]
    RBRACE      reduce using rule 3 (StatementList)
    RBRACE      [reduce using rule 19 (StatementList)]
    ADD         reduce using rule 3 (StatementList)
    ADD         [reduce using rule 19 (StatementList)]
    SUB         reduce using rule 3 (StatementList)
    SUB         [reduce using rule 19 (StatementList)]
    PRINT       reduce using rule 3 (StatementList)
    PRINT       [reduce using rule 19 (StatementList)]
    PRINTLN     reduce using rule 3 (StatementList)
    PRINTLN     [reduce using rule 19 (StatementList)]
    NEWLINE     reduce using rule 3 (StatementList)
    NEWLINE     [reduce using rule 19 (StatementList)]
    IF          reduce using rule 3 (StatementList)
    IF          [reduce using rule 19 (StatementList)]
    FOR         reduce using rule 3 (StatementList)
    FOR         [reduce using rule 19 (StatementList)]
    INT_LIT     reduce using rule 3 (StatementList)
    INT_LIT     [reduce using rule 19 (StatementList)]
    FLOAT_LIT   reduce using rule 3 (StatementList)
    FLOAT_LIT   [reduce using rule 19 (StatementList)]
    STRING_LIT  reduce using rule 3 (StatementList)
    STRING_LIT  [reduce using rule 19 (StatementList)]
    IDENT       reduce using rule 3 (StatementList)
    IDENT       [reduce using rule 19 (StatementList)]
    BOOL_LIT    reduce using rule 3 (StatementList)
    BOOL_LIT    [reduce using rule 19 (StatementList)]
    $default    reduce using rule 3 (StatementList)


State 24

    4 Statement: DeclarationStmt . NEWLINE

    NEWLINE  shift, and go to state 56


State 25

    6 Statement: BLOCK . NEWLINE

    NEWLINE  shift, and go to state 57


State 26

    5 Statement: SimpleStmt . NEWLINE

    NEWLINE  shift, and go to state 58


State 27

   22 SimpleStmt: AssignmentStmt .

    $default  reduce using rule 22 (SimpleStmt)


State 28

   20 SimpleStmt: Expression .
   23 AssignmentStmt: Expression . ASSIGN Expression
   24               | Expression . ADD_ASSIGN Expression
   25               | Expression . SUB_ASSIGN Expression
   26               | Expression . MUL_ASSIGN Expression
   27               | Expression . QUO_ASSIGN Expression
   28               | Expression . REM_ASSIGN Expression
   30 Expression: Expression . ADD Expression
   31           | Expression . SUB Expression
   32           | Expression . MUL Expression
   33           | Expression . DIV Expression
   34           | Expression . REMAIN Expression
   35           | Expression . EQL Expression
   36           | Expression . NEQ Expression
   37           | Expression . GTR Expression
   38           | Expression . LSS Expression
   62 IncDecStmt: Expression . INC
   63           | Expression . DEC

    ADD         shift, and go to state 59
    SUB         shift, and go to state 60
    MUL         shift, and go to state 61
    DIV         shift, and go to state 62
    REMAIN      shift, and go to state 63
    INC         shift, and go to state 64
    DEC         shift, and go to state 65
    ASSIGN      shift, and go to state 66
    ADD_ASSIGN  shift, and go to state 67
    SUB_ASSIGN  shift, and go to state 68
    MUL_ASSIGN  shift, and go to state 69
    QUO_ASSIGN  shift, and go to state 70
    REM_ASSIGN  shift, and go to state 71
    EQL         shift, and go to state 72
    NEQ         shift, and go to state 73
    LSS         shift, and go to state 74
    GTR         shift, and go to state 75

    $default  reduce using rule 20 (SimpleStmt)


State 29

   29 Expression: UnaryExpr .

    $default  reduce using rule 29 (Expression)


State 30

   39 UnaryExpr: PrimaryExpr .
   46 IndexExpr: PrimaryExpr . LBRACK Expression RBRACK

    LBRACK  shift, and go to state 76

    $default  reduce using rule 39 (UnaryExpr)


State 31

   45 PrimaryExpr: IndexExpr .

    $default  reduce using rule 45 (PrimaryExpr)


State 32

   43 PrimaryExpr: Operand .

    $default  reduce using rule 43 (PrimaryExpr)


State 33

   47 Operand: Literal .

    $default  reduce using rule 47 (Operand)


State 34

   44 PrimaryExpr: ConversionExpr .

    $default  reduce using rule 44 (PrimaryExpr)


State 35

    8 Statement: IfStmt . NEWLINE

    NEWLINE  shift, and go to state 77


State 36

    9 Statement: Forstmt . NEWLINE

    NEWLINE  shift, and go to state 78


State 37

    7 Statement: PrintStmt . NEWLINE

    NEWLINE  shift, and go to state 79


State 38

   21 SimpleStmt: IncDecStmt .

    $default  reduce using rule 21 (SimpleStmt)


State 39

   53 ConversionExpr: Type . LPAREN Expression RPAREN

    LPAREN  shift, and go to state 80


State 40

   64 Type: TypeName .

    $default  reduce using rule 64 (Type)


State 41

   65 Type: ArrayType .

    $default  reduce using rule 65 (Type)


State 42

   11 DeclarationStmt: VAR IDENT . Type ASSIGN Expression
   12                | VAR IDENT . Type

    INT     shift, and go to state 2
    FLOAT   shift, and go to state 3
    BOOL    shift, and go to state 4
    STRING  shift, and go to state 5
    LBRACK  shift, and go to state 7

    Type       go to state 81
    TypeName   go to state 40
    ArrayType  go to state 41


State 43

   42 UnaryExpr: NOT UnaryExpr .

    $default  reduce using rule 42 (UnaryExpr)


State 44

   30 Expression: Expression . ADD Expression
   31           | Expression . SUB Expression
   32           | Expression . MUL Expression
   33           | Expression . DIV Expression
   34           | Expression . REMAIN Expression
   35           | Expression . EQL Expression
   36           | Expression . NEQ Expression
   37           | Expression . GTR Expression
   38           | Expression . LSS Expression
   70 ArrayType: LBRACK Expression . RBRACK Type

    RBRACK  shift, and go to state 82
    ADD     shift, and go to state 59
    SUB     shift, and go to state 60
    MUL     shift, and go to state 61
    DIV     shift, and go to state 62
    REMAIN  shift, and go to state 63
    EQL     shift, and go to state 72
    NEQ     shift, and go to state 73
    LSS     shift, and go to state 74
    GTR     shift, and go to state 75


State 45

   15 BLOCK: LBRACE $@1 . StatementList $@2 RBRACE

    VAR         shift, and go to state 1
    INT         shift, and go to state 2
    FLOAT       shift, and go to state 3
    BOOL        shift, and go to state 4
    STRING      shift, and go to state 5
    NOT         shift, and go to state 6
    LBRACK      shift, and go to state 7
    LBRACE      shift, and go to state 8
    ADD         shift, and go to state 9
    SUB         shift, and go to state 10
    PRINT       shift, and go to state 11
    PRINTLN     shift, and go to state 12
    NEWLINE     shift, and go to state 13
    IF          shift, and go to state 14
    FOR         shift, and go to state 15
    INT_LIT     shift, and go to state 16
    FLOAT_LIT   shift, and go to state 17
    STRING_LIT  shift, and go to state 18
    IDENT       shift, and go to state 19
    BOOL_LIT    shift, and go to state 20

    StatementList    go to state 83
    Statement        go to state 23
    DeclarationStmt  go to state 24
    BLOCK            go to state 25
    SimpleStmt       go to state 26
    AssignmentStmt   go to state 27
    Expression       go to state 28
    UnaryExpr        go to state 29
    PrimaryExpr      go to state 30
    IndexExpr        go to state 31
    Operand          go to state 32
    Literal          go to state 33
    ConversionExpr   go to state 34
    IfStmt           go to state 35
    Forstmt          go to state 36
    PrintStmt        go to state 37
    IncDecStmt       go to state 38
    Type             go to state 39
    TypeName         go to state 40
    ArrayType        go to state 41


State 46

   40 UnaryExpr: ADD UnaryExpr .

    $default  reduce using rule 40 (UnaryExpr)


State 47

   41 UnaryExpr: SUB UnaryExpr .

    $default  reduce using rule 41 (UnaryExpr)


State 48

   60 PrintStmt: PRINT LPAREN . Expression RPAREN

    INT         shift, and go to state 2
    FLOAT       shift, and go to state 3
    BOOL        shift, and go to state 4
    STRING      shift, and go to state 5
    NOT         shift, and go to state 6
    LBRACK      shift, and go to state 7
    ADD         shift, and go to state 9
    SUB         shift, and go to state 10
    INT_LIT     shift, and go to state 16
    FLOAT_LIT   shift, and go to state 17
    STRING_LIT  shift, and go to state 18
    IDENT       shift, and go to state 19
    BOOL_LIT    shift, and go to state 20

    Expression      go to state 84
    UnaryExpr       go to state 29
    PrimaryExpr     go to state 30
    IndexExpr       go to state 31
    Operand         go to state 32
    Literal         go to state 33
    ConversionExpr  go to state 34
    Type            go to state 39
    TypeName        go to state 40
    ArrayType       go to state 41


State 49

   61 PrintStmt: PRINTLN LPAREN . Expression RPAREN

    INT         shift, and go to state 2
    FLOAT       shift, and go to state 3
    BOOL        shift, and go to state 4
    STRING      shift, and go to state 5
    NOT         shift, and go to state 6
    LBRACK      shift, and go to state 7
    ADD         shift, and go to state 9
    SUB         shift, and go to state 10
    INT_LIT     shift, and go to state 16
    FLOAT_LIT   shift, and go to state 17
    STRING_LIT  shift, and go to state 18
    IDENT       shift, and go to state 19
    BOOL_LIT    shift, and go to state 20

    Expression      go to state 85
    UnaryExpr       go to state 29
    PrimaryExpr     go to state 30
    IndexExpr       go to state 31
    Operand         go to state 32
    Literal         go to state 33
    ConversionExpr  go to state 34
    Type            go to state 39
    TypeName        go to state 40
    ArrayType       go to state 41


State 50

   30 Expression: Expression . ADD Expression
   31           | Expression . SUB Expression
   32           | Expression . MUL Expression
   33           | Expression . DIV Expression
   34           | Expression . REMAIN Expression
   35           | Expression . EQL Expression
   36           | Expression . NEQ Expression
   37           | Expression . GTR Expression
   38           | Expression . LSS Expression
   54 IfStmt: IF Expression . BLOCK
   55       | IF Expression . BLOCK ELSE BLOCK
   56       | IF Expression . BLOCK ELSE IfStmt

    LBRACE  shift, and go to state 8
    ADD     shift, and go to state 59
    SUB     shift, and go to state 60
    MUL     shift, and go to state 61
    DIV     shift, and go to state 62
    REMAIN  shift, and go to state 63
    EQL     shift, and go to state 72
    NEQ     shift, and go to state 73
    LSS     shift, and go to state 74
    GTR     shift, and go to state 75

    BLOCK  go to state 86


State 51

   59 Forclause: SimpleStmt . SEMICOLON Expression SEMICOLON SimpleStmt

    SEMICOLON  shift, and go to state 87


State 52

   20 SimpleStmt: Expression .
   23 AssignmentStmt: Expression . ASSIGN Expression
   24               | Expression . ADD_ASSIGN Expression
   25               | Expression . SUB_ASSIGN Expression
   26               | Expression . MUL_ASSIGN Expression
   27               | Expression . QUO_ASSIGN Expression
   28               | Expression . REM_ASSIGN Expression
   30 Expression: Expression . ADD Expression
   31           | Expression . SUB Expression
   32           | Expression . MUL Expression
   33           | Expression . DIV Expression
   34           | Expression . REMAIN Expression
   35           | Expression . EQL Expression
   36           | Expression . NEQ Expression
   37           | Expression . GTR Expression
   38           | Expression . LSS Expression
   57 Forstmt: FOR Expression . FBLOCK
   62 IncDecStmt: Expression . INC
   63           | Expression . DEC

    LBRACE      shift, and go to state 88
    ADD         shift, and go to state 59
    SUB         shift, and go to state 60
    MUL         shift, and go to state 61
    DIV         shift, and go to state 62
    REMAIN      shift, and go to state 63
    INC         shift, and go to state 64
    DEC         shift, and go to state 65
    ASSIGN      shift, and go to state 66
    ADD_ASSIGN  shift, and go to state 67
    SUB_ASSIGN  shift, and go to state 68
    MUL_ASSIGN  shift, and go to state 69
    QUO_ASSIGN  shift, and go to state 70
    REM_ASSIGN  shift, and go to state 71
    EQL         shift, and go to state 72
    NEQ         shift, and go to state 73
    LSS         shift, and go to state 74
    GTR         shift, and go to state 75

    $default  reduce using rule 20 (SimpleStmt)

    FBLOCK  go to state 89


State 53

   58 Forstmt: FOR Forclause . FBLOCK

    LBRACE  shift, and go to state 88

    FBLOCK  go to state 90


State 54

    0 $accept: Program $end .

    $default  accept


State 55

    2 StatementList: StatementList Statement .

    $default  reduce using rule 2 (StatementList)


State 56

    4 Statement: DeclarationStmt NEWLINE .

    $default  reduce using rule 4 (Statement)


State 57

    6 Statement: BLOCK NEWLINE .

    $default  reduce using rule 6 (Statement)


State 58

    5 Statement: SimpleStmt NEWLINE .

    $default  reduce using rule 5 (Statement)


State 59

   30 Expression: Expression ADD . Expression

    INT         shift, and go to state 2
    FLOAT       shift, and go to state 3
    BOOL        shift, and go to state 4
    STRING      shift, and go to state 5
    NOT         shift, and go to state 6
    LBRACK      shift, and go to state 7
    ADD         shift, and go to state 9
    SUB         shift, and go to state 10
    INT_LIT     shift, and go to state 16
    FLOAT_LIT   shift, and go to state 17
    STRING_LIT  shift, and go to state 18
    IDENT       shift, and go to state 19
    BOOL_LIT    shift, and go to state 20

    Expression      go to state 91
    UnaryExpr       go to state 29
    PrimaryExpr     go to state 30
    IndexExpr       go to state 31
    Operand         go to state 32
    Literal         go to state 33
    ConversionExpr  go to state 34
    Type            go to state 39
    TypeName        go to state 40
    ArrayType       go to state 41


State 60

   31 Expression: Expression SUB . Expression

    INT         shift, and go to state 2
    FLOAT       shift, and go to state 3
    BOOL        shift, and go to state 4
    STRING      shift, and go to state 5
    NOT         shift, and go to state 6
    LBRACK      shift, and go to state 7
    ADD         shift, and go to state 9
    SUB         shift, and go to state 10
    INT_LIT     shift, and go to state 16
    FLOAT_LIT   shift, and go to state 17
    STRING_LIT  shift, and go to state 18
    IDENT       shift, and go to state 19
    BOOL_LIT    shift, and go to state 20

    Expression      go to state 92
    UnaryExpr       go to state 29
    PrimaryExpr     go to state 30
    IndexExpr       go to state 31
    Operand         go to state 32
    Literal         go to state 33
    ConversionExpr  go to state 34
    Type            go to state 39
    TypeName        go to state 40
    ArrayType       go to state 41


State 61

   32 Expression: Expression MUL . Expression

    INT         shift, and go to state 2
    FLOAT       shift, and go to state 3
    BOOL        shift, and go to state 4
    STRING      shift, and go to state 5
    NOT         shift, and go to state 6
    LBRACK      shift, and go to state 7
    ADD         shift, and go to state 9
    SUB         shift, and go to state 10
    INT_LIT     shift, and go to state 16
    FLOAT_LIT   shift, and go to state 17
    STRING_LIT  shift, and go to state 18
    IDENT       shift, and go to state 19
    BOOL_LIT    shift, and go to state 20

    Expression      go to state 93
    UnaryExpr       go to state 29
    PrimaryExpr     go to state 30
    IndexExpr       go to state 31
    Operand         go to state 32
    Literal         go to state 33
    ConversionExpr  go to state 34
    Type            go to state 39
    TypeName        go to state 40
    ArrayType       go to state 41


State 62

   33 Expression: Expression DIV . Expression

    INT         shift, and go to state 2
    FLOAT       shift, and go to state 3
    BOOL        shift, and go to state 4
    STRING      shift, and go to state 5
    NOT         shift, and go to state 6
    LBRACK      shift, and go to state 7
    ADD         shift, and go to state 9
    SUB         shift, and go to state 10
    INT_LIT     shift, and go to state 16
    FLOAT_LIT   shift, and go to state 17
    STRING_LIT  shift, and go to state 18
    IDENT       shift, and go to state 19
    BOOL_LIT    shift, and go to state 20

    Expression      go to state 94
    UnaryExpr       go to state 29
    PrimaryExpr     go to state 30
    IndexExpr       go to state 31
    Operand         go to state 32
    Literal         go to state 33
    ConversionExpr  go to state 34
    Type            go to state 39
    TypeName        go to state 40
    ArrayType       go to state 41


State 63

   34 Expression: Expression REMAIN . Expression

    INT         shift, and go to state 2
    FLOAT       shift, and go to state 3
    BOOL        shift, and go to state 4
    STRING      shift, and go to state 5
    NOT         shift, and go to state 6
    LBRACK      shift, and go to state 7
    ADD         shift, and go to state 9
    SUB         shift, and go to state 10
    INT_LIT     shift, and go to state 16
    FLOAT_LIT   shift, and go to state 17
    STRING_LIT  shift, and go to state 18
    IDENT       shift, and go to state 19
    BOOL_LIT    shift, and go to state 20

    Expression      go to state 95
    UnaryExpr       go to state 29
    PrimaryExpr     go to state 30
    IndexExpr       go to state 31
    Operand         go to state 32
    Literal         go to state 33
    ConversionExpr  go to state 34
    Type            go to state 39
    TypeName        go to state 40
    ArrayType       go to state 41


State 64

   62 IncDecStmt: Expression INC .

    $default  reduce using rule 62 (IncDecStmt)


State 65

   63 IncDecStmt: Expression DEC .

    $default  reduce using rule 63 (IncDecStmt)


State 66

   23 AssignmentStmt: Expression ASSIGN . Expression

    INT         shift, and go to state 2
    FLOAT       shift, and go to state 3
    BOOL        shift, and go to state 4
    STRING      shift, and go to state 5
    NOT         shift, and go to state 6
    LBRACK      shift, and go to state 7
    ADD         shift, and go to state 9
    SUB         shift, and go to state 10
    INT_LIT     shift, and go to state 16
    FLOAT_LIT   shift, and go to state 17
    STRING_LIT  shift, and go to state 18
    IDENT       shift, and go to state 19
    BOOL_LIT    shift, and go to state 20

    Expression      go to state 96
    UnaryExpr       go to state 29
    PrimaryExpr     go to state 30
    IndexExpr       go to state 31
    Operand         go to state 32
    Literal         go to state 33
    ConversionExpr  go to state 34
    Type            go to state 39
    TypeName        go to state 40
    ArrayType       go to state 41


State 67

   24 AssignmentStmt: Expression ADD_ASSIGN . Expression

    INT         shift, and go to state 2
    FLOAT       shift, and go to state 3
    BOOL        shift, and go to state 4
    STRING      shift, and go to state 5
    NOT         shift, and go to state 6
    LBRACK      shift, and go to state 7
    ADD         shift, and go to state 9
    SUB         shift, and go to state 10
    INT_LIT     shift, and go to state 16
    FLOAT_LIT   shift, and go to state 17
    STRING_LIT  shift, and go to state 18
    IDENT       shift, and go to state 19
    BOOL_LIT    shift, and go to state 20

    Expression      go to state 97
    UnaryExpr       go to state 29
    PrimaryExpr     go to state 30
    IndexExpr       go to state 31
    Operand         go to state 32
    Literal         go to state 33
    ConversionExpr  go to state 34
    Type            go to state 39
    TypeName        go to state 40
    ArrayType       go to state 41


State 68

   25 AssignmentStmt: Expression SUB_ASSIGN . Expression

    INT         shift, and go to state 2
    FLOAT       shift, and go to state 3
    BOOL        shift, and go to state 4
    STRING      shift, and go to state 5
    NOT         shift, and go to state 6
    LBRACK      shift, and go to state 7
    ADD         shift, and go to state 9
    SUB         shift, and go to state 10
    INT_LIT     shift, and go to state 16
    FLOAT_LIT   shift, and go to state 17
    STRING_LIT  shift, and go to state 18
    IDENT       shift, and go to state 19
    BOOL_LIT    shift, and go to state 20

    Expression      go to state 98
    UnaryExpr       go to state 29
    PrimaryExpr     go to state 30
    IndexExpr       go to state 31
    Operand         go to state 32
    Literal         go to state 33
    ConversionExpr  go to state 34
    Type            go to state 39
    TypeName        go to state 40
    ArrayType       go to state 41


State 69

   26 AssignmentStmt: Expression MUL_ASSIGN . Expression

    INT         shift, and go to state 2
    FLOAT       shift, and go to state 3
    BOOL        shift, and go to state 4
    STRING      shift, and go to state 5
    NOT         shift, and go to state 6
    LBRACK      shift, and go to state 7
    ADD         shift, and go to state 9
    SUB         shift, and go to state 10
    INT_LIT     shift, and go to state 16
    FLOAT_LIT   shift, and go to state 17
    STRING_LIT  shift, and go to state 18
    IDENT       shift, and go to state 19
    BOOL_LIT    shift, and go to state 20

    Expression      go to state 99
    UnaryExpr       go to state 29
    PrimaryExpr     go to state 30
    IndexExpr       go to state 31
    Operand         go to state 32
    Literal         go to state 33
    ConversionExpr  go to state 34
    Type            go to state 39
    TypeName        go to state 40
    ArrayType       go to state 41


State 70

   27 AssignmentStmt: Expression QUO_ASSIGN . Expression

    INT         shift, and go to state 2
    FLOAT       shift, and go to state 3
    BOOL        shift, and go to state 4
    STRING      shift, and go to state 5
    NOT         shift, and go to state 6
    LBRACK      shift, and go to state 7
    ADD         shift, and go to state 9
    SUB         shift, and go to state 10
    INT_LIT     shift, and go to state 16
    FLOAT_LIT   shift, and go to state 17
    STRING_LIT  shift, and go to state 18
    IDENT       shift, and go to state 19
    BOOL_LIT    shift, and go to state 20

    Expression      go to state 100
    UnaryExpr       go to state 29
    PrimaryExpr     go to state 30
    IndexExpr       go to state 31
    Operand         go to state 32
    Literal         go to state 33
    ConversionExpr  go to state 34
    Type            go to state 39
    TypeName        go to state 40
    ArrayType       go to state 41


State 71

   28 AssignmentStmt: Expression REM_ASSIGN . Expression

    INT         shift, and go to state 2
    FLOAT       shift, and go to state 3
    BOOL        shift, and go to state 4
    STRING      shift, and go to state 5
    NOT         shift, and go to state 6
    LBRACK      shift, and go to state 7
    ADD         shift, and go to state 9
    SUB         shift, and go to state 10
    INT_LIT     shift, and go to state 16
    FLOAT_LIT   shift, and go to state 17
    STRING_LIT  shift, and go to state 18
    IDENT       shift, and go to state 19
    BOOL_LIT    shift, and go to state 20

    Expression      go to state 101
    UnaryExpr       go to state 29
    PrimaryExpr     go to state 30
    IndexExpr       go to state 31
    Operand         go to state 32
    Literal         go to state 33
    ConversionExpr  go to state 34
    Type            go to state 39
    TypeName        go to state 40
    ArrayType       go to state 41


State 72

   35 Expression: Expression EQL . Expression

    INT         shift, and go to state 2
    FLOAT       shift, and go to state 3
    BOOL        shift, and go to state 4
    STRING      shift, and go to state 5
    NOT         shift, and go to state 6
    LBRACK      shift, and go to state 7
    ADD         shift, and go to state 9
    SUB         shift, and go to state 10
    INT_LIT     shift, and go to state 16
    FLOAT_LIT   shift, and go to state 17
    STRING_LIT  shift, and go to state 18
    IDENT       shift, and go to state 19
    BOOL_LIT    shift, and go to state 20

    Expression      go to state 102
    UnaryExpr       go to state 29
    PrimaryExpr     go to state 30
    IndexExpr       go to state 31
    Operand         go to state 32
    Literal         go to state 33
    ConversionExpr  go to state 34
    Type            go to state 39
    TypeName        go to state 40
    ArrayType       go to state 41


State 73

   36 Expression: Expression NEQ . Expression

    INT         shift, and go to state 2
    FLOAT       shift, and go to state 3
    BOOL        shift, and go to state 4
    STRING      shift, and go to state 5
    NOT         shift, and go to state 6
    LBRACK      shift, and go to state 7
    ADD         shift, and go to state 9
    SUB         shift, and go to state 10
    INT_LIT     shift, and go to state 16
    FLOAT_LIT   shift, and go to state 17
    STRING_LIT  shift, and go to state 18
    IDENT       shift, and go to state 19
    BOOL_LIT    shift, and go to state 20

    Expression      go to state 103
    UnaryExpr       go to state 29
    PrimaryExpr     go to state 30
    IndexExpr       go to state 31
    Operand         go to state 32
    Literal         go to state 33
    ConversionExpr  go to state 34
    Type            go to state 39
    TypeName        go to state 40
    ArrayType       go to state 41


State 74

   38 Expression: Expression LSS . Expression

    INT         shift, and go to state 2
    FLOAT       shift, and go to state 3
    BOOL        shift, and go to state 4
    STRING      shift, and go to state 5
    NOT         shift, and go to state 6
    LBRACK      shift, and go to state 7
    ADD         shift, and go to state 9
    SUB         shift, and go to state 10
    INT_LIT     shift, and go to state 16
    FLOAT_LIT   shift, and go to state 17
    STRING_LIT  shift, and go to state 18
    IDENT       shift, and go to state 19
    BOOL_LIT    shift, and go to state 20

    Expression      go to state 104
    UnaryExpr       go to state 29
    PrimaryExpr     go to state 30
    IndexExpr       go to state 31
    Operand         go to state 32
    Literal         go to state 33
    ConversionExpr  go to state 34
    Type            go to state 39
    TypeName        go to state 40
    ArrayType       go to state 41


State 75

   37 Expression: Expression GTR . Expression

    INT         shift, and go to state 2
    FLOAT       shift, and go to state 3
    BOOL        shift, and go to state 4
    STRING      shift, and go to state 5
    NOT         shift, and go to state 6
    LBRACK      shift, and go to state 7
    ADD         shift, and go to state 9
    SUB         shift, and go to state 10
    INT_LIT     shift, and go to state 16
    FLOAT_LIT   shift, and go to state 17
    STRING_LIT  shift, and go to state 18
    IDENT       shift, and go to state 19
    BOOL_LIT    shift, and go to state 20

    Expression      go to state 105
    UnaryExpr       go to state 29
    PrimaryExpr     go to state 30
    IndexExpr       go to state 31
    Operand         go to state 32
    Literal         go to state 33
    ConversionExpr  go to state 34
    Type            go to state 39
    TypeName        go to state 40
    ArrayType       go to state 41


State 76

   46 IndexExpr: PrimaryExpr LBRACK . Expression RBRACK

    INT         shift, and go to state 2
    FLOAT       shift, and go to state 3
    BOOL        shift, and go to state 4
    STRING      shift, and go to state 5
    NOT         shift, and go to state 6
    LBRACK      shift, and go to state 7
    ADD         shift, and go to state 9
    SUB         shift, and go to state 10
    INT_LIT     shift, and go to state 16
    FLOAT_LIT   shift, and go to state 17
    STRING_LIT  shift, and go to state 18
    IDENT       shift, and go to state 19
    BOOL_LIT    shift, and go to state 20

    Expression      go to state 106
    UnaryExpr       go to state 29
    PrimaryExpr     go to state 30
    IndexExpr       go to state 31
    Operand         go to state 32
    Literal         go to state 33
    ConversionExpr  go to state 34
    Type            go to state 39
    TypeName        go to state 40
    ArrayType       go to state 41


State 77

    8 Statement: IfStmt NEWLINE .

    $default  reduce using rule 8 (Statement)


State 78

    9 Statement: Forstmt NEWLINE .

    $default  reduce using rule 9 (Statement)


State 79

    7 Statement: PrintStmt NEWLINE .

    $default  reduce using rule 7 (Statement)


State 80

   53 ConversionExpr: Type LPAREN . Expression RPAREN

    INT         shift, and go to state 2
    FLOAT       shift, and go to state 3
    BOOL        shift, and go to state 4
    STRING      shift, and go to state 5
    NOT         shift, and go to state 6
    LBRACK      shift, and go to state 7
    ADD         shift, and go to state 9
    SUB         shift, and go to state 10
    INT_LIT     shift, and go to state 16
    FLOAT_LIT   shift, and go to state 17
    STRING_LIT  shift, and go to state 18
    IDENT       shift, and go to state 19
    BOOL_LIT    shift, and go to state 20

    Expression      go to state 107
    UnaryExpr       go to state 29
    PrimaryExpr     go to state 30
    IndexExpr       go to state 31
    Operand         go to state 32
    Literal         go to state 33
    ConversionExpr  go to state 34
    Type            go to state 39
    TypeName        go to state 40
    ArrayType       go to state 41


State 81

   11 DeclarationStmt: VAR IDENT Type . ASSIGN Expression
   12                | VAR IDENT Type .

    ASSIGN  shift, and go to state 108

    $default  reduce using rule 12 (DeclarationStmt)


State 82

   70 ArrayType: LBRACK Expression RBRACK . Type

    INT     shift, and go to state 2
    FLOAT   shift, and go to state 3
    BOOL    shift, and go to state 4
    STRING  shift, and go to state 5
    LBRACK  shift, and go to state 7

    Type       go to state 109
    TypeName   go to state 40
    ArrayType  go to state 41


State 83

    2 StatementList: StatementList . Statement
   15 BLOCK: LBRACE $@1 StatementList . $@2 RBRACE

    VAR         shift, and go to state 1
    INT         shift, and go to state 2
    FLOAT       shift, and go to state 3
    BOOL        shift, and go to state 4
    STRING      shift, and go to state 5
    NOT         shift, and go to state 6
    LBRACK      shift, and go to state 7
    LBRACE      shift, and go to state 8
    ADD         shift, and go to state 9
    SUB         shift, and go to state 10
    PRINT       shift, and go to state 11
    PRINTLN     shift, and go to state 12
    NEWLINE     shift, and go to state 13
    IF          shift, and go to state 14
    FOR         shift, and go to state 15
    INT_LIT     shift, and go to state 16
    FLOAT_LIT   shift, and go to state 17
    STRING_LIT  shift, and go to state 18
    IDENT       shift, and go to state 19
    BOOL_LIT    shift, and go to state 20

    $default  reduce using rule 14 ($@2)

    Statement        go to state 55
    DeclarationStmt  go to state 24
    BLOCK            go to state 25
    $@2              go to state 110
    SimpleStmt       go to state 26
    AssignmentStmt   go to state 27
    Expression       go to state 28
    UnaryExpr        go to state 29
    PrimaryExpr      go to state 30
    IndexExpr        go to state 31
    Operand          go to state 32
    Literal          go to state 33
    ConversionExpr   go to state 34
    IfStmt           go to state 35
    Forstmt          go to state 36
    PrintStmt        go to state 37
    IncDecStmt       go to state 38
    Type             go to state 39
    TypeName         go to state 40
    ArrayType        go to state 41


State 84

   30 Expression: Expression . ADD Expression
   31           | Expression . SUB Expression
   32           | Expression . MUL Expression
   33           | Expression . DIV Expression
   34           | Expression . REMAIN Expression
   35           | Expression . EQL Expression
   36           | Expression . NEQ Expression
   37           | Expression . GTR Expression
   38           | Expression . LSS Expression
   60 PrintStmt: PRINT LPAREN Expression . RPAREN

    RPAREN  shift, and go to state 111
    ADD     shift, and go to state 59
    SUB     shift, and go to state 60
    MUL     shift, and go to state 61
    DIV     shift, and go to state 62
    REMAIN  shift, and go to state 63
    EQL     shift, and go to state 72
    NEQ     shift, and go to state 73
    LSS     shift, and go to state 74
    GTR     shift, and go to state 75


State 85

   30 Expression: Expression . ADD Expression
   31           | Expression . SUB Expression
   32           | Expression . MUL Expression
   33           | Expression . DIV Expression
   34           | Expression . REMAIN Expression
   35           | Expression . EQL Expression
   36           | Expression . NEQ Expression
   37           | Expression . GTR Expression
   38           | Expression . LSS Expression
   61 PrintStmt: PRINTLN LPAREN Expression . RPAREN

    RPAREN  shift, and go to state 112
    ADD     shift, and go to state 59
    SUB     shift, and go to state 60
    MUL     shift, and go to state 61
    DIV     shift, and go to state 62
    REMAIN  shift, and go to state 63
    EQL     shift, and go to state 72
    NEQ     shift, and go to state 73
    LSS     shift, and go to state 74
    GTR     shift, and go to state 75


State 86

   54 IfStmt: IF Expression BLOCK .
   55       | IF Expression BLOCK . ELSE BLOCK
   56       | IF Expression BLOCK . ELSE IfStmt

    ELSE  shift, and go to state 113

    $default  reduce using rule 54 (IfStmt)


State 87

   59 Forclause: SimpleStmt SEMICOLON . Expression SEMICOLON SimpleStmt

    INT         shift, and go to state 2
    FLOAT       shift, and go to state 3
    BOOL        shift, and go to state 4
    STRING      shift, and go to state 5
    NOT         shift, and go to state 6
    LBRACK      shift, and go to state 7
    ADD         shift, and go to state 9
    SUB         shift, and go to state 10
    INT_LIT     shift, and go to state 16
    FLOAT_LIT   shift, and go to state 17
    STRING_LIT  shift, and go to state 18
    IDENT       shift, and go to state 19
    BOOL_LIT    shift, and go to state 20

    Expression      go to state 114
    UnaryExpr       go to state 29
    PrimaryExpr     go to state 30
    IndexExpr       go to state 31
    Operand         go to state 32
    Literal         go to state 33
    ConversionExpr  go to state 34
    Type            go to state 39
    TypeName        go to state 40
    ArrayType       go to state 41


State 88

   18 FBLOCK: LBRACE . $@3 StatementList $@4 RBRACE

    $default  reduce using rule 16 ($@3)

    $@3  go to state 115


State 89

   57 Forstmt: FOR Expression FBLOCK .

    $default  reduce using rule 57 (Forstmt)


State 90

   58 Forstmt: FOR Forclause FBLOCK .

    $default  reduce using rule 58 (Forstmt)


State 91

   30 Expression: Expression . ADD Expression
   30           | Expression ADD Expression .
   31           | Expression . SUB Expression
   32           | Expression . MUL Expression
   33           | Expression . DIV Expression
   34           | Expression . REMAIN Expression
   35           | Expression . EQL Expression
   36           | Expression . NEQ Expression
   37           | Expression . GTR Expression
   38           | Expression . LSS Expression

    ADD     shift, and go to state 59
    SUB     shift, and go to state 60
    MUL     shift, and go to state 61
    DIV     shift, and go to state 62
    REMAIN  shift, and go to state 63
    EQL     shift, and go to state 72
    NEQ     shift, and go to state 73
    LSS     shift, and go to state 74
    GTR     shift, and go to state 75

    ADD       [reduce using rule 30 (Expression)]
    SUB       [reduce using rule 30 (Expression)]
    MUL       [reduce using rule 30 (Expression)]
    DIV       [reduce using rule 30 (Expression)]
    REMAIN    [reduce using rule 30 (Expression)]
    EQL       [reduce using rule 30 (Expression)]
    NEQ       [reduce using rule 30 (Expression)]
    LSS       [reduce using rule 30 (Expression)]
    GTR       [reduce using rule 30 (Expression)]
    $default  reduce using rule 30 (Expression)


State 92

   30 Expression: Expression . ADD Expression
   31           | Expression . SUB Expression
   31           | Expression SUB Expression .
   32           | Expression . MUL Expression
   33           | Expression . DIV Expression
   34           | Expression . REMAIN Expression
   35           | Expression . EQL Expression
   36           | Expression . NEQ Expression
   37           | Expression . GTR Expression
   38           | Expression . LSS Expression

    ADD     shift, and go to state 59
    SUB     shift, and go to state 60
    MUL     shift, and go to state 61
    DIV     shift, and go to state 62
    REMAIN  shift, and go to state 63
    EQL     shift, and go to state 72
    NEQ     shift, and go to state 73
    LSS     shift, and go to state 74
    GTR     shift, and go to state 75

    ADD       [reduce using rule 31 (Expression)]
    SUB       [reduce using rule 31 (Expression)]
    MUL       [reduce using rule 31 (Expression)]
    DIV       [reduce using rule 31 (Expression)]
    REMAIN    [reduce using rule 31 (Expression)]
    EQL       [reduce using rule 31 (Expression)]
    NEQ       [reduce using rule 31 (Expression)]
    LSS       [reduce using rule 31 (Expression)]
    GTR       [reduce using rule 31 (Expression)]
    $default  reduce using rule 31 (Expression)


State 93

   30 Expression: Expression . ADD Expression
   31           | Expression . SUB Expression
   32           | Expression . MUL Expression
   32           | Expression MUL Expression .
   33           | Expression . DIV Expression
   34           | Expression . REMAIN Expression
   35           | Expression . EQL Expression
   36           | Expression . NEQ Expression
   37           | Expression . GTR Expression
   38           | Expression . LSS Expression

    ADD     shift, and go to state 59
    SUB     shift, and go to state 60
    MUL     shift, and go to state 61
    DIV     shift, and go to state 62
    REMAIN  shift, and go to state 63
    EQL     shift, and go to state 72
    NEQ     shift, and go to state 73
    LSS     shift, and go to state 74
    GTR     shift, and go to state 75

    ADD       [reduce using rule 32 (Expression)]
    SUB       [reduce using rule 32 (Expression)]
    MUL       [reduce using rule 32 (Expression)]
    DIV       [reduce using rule 32 (Expression)]
    REMAIN    [reduce using rule 32 (Expression)]
    EQL       [reduce using rule 32 (Expression)]
    NEQ       [reduce using rule 32 (Expression)]
    LSS       [reduce using rule 32 (Expression)]
    GTR       [reduce using rule 32 (Expression)]
    $default  reduce using rule 32 (Expression)


State 94

   30 Expression: Expression . ADD Expression
   31           | Expression . SUB Expression
   32           | Expression . MUL Expression
   33           | Expression . DIV Expression
   33           | Expression DIV Expression .
   34           | Expression . REMAIN Expression
   35           | Expression . EQL Expression
   36           | Expression . NEQ Expression
   37           | Expression . GTR Expression
   38           | Expression . LSS Expression

    ADD     shift, and go to state 59
    SUB     shift, and go to state 60
    MUL     shift, and go to state 61
    DIV     shift, and go to state 62
    REMAIN  shift, and go to state 63
    EQL     shift, and go to state 72
    NEQ     shift, and go to state 73
    LSS     shift, and go to state 74
    GTR     shift, and go to state 75

    ADD       [reduce using rule 33 (Expression)]
    SUB       [reduce using rule 33 (Expression)]
    MUL       [reduce using rule 33 (Expression)]
    DIV       [reduce using rule 33 (Expression)]
    REMAIN    [reduce using rule 33 (Expression)]
    EQL       [reduce using rule 33 (Expression)]
    NEQ       [reduce using rule 33 (Expression)]
    LSS       [reduce using rule 33 (Expression)]
    GTR       [reduce using rule 33 (Expression)]
    $default  reduce using rule 33 (Expression)


State 95

   30 Expression: Expression . ADD Expression
   31           | Expression . SUB Expression
   32           | Expression . MUL Expression
   33           | Expression . DIV Expression
   34           | Expression . REMAIN Expression
   34           | Expression REMAIN Expression .
   35           | Expression . EQL Expression
   36           | Expression . NEQ Expression
   37           | Expression . GTR Expression
   38           | Expression . LSS Expression

    ADD     shift, and go to state 59
    SUB     shift, and go to state 60
    MUL     shift, and go to state 61
    DIV     shift, and go to state 62
    REMAIN  shift, and go to state 63
    EQL     shift, and go to state 72
    NEQ     shift, and go to state 73
    LSS     shift, and go to state 74
    GTR     shift, and go to state 75

    ADD       [reduce using rule 34 (Expression)]
    SUB       [reduce using rule 34 (Expression)]
    MUL       [reduce using rule 34 (Expression)]
    DIV       [reduce using rule 34 (Expression)]
    REMAIN    [reduce using rule 34 (Expression)]
    EQL       [reduce using rule 34 (Expression)]
    NEQ       [reduce using rule 34 (Expression)]
    LSS       [reduce using rule 34 (Expression)]
    GTR       [reduce using rule 34 (Expression)]
    $default  reduce using rule 34 (Expression)


State 96

   23 AssignmentStmt: Expression ASSIGN Expression .
   30 Expression: Expression . ADD Expression
   31           | Expression . SUB Expression
   32           | Expression . MUL Expression
   33           | Expression . DIV Expression
   34           | Expression . REMAIN Expression
   35           | Expression . EQL Expression
   36           | Expression . NEQ Expression
   37           | Expression . GTR Expression
   38           | Expression . LSS Expression

    ADD     shift, and go to state 59
    SUB     shift, and go to state 60
    MUL     shift, and go to state 61
    DIV     shift, and go to state 62
    REMAIN  shift, and go to state 63
    EQL     shift, and go to state 72
    NEQ     shift, and go to state 73
    LSS     shift, and go to state 74
    GTR     shift, and go to state 75

    $default  reduce using rule 23 (AssignmentStmt)


State 97

   24 AssignmentStmt: Expression ADD_ASSIGN Expression .
   30 Expression: Expression . ADD Expression
   31           | Expression . SUB Expression
   32           | Expression . MUL Expression
   33           | Expression . DIV Expression
   34           | Expression . REMAIN Expression
   35           | Expression . EQL Expression
   36           | Expression . NEQ Expression
   37           | Expression . GTR Expression
   38           | Expression . LSS Expression

    ADD     shift, and go to state 59
    SUB     shift, and go to state 60
    MUL     shift, and go to state 61
    DIV     shift, and go to state 62
    REMAIN  shift, and go to state 63
    EQL     shift, and go to state 72
    NEQ     shift, and go to state 73
    LSS     shift, and go to state 74
    GTR     shift, and go to state 75

    $default  reduce using rule 24 (AssignmentStmt)


State 98

   25 AssignmentStmt: Expression SUB_ASSIGN Expression .
   30 Expression: Expression . ADD Expression
   31           | Expression . SUB Expression
   32           | Expression . MUL Expression
   33           | Expression . DIV Expression
   34           | Expression . REMAIN Expression
   35           | Expression . EQL Expression
   36           | Expression . NEQ Expression
   37           | Expression . GTR Expression
   38           | Expression . LSS Expression

    ADD     shift, and go to state 59
    SUB     shift, and go to state 60
    MUL     shift, and go to state 61
    DIV     shift, and go to state 62
    REMAIN  shift, and go to state 63
    EQL     shift, and go to state 72
    NEQ     shift, and go to state 73
    LSS     shift, and go to state 74
    GTR     shift, and go to state 75

    $default  reduce using rule 25 (AssignmentStmt)


State 99

   26 AssignmentStmt: Expression MUL_ASSIGN Expression .
   30 Expression: Expression . ADD Expression
   31           | Expression . SUB Expression
   32           | Expression . MUL Expression
   33           | Expression . DIV Expression
   34           | Expression . REMAIN Expression
   35           | Expression . EQL Expression
   36           | Expression . NEQ Expression
   37           | Expression . GTR Expression
   38           | Expression . LSS Expression

    ADD     shift, and go to state 59
    SUB     shift, and go to state 60
    MUL     shift, and go to state 61
    DIV     shift, and go to state 62
    REMAIN  shift, and go to state 63
    EQL     shift, and go to state 72
    NEQ     shift, and go to state 73
    LSS     shift, and go to state 74
    GTR     shift, and go to state 75

    $default  reduce using rule 26 (AssignmentStmt)


State 100

   27 AssignmentStmt: Expression QUO_ASSIGN Expression .
   30 Expression: Expression . ADD Expression
   31           | Expression . SUB Expression
   32           | Expression . MUL Expression
   33           | Expression . DIV Expression
   34           | Expression . REMAIN Expression
   35           | Expression . EQL Expression
   36           | Expression . NEQ Expression
   37           | Expression . GTR Expression
   38           | Expression . LSS Expression

    ADD     shift, and go to state 59
    SUB     shift, and go to state 60
    MUL     shift, and go to state 61
    DIV     shift, and go to state 62
    REMAIN  shift, and go to state 63
    EQL     shift, and go to state 72
    NEQ     shift, and go to state 73
    LSS     shift, and go to state 74
    GTR     shift, and go to state 75

    $default  reduce using rule 27 (AssignmentStmt)


State 101

   28 AssignmentStmt: Expression REM_ASSIGN Expression .
   30 Expression: Expression . ADD Expression
   31           | Expression . SUB Expression
   32           | Expression . MUL Expression
   33           | Expression . DIV Expression
   34           | Expression . REMAIN Expression
   35           | Expression . EQL Expression
   36           | Expression . NEQ Expression
   37           | Expression . GTR Expression
   38           | Expression . LSS Expression

    ADD     shift, and go to state 59
    SUB     shift, and go to state 60
    MUL     shift, and go to state 61
    DIV     shift, and go to state 62
    REMAIN  shift, and go to state 63
    EQL     shift, and go to state 72
    NEQ     shift, and go to state 73
    LSS     shift, and go to state 74
    GTR     shift, and go to state 75

    $default  reduce using rule 28 (AssignmentStmt)


State 102

   30 Expression: Expression . ADD Expression
   31           | Expression . SUB Expression
   32           | Expression . MUL Expression
   33           | Expression . DIV Expression
   34           | Expression . REMAIN Expression
   35           | Expression . EQL Expression
   35           | Expression EQL Expression .
   36           | Expression . NEQ Expression
   37           | Expression . GTR Expression
   38           | Expression . LSS Expression

    ADD     shift, and go to state 59
    SUB     shift, and go to state 60
    MUL     shift, and go to state 61
    DIV     shift, and go to state 62
    REMAIN  shift, and go to state 63
    EQL     shift, and go to state 72
    NEQ     shift, and go to state 73
    LSS     shift, and go to state 74
    GTR     shift, and go to state 75

    ADD       [reduce using rule 35 (Expression)]
    SUB       [reduce using rule 35 (Expression)]
    MUL       [reduce using rule 35 (Expression)]
    DIV       [reduce using rule 35 (Expression)]
    REMAIN    [reduce using rule 35 (Expression)]
    EQL       [reduce using rule 35 (Expression)]
    NEQ       [reduce using rule 35 (Expression)]
    LSS       [reduce using rule 35 (Expression)]
    GTR       [reduce using rule 35 (Expression)]
    $default  reduce using rule 35 (Expression)


State 103

   30 Expression: Expression . ADD Expression
   31           | Expression . SUB Expression
   32           | Expression . MUL Expression
   33           | Expression . DIV Expression
   34           | Expression . REMAIN Expression
   35           | Expression . EQL Expression
   36           | Expression . NEQ Expression
   36           | Expression NEQ Expression .
   37           | Expression . GTR Expression
   38           | Expression . LSS Expression

    ADD     shift, and go to state 59
    SUB     shift, and go to state 60
    MUL     shift, and go to state 61
    DIV     shift, and go to state 62
    REMAIN  shift, and go to state 63
    EQL     shift, and go to state 72
    NEQ     shift, and go to state 73
    LSS     shift, and go to state 74
    GTR     shift, and go to state 75

    ADD       [reduce using rule 36 (Expression)]
    SUB       [reduce using rule 36 (Expression)]
    MUL       [reduce using rule 36 (Expression)]
    DIV       [reduce using rule 36 (Expression)]
    REMAIN    [reduce using rule 36 (Expression)]
    EQL       [reduce using rule 36 (Expression)]
    NEQ       [reduce using rule 36 (Expression)]
    LSS       [reduce using rule 36 (Expression)]
    GTR       [reduce using rule 36 (Expression)]
    $default  reduce using rule 36 (Expression)


State 104

   30 Expression: Expression . ADD Expression
   31           | Expression . SUB Expression
   32           | Expression . MUL Expression
   33           | Expression . DIV Expression
   34           | Expression . REMAIN Expression
   35           | Expression . EQL Expression
   36           | Expression . NEQ Expression
   37           | Expression . GTR Expression
   38           | Expression . LSS Expression
   38           | Expression LSS Expression .

    ADD     shift, and go to state 59
    SUB     shift, and go to state 60
    MUL     shift, and go to state 61
    DIV     shift, and go to state 62
    REMAIN  shift, and go to state 63
    EQL     shift, and go to state 72
    NEQ     shift, and go to state 73
    LSS     shift, and go to state 74
    GTR     shift, and go to state 75

    ADD       [reduce using rule 38 (Expression)]
    SUB       [reduce using rule 38 (Expression)]
    MUL       [reduce using rule 38 (Expression)]
    DIV       [reduce using rule 38 (Expression)]
    REMAIN    [reduce using rule 38 (Expression)]
    EQL       [reduce using rule 38 (Expression)]
    NEQ       [reduce using rule 38 (Expression)]
    LSS       [reduce using rule 38 (Expression)]
    GTR       [reduce using rule 38 (Expression)]
    $default  reduce using rule 38 (Expression)


State 105

   30 Expression: Expression . ADD Expression
   31           | Expression . SUB Expression
   32           | Expression . MUL Expression
   33           | Expression . DIV Expression
   34           | Expression . REMAIN Expression
   35           | Expression . EQL Expression
   36           | Expression . NEQ Expression
   37           | Expression . GTR Expression
   37           | Expression GTR Expression .
   38           | Expression . LSS Expression

    ADD     shift, and go to state 59
    SUB     shift, and go to state 60
    MUL     shift, and go to state 61
    DIV     shift, and go to state 62
    REMAIN  shift, and go to state 63
    EQL     shift, and go to state 72
    NEQ     shift, and go to state 73
    LSS     shift, and go to state 74
    GTR     shift, and go to state 75

    ADD       [reduce using rule 37 (Expression)]
    SUB       [reduce using rule 37 (Expression)]
    MUL       [reduce using rule 37 (Expression)]
    DIV       [reduce using rule 37 (Expression)]
    REMAIN    [reduce using rule 37 (Expression)]
    EQL       [reduce using rule 37 (Expression)]
    NEQ       [reduce using rule 37 (Expression)]
    LSS       [reduce using rule 37 (Expression)]
    GTR       [reduce using rule 37 (Expression)]
    $default  reduce using rule 37 (Expression)


State 106

   30 Expression: Expression . ADD Expression
   31           | Expression . SUB Expression
   32           | Expression . MUL Expression
   33           | Expression . DIV Expression
   34           | Expression . REMAIN Expression
   35           | Expression . EQL Expression
   36           | Expression . NEQ Expression
   37           | Expression . GTR Expression
   38           | Expression . LSS Expression
   46 IndexExpr: PrimaryExpr LBRACK Expression . RBRACK

    RBRACK  shift, and go to state 116
    ADD     shift, and go to state 59
    SUB     shift, and go to state 60
    MUL     shift, and go to state 61
    DIV     shift, and go to state 62
    REMAIN  shift, and go to state 63
    EQL     shift, and go to state 72
    NEQ     shift, and go to state 73
    LSS     shift, and go to state 74
    GTR     shift, and go to state 75


State 107

   30 Expression: Expression . ADD Expression
   31           | Expression . SUB Expression
   32           | Expression . MUL Expression
   33           | Expression . DIV Expression
   34           | Expression . REMAIN Expression
   35           | Expression . EQL Expression
   36           | Expression . NEQ Expression
   37           | Expression . GTR Expression
   38           | Expression . LSS Expression
   53 ConversionExpr: Type LPAREN Expression . RPAREN

    RPAREN  shift, and go to state 117
    ADD     shift, and go to state 59
    SUB     shift, and go to state 60
    MUL     shift, and go to state 61
    DIV     shift, and go to state 62
    REMAIN  shift, and go to state 63
    EQL     shift, and go to state 72
    NEQ     shift, and go to state 73
    LSS     shift, and go to state 74
    GTR     shift, and go to state 75


State 108

   11 DeclarationStmt: VAR IDENT Type ASSIGN . Expression

    INT         shift, and go to state 2
    FLOAT       shift, and go to state 3
    BOOL        shift, and go to state 4
    STRING      shift, and go to state 5
    NOT         shift, and go to state 6
    LBRACK      shift, and go to state 7
    ADD         shift, and go to state 9
    SUB         shift, and go to state 10
    INT_LIT     shift, and go to state 16
    FLOAT_LIT   shift, and go to state 17
    STRING_LIT  shift, and go to state 18
    IDENT       shift, and go to state 19
    BOOL_LIT    shift, and go to state 20

    Expression      go to state 118
    UnaryExpr       go to state 29
    PrimaryExpr     go to state 30
    IndexExpr       go to state 31
    Operand         go to state 32
    Literal         go to state 33
    ConversionExpr  go to state 34
    Type            go to state 39
    TypeName        go to state 40
    ArrayType       go to state 41


State 109

   70 ArrayType: LBRACK Expression RBRACK Type .

    $default  reduce using rule 70 (ArrayType)


State 110

   15 BLOCK: LBRACE $@1 StatementList $@2 . RBRACE

    RBRACE  shift, and go to state 119


State 111

   60 PrintStmt: PRINT LPAREN Expression RPAREN .

    $default  reduce using rule 60 (PrintStmt)


State 112

   61 PrintStmt: PRINTLN LPAREN Expression RPAREN .

    $default  reduce using rule 61 (PrintStmt)


State 113

   55 IfStmt: IF Expression BLOCK ELSE . BLOCK
   56       | IF Expression BLOCK ELSE . IfStmt

    LBRACE  shift, and go to state 8
    IF      shift, and go to state 14

    BLOCK   go to state 120
    IfStmt  go to state 121


State 114

   30 Expression: Expression . ADD Expression
   31           | Expression . SUB Expression
   32           | Expression . MUL Expression
   33           | Expression . DIV Expression
   34           | Expression . REMAIN Expression
   35           | Expression . EQL Expression
   36           | Expression . NEQ Expression
   37           | Expression . GTR Expression
   38           | Expression . LSS Expression
   59 Forclause: SimpleStmt SEMICOLON Expression . SEMICOLON SimpleStmt

    ADD        shift, and go to state 59
    SUB        shift, and go to state 60
    MUL        shift, and go to state 61
    DIV        shift, and go to state 62
    REMAIN     shift, and go to state 63
    EQL        shift, and go to state 72
    NEQ        shift, and go to state 73
    LSS        shift, and go to state 74
    GTR        shift, and go to state 75
    SEMICOLON  shift, and go to state 122


State 115

   18 FBLOCK: LBRACE $@3 . StatementList $@4 RBRACE

    VAR         shift, and go to state 1
    INT         shift, and go to state 2
    FLOAT       shift, and go to state 3
    BOOL        shift, and go to state 4
    STRING      shift, and go to state 5
    NOT         shift, and go to state 6
    LBRACK      shift, and go to state 7
    LBRACE      shift, and go to state 8
    ADD         shift, and go to state 9
    SUB         shift, and go to state 10
    PRINT       shift, and go to state 11
    PRINTLN     shift, and go to state 12
    NEWLINE     shift, and go to state 13
    IF          shift, and go to state 14
    FOR         shift, and go to state 15
    INT_LIT     shift, and go to state 16
    FLOAT_LIT   shift, and go to state 17
    STRING_LIT  shift, and go to state 18
    IDENT       shift, and go to state 19
    BOOL_LIT    shift, and go to state 20

    StatementList    go to state 123
    Statement        go to state 23
    DeclarationStmt  go to state 24
    BLOCK            go to state 25
    SimpleStmt       go to state 26
    AssignmentStmt   go to state 27
    Expression       go to state 28
    UnaryExpr        go to state 29
    PrimaryExpr      go to state 30
    IndexExpr        go to state 31
    Operand          go to state 32
    Literal          go to state 33
    ConversionExpr   go to state 34
    IfStmt           go to state 35
    Forstmt          go to state 36
    PrintStmt        go to state 37
    IncDecStmt       go to state 38
    Type             go to state 39
    TypeName         go to state 40
    ArrayType        go to state 41


State 116

   46 IndexExpr: PrimaryExpr LBRACK Expression RBRACK .

    $default  reduce using rule 46 (IndexExpr)


State 117

   53 ConversionExpr: Type LPAREN Expression RPAREN .

    $default  reduce using rule 53 (ConversionExpr)


State 118

   11 DeclarationStmt: VAR IDENT Type ASSIGN Expression .
   30 Expression: Expression . ADD Expression
   31           | Expression . SUB Expression
   32           | Expression . MUL Expression
   33           | Expression . DIV Expression
   34           | Expression . REMAIN Expression
   35           | Expression . EQL Expression
   36           | Expression . NEQ Expression
   37           | Expression . GTR Expression
   38           | Expression . LSS Expression

    ADD     shift, and go to state 59
    SUB     shift, and go to state 60
    MUL     shift, and go to state 61
    DIV     shift, and go to state 62
    REMAIN  shift, and go to state 63
    EQL     shift, and go to state 72
    NEQ     shift, and go to state 73
    LSS     shift, and go to state 74
    GTR     shift, and go to state 75

    $default  reduce using rule 11 (DeclarationStmt)


State 119

   15 BLOCK: LBRACE $@1 StatementList $@2 RBRACE .

    $default  reduce using rule 15 (BLOCK)


State 120

   55 IfStmt: IF Expression BLOCK ELSE BLOCK .

    $default  reduce using rule 55 (IfStmt)


State 121

   56 IfStmt: IF Expression BLOCK ELSE IfStmt .

    $default  reduce using rule 56 (IfStmt)


State 122

   59 Forclause: SimpleStmt SEMICOLON Expression SEMICOLON . SimpleStmt

    INT         shift, and go to state 2
    FLOAT       shift, and go to state 3
    BOOL        shift, and go to state 4
    STRING      shift, and go to state 5
    NOT         shift, and go to state 6
    LBRACK      shift, and go to state 7
    ADD         shift, and go to state 9
    SUB         shift, and go to state 10
    INT_LIT     shift, and go to state 16
    FLOAT_LIT   shift, and go to state 17
    STRING_LIT  shift, and go to state 18
    IDENT       shift, and go to state 19
    BOOL_LIT    shift, and go to state 20

    SimpleStmt      go to state 124
    AssignmentStmt  go to state 27
    Expression      go to state 28
    UnaryExpr       go to state 29
    PrimaryExpr     go to state 30
    IndexExpr       go to state 31
    Operand         go to state 32
    Literal         go to state 33
    ConversionExpr  go to state 34
    IncDecStmt      go to state 38
    Type            go to state 39
    TypeName        go to state 40
    ArrayType       go to state 41


State 123

    2 StatementList: StatementList . Statement
   18 FBLOCK: LBRACE $@3 StatementList . $@4 RBRACE

    VAR         shift, and go to state 1
    INT         shift, and go to state 2
    FLOAT       shift, and go to state 3
    BOOL        shift, and go to state 4
    STRING      shift, and go to state 5
    NOT         shift, and go to state 6
    LBRACK      shift, and go to state 7
    LBRACE      shift, and go to state 8
    ADD         shift, and go to state 9
    SUB         shift, and go to state 10
    PRINT       shift, and go to state 11
    PRINTLN     shift, and go to state 12
    NEWLINE     shift, and go to state 13
    IF          shift, and go to state 14
    FOR         shift, and go to state 15
    INT_LIT     shift, and go to state 16
    FLOAT_LIT   shift, and go to state 17
    STRING_LIT  shift, and go to state 18
    IDENT       shift, and go to state 19
    BOOL_LIT    shift, and go to state 20

    $default  reduce using rule 17 ($@4)

    Statement        go to state 55
    DeclarationStmt  go to state 24
    BLOCK            go to state 25
    $@4              go to state 125
    SimpleStmt       go to state 26
    AssignmentStmt   go to state 27
    Expression       go to state 28
    UnaryExpr        go to state 29
    PrimaryExpr      go to state 30
    IndexExpr        go to state 31
    Operand          go to state 32
    Literal          go to state 33
    ConversionExpr   go to state 34
    IfStmt           go to state 35
    Forstmt          go to state 36
    PrintStmt        go to state 37
    IncDecStmt       go to state 38
    Type             go to state 39
    TypeName         go to state 40
    ArrayType        go to state 41


State 124

   59 Forclause: SimpleStmt SEMICOLON Expression SEMICOLON SimpleStmt .

    $default  reduce using rule 59 (Forclause)


State 125

   18 FBLOCK: LBRACE $@3 StatementList $@4 . RBRACE

    RBRACE  shift, and go to state 126


State 126

   18 FBLOCK: LBRACE $@3 StatementList $@4 RBRACE .

    $default  reduce using rule 18 (FBLOCK)
