#
# A fatal error has been detected by the Java Runtime Environment:
#
#  SIGSEGV (0xb) at pc=0x00007fb2dc638c7d, pid=14489, tid=14490
#
# JRE version: OpenJDK Runtime Environment (11.0.7+10) (build 11.0.7+10-post-Ubuntu-2ubuntu218.04)
# Java VM: OpenJDK 64-Bit Server VM (11.0.7+10-post-Ubuntu-2ubuntu218.04, mixed mode, sharing, tiered, compressed oops, serial gc, linux-amd64)
# Problematic frame:
# V  [libjvm.so+0x847c7d]
#
# Core dump will be written. Default location: Core dumps may be processed with "/usr/share/apport/apport %p %s %c %d %P %E" (or dumping to /home/C24061096/Compiler_StudentID_HW3/core.14489)
#
# If you would like to submit a bug report, please visit:
#   https://bugs.launchpad.net/ubuntu/+source/openjdk-lts
#

---------------  S U M M A R Y ------------

Command Line: -Xverify:none Main

Host: AMD A9-9410 RADEON R5, 5 COMPUTE CORES 2C+3G, 1 cores, 4G, Ubuntu 18.04.4 LTS
Time: Fri May 29 01:29:56 2020 CST elapsed time: 0 seconds (0d 0h 0m 0s)

---------------  T H R E A D  ---------------

Current thread (0x00007fb2d4015800):  JavaThread "main" [_thread_in_vm, id=14490, stack(0x00007fb2ddf9f000,0x00007fb2de0a0000)]

Stack: [0x00007fb2ddf9f000,0x00007fb2de0a0000],  sp=0x00007fb2bc925099,  free space=18014398508934680k
Native frames: (J=compiled Java code, A=aot compiled Java code, j=interpreted, Vv=VM code, C=native code)
V  [libjvm.so+0x847c7d]

Java frames: (J=compiled Java code, j=interpreted, Vv=VM code)
j  Main.main([Ljava/lang/String;)V+189
v  ~StubRoutines::call_stub

siginfo: si_signo: 11 (SIGSEGV), si_code: 128 (SI_KERNEL), si_addr: 0x0000000000000000

Register to memory mapping:

RAX=
[error occurred during error reporting (printing register info), id 0xb, SIGSEGV (0xb) at pc=0x00007fb2dcb492c0]

Registers:
RAX=0x00007fb2bc925139, RBX=0x00007fb2d4015800, RCX=0x0000000000000007, RDX=0x0000000000000000
RSP=0x00007fb2bc925099, RBP=0x00007fb2bc925229, RSI=0x00007fb2bc916047, RDI=0x00007fb2bc911490
R8 =0x00007fb2bc909000, R9 =0x0000000000000000, R10=0x0000000000000000, R11=0x00007fb2dcc99f54
R12=0x00000000bd4fc4d0, R13=0x00007fb2d98a72f5, R14=0x00007fb2de09e9f8, R15=0x00007fb2d4015800
RIP=0x00007fb2dc638c7d, EFLAGS=0x0000000000010246, CSGSFS=0x002b000000000033, ERR=0x0000000000000000
  TRAPNO=0x000000000000000d

Top of Stack: (sp=0x00007fb2bc925099)
0x00007fb2bc925098:   0000032097894d00 007fb2d4015b2049
0x00007fb2bc9250a8:   00033097894d0000 0000000000ba4900
0x00007fb2bc9250b8:   032897894d000000 7f814977f8c50000
0x00007fb2bc9250c8:   05840f0000000008 fffe46a8e9000000
0x00007fb2bc9250d8:   c8758b4cc06d8b4c 

Instructions: (pc=0x00007fb2dc638c7d)
0x00007fb2dc638b7d:   89 ff 48 8b 88 68 03 00 00 e8 35 31 ec ff 4c 89
0x00007fb2dc638b8d:   ef e8 5d 84 39 00 49 83 3e 00 4c 8b 95 58 ff ff
0x00007fb2dc638b9d:   ff 74 1e 48 8b b5 50 ff ff ff 4c 89 d7 e8 c1 b5
0x00007fb2dc638bad:   b8 ff 4c 89 f7 e8 09 a6 b8 ff 4c 8b 95 58 ff ff
0x00007fb2dc638bbd:   ff 48 8b 85 68 ff ff ff 4d 89 72 10 49 89 42 18
0x00007fb2dc638bcd:   48 8b 85 60 ff ff ff 49 89 42 20 e9 61 fd ff ff
0x00007fb2dc638bdd:   0f 1f 00 4c 89 ff e8 98 df 44 00 e9 a4 fe ff ff
0x00007fb2dc638bed:   90 66 90 55 48 8d 87 20 03 00 00 48 89 e5 41 57
0x00007fb2dc638bfd:   41 56 41 55 41 54 49 89 f4 53 48 89 fe 48 89 fb
0x00007fb2dc638c0d:   48 81 ec 68 01 00 00 c7 87 b8 03 00 00 06 00 00
0x00007fb2dc638c1d:   00 48 89 c7 48 89 85 78 fe ff ff 48 c7 85 e8 fe
0x00007fb2dc638c2d:   ff ff 00 00 00 00 48 c7 85 e0 fe ff ff 00 00 00
0x00007fb2dc638c3d:   00 48 c7 85 08 ff ff ff 00 00 00 00 48 c7 85 00
0x00007fb2dc638c4d:   ff ff ff 00 00 00 00 48 c7 85 f0 fe ff ff 00 00
0x00007fb2dc638c5d:   00 00 c7 85 f8 fe ff ff 02 00 00 00 e8 62 fb ec
0x00007fb2dc638c6d:   ff 48 8d bd 10 ff ff ff 48 89 de e8 63 f0 54 00
0x00007fb2dc638c7d:   66 0f 6f 85 10 ff ff ff 48 8d bd b0 fe ff ff 4c
0x00007fb2dc638c8d:   89 e2 48 89 de 0f 29 85 e0 fe ff ff 66 0f 6f 85
0x00007fb2dc638c9d:   20 ff ff ff 0f 29 85 f0 fe ff ff 66 0f 6f 85 30
0x00007fb2dc638cad:   ff ff ff 0f 29 85 00 ff ff ff e8 94 63 b8 ff 48
0x00007fb2dc638cbd:   8d 85 e0 fe ff ff 48 89 c7 48 89 85 a0 fe ff ff
0x00007fb2dc638ccd:   e8 1e c2 ec ff 48 89 85 a8 fe ff ff 48 85 c0 49
0x00007fb2dc638cdd:   89 c5 f3 0f 7e 85 a8 fe ff ff 48 89 9d a8 fe ff
0x00007fb2dc638ced:   ff 0f 16 85 a8 fe ff ff 0f 29 85 c0 fe ff ff 74
0x00007fb2dc638cfd:   29 4c 8b b3 80 02 00 00 49 63 16 41 3b 56 04 0f
0x00007fb2dc638d0d:   84 de 06 00 00 49 8b 46 18 8d 4a 01 41 89 0e 4c
0x00007fb2dc638d1d:   89 2c d0 4c 8b ad c0 fe ff ff 49 8b 45 08 4c 8b
0x00007fb2dc638d2d:   70 08 48 89 9d d8 fe ff ff 4d 85 f6 4c 89 b5 d0
0x00007fb2dc638d3d:   fe ff ff 74 24 4c 8b ab 80 02 00 00 49 63 55 00
0x00007fb2dc638d4d:   41 3b 55 04 0f 84 39 07 00 00 49 8b 45 18 8d 4a
0x00007fb2dc638d5d:   01 41 89 4d 00 4c 89 34 d0 48 8b bd a0 fe ff ff
0x00007fb2dc638d6d:   e8 ae c1 ec ff 41 89 c5 8b 83 50 04 00 00 85 c0 




---------------  P R O C E S S  ---------------

Threads class SMR info:
_java_thread_list=0x00007fb2d40ade40, length=9, elements={
0x00007fb2d4015800, 0x00007fb2d4051000, 0x00007fb2d4053000, 0x00007fb2d405a000,
0x00007fb2d405c000, 0x00007fb2d405e800, 0x00007fb2d4060800, 0x00007fb2d40a3800,
0x00007fb2d40ac800
}

Java Threads: ( => current thread )
=>0x00007fb2d4015800 JavaThread "main" [_thread_in_vm, id=14490, stack(0x00007fb2ddf9f000,0x00007fb2de0a0000)]
  0x00007fb2d4051000 JavaThread "Reference Handler" daemon [_thread_blocked, id=14492, stack(0x00007fb2d9223000,0x00007fb2d9324000)]
  0x00007fb2d4053000 JavaThread "Finalizer" daemon [_thread_blocked, id=14493, stack(0x00007fb2d9122000,0x00007fb2d9223000)]
  0x00007fb2d405a000 JavaThread "Signal Dispatcher" daemon [_thread_blocked, id=14494, stack(0x00007fb2d8608000,0x00007fb2d8709000)]
  0x00007fb2d405c000 JavaThread "C2 CompilerThread0" daemon [_thread_blocked, id=14495, stack(0x00007fb2d8507000,0x00007fb2d8608000)]
  0x00007fb2d405e800 JavaThread "C1 CompilerThread0" daemon [_thread_blocked, id=14496, stack(0x00007fb2d8406000,0x00007fb2d8507000)]
  0x00007fb2d4060800 JavaThread "Sweeper thread" daemon [_thread_blocked, id=14497, stack(0x00007fb2d8305000,0x00007fb2d8406000)]
  0x00007fb2d40a3800 JavaThread "Service Thread" daemon [_thread_blocked, id=14498, stack(0x00007fb2d8204000,0x00007fb2d8305000)]
  0x00007fb2d40ac800 JavaThread "Common-Cleaner" daemon [_thread_blocked, id=14500, stack(0x00007fb2d8001000,0x00007fb2d8102000)]

Other Threads:
  0x00007fb2d404e000 VMThread "VM Thread" [stack: 0x00007fb2d9326000,0x00007fb2d9426000] [id=14491]
  0x00007fb2d40a5800 WatcherThread [stack: 0x00007fb2d8104000,0x00007fb2d8204000] [id=14499]

Threads with active compile tasks:

VM state:not at safepoint (normal execution)

VM Mutex/Monitor currently owned by a thread: None

Heap address: 0x00000000bd400000, size: 1068 MB, Compressed Oops mode: 32-bit
Narrow klass base: 0x0000000800000000, Narrow klass shift: 3
Compressed class space size: 1073741824 Address: 0x0000000840000000

Heap:
 def new generation   total 20864K, used 1485K [0x00000000bd400000, 0x00000000beaa0000, 0x00000000d3800000)
  eden space 18560K,   8% used [0x00000000bd400000, 0x00000000bd573428, 0x00000000be620000)
  from space 2304K,   0% used [0x00000000be620000, 0x00000000be620000, 0x00000000be860000)
  to   space 2304K,   0% used [0x00000000be860000, 0x00000000be860000, 0x00000000beaa0000)
 tenured generation   total 46464K, used 0K [0x00000000d3800000, 0x00000000d6560000, 0x0000000100000000)
   the space 46464K,   0% used [0x00000000d3800000, 0x00000000d3800000, 0x00000000d3800200, 0x00000000d6560000)
 Metaspace       used 235K, capacity 4486K, committed 4864K, reserved 1056768K
  class space    used 10K, capacity 386K, committed 512K, reserved 1048576K

Card table byte_map: [0x00007fb2d9e0c000,0x00007fb2da023000] _byte_map_base: 0x00007fb2d9822000

Polling page: 0x00007fb2ddf9d000

Metaspace:

Usage:
  Non-class:      4.00 MB capacity,   225.00 KB (  5%) used,     3.78 MB ( 95%) free+waste,   128 bytes ( <1%) overhead. 
      Class:    386.00 KB capacity,    10.84 KB (  3%) used,   375.04 KB ( 97%) free+waste,   128 bytes ( <1%) overhead. 
       Both:      4.38 MB capacity,   235.84 KB (  5%) used,     4.15 MB ( 95%) free+waste,   256 bytes ( <1%) overhead. 

Virtual space:
  Non-class space:        8.00 MB reserved,       4.25 MB ( 53%) committed 
      Class space:        1.00 GB reserved,     512.00 KB ( <1%) committed 
             Both:        1.01 GB reserved,       4.75 MB ( <1%) committed 

Chunk freelists:
   Non-Class:  0 bytes
       Class:  0 bytes
        Both:  0 bytes

MaxMetaspaceSize: unlimited
CompressedClassSpaceSize: 1.00 GB

CodeHeap 'non-profiled nmethods': size=120036Kb used=20Kb max_used=20Kb free=120015Kb
 bounds [0x00007fb2c43d0000, 0x00007fb2c4640000, 0x00007fb2cb909000]
CodeHeap 'profiled nmethods': size=120032Kb used=104Kb max_used=104Kb free=119927Kb
 bounds [0x00007fb2bce98000, 0x00007fb2bd108000, 0x00007fb2c43d0000]
CodeHeap 'non-nmethods': size=5692Kb used=993Kb max_used=994Kb free=4698Kb
 bounds [0x00007fb2bc909000, 0x00007fb2bcb79000, 0x00007fb2bce98000]
 total_blobs=386 nmethods=80 adapters=168
 compilation: enabled
              stopped_count=0, restarted_count=0
 full_count=0

Compilation events (20 events):
Event: 0.267 Thread 0x00007fb2d405e800 nmethod 70 0x00007fb2bceaeb90 code [0x00007fb2bceaed60, 0x00007fb2bceaef88]
Event: 0.267 Thread 0x00007fb2d405e800   71       3       java.util.ImmutableCollections$SetN$SetNIterator::<init> (40 bytes)
Event: 0.268 Thread 0x00007fb2d405e800 nmethod 71 0x00007fb2bceaf090 code [0x00007fb2bceaf260, 0x00007fb2bceaf630]
Event: 0.268 Thread 0x00007fb2d405c000 nmethod 67 0x00007fb2c43d4a90 code [0x00007fb2c43d4c20, 0x00007fb2c43d4c98]
Event: 0.279 Thread 0x00007fb2d405e800   72       3       java.lang.String::hashCode (49 bytes)
Event: 0.280 Thread 0x00007fb2d405e800 nmethod 72 0x00007fb2bceaf790 code [0x00007fb2bceaf980, 0x00007fb2bceafcf8]
Event: 0.288 Thread 0x00007fb2d405e800   73       3       java.lang.StringLatin1::canEncode (13 bytes)
Event: 0.288 Thread 0x00007fb2d405e800 nmethod 73 0x00007fb2bceafe10 code [0x00007fb2bceaffc0, 0x00007fb2bceb0150]
Event: 0.290 Thread 0x00007fb2d405e800   74       3       java.lang.CharacterDataLatin1::getProperties (11 bytes)
Event: 0.290 Thread 0x00007fb2d405e800 nmethod 74 0x00007fb2bceb0210 code [0x00007fb2bceb03c0, 0x00007fb2bceb0570]
Event: 0.303 Thread 0x00007fb2d405e800   75       3       jdk.internal.math.FDBigInteger::mult (64 bytes)
Event: 0.305 Thread 0x00007fb2d405e800 nmethod 75 0x00007fb2bceb0690 code [0x00007fb2bceb0860, 0x00007fb2bceb0b10]
Event: 0.306 Thread 0x00007fb2d405e800   76       3       jdk.internal.math.FDBigInteger::<init> (30 bytes)
Event: 0.306 Thread 0x00007fb2d405e800 nmethod 76 0x00007fb2bceb0d10 code [0x00007fb2bceb0ee0, 0x00007fb2bceb1108]
Event: 0.306 Thread 0x00007fb2d405e800   77       3       jdk.internal.math.FDBigInteger::trimLeadingZeros (57 bytes)
Event: 0.306 Thread 0x00007fb2d405e800 nmethod 77 0x00007fb2bceb1210 code [0x00007fb2bceb13e0, 0x00007fb2bceb1750]
Event: 0.311 Thread 0x00007fb2d405e800   78       3       jdk.internal.math.FDBigInteger::makeImmutable (6 bytes)
Event: 0.312 Thread 0x00007fb2d405e800 nmethod 78 0x00007fb2bceb1890 code [0x00007fb2bceb1a40, 0x00007fb2bceb1bb0]
Event: 0.312 Thread 0x00007fb2d405e800   79       3       jdk.internal.math.FDBigInteger::mult (44 bytes)
Event: 0.312 Thread 0x00007fb2d405e800 nmethod 79 0x00007fb2bceb1c10 code [0x00007fb2bceb1de0, 0x00007fb2bceb2178]

GC Heap History (0 events):
No events

Deoptimization events (4 events):
Event: 0.279 Thread 0x00007fb2d4015800 Uncommon trap: trap_request=0xffffff4d fr.pc=0x00007fb2c43d3efc relative=0x000000000000015c
Event: 0.279 Thread 0x00007fb2d4015800 Uncommon trap: reason=unstable_if action=reinterpret pc=0x00007fb2c43d3efc method=java.lang.String.hashCode()I @ 14 c2
Event: 0.279 Thread 0x00007fb2d4015800 DEOPT PACKING pc=0x00007fb2c43d3efc sp=0x00007fb2de09d1b0
Event: 0.279 Thread 0x00007fb2d4015800 DEOPT UNPACKING pc=0x00007fb2bc930e25 sp=0x00007fb2de09d168 mode 2

Classes redefined (0 events):
No events

Internal exceptions (1 events):
Event: 0.315 Thread 0x00007fb2d4015800 Exception <a 'java/lang/IllegalMonitorStateException'{0x00000000bd4fc4d0}> (0x00000000bd4fc4d0) thrown at [./src/hotspot/share/interpreter/interpreterRuntime.cpp, line 810]

Events (20 events):
Event: 0.290 Thread 0x00007fb2d40ac800 Thread added: 0x00007fb2d40ac800
Event: 0.292 Protecting memory [0x00007fb2d8001000,0x00007fb2d8005000] with protection modes 0
Event: 0.292 Executing VM operation: RevokeBias
Event: 0.292 Executing VM operation: RevokeBias done
Event: 0.300 loading class jdk/internal/math/FloatingDecimal
Event: 0.300 loading class jdk/internal/math/FloatingDecimal done
Event: 0.300 loading class jdk/internal/math/FloatingDecimal$ExceptionalBinaryToASCIIBuffer
Event: 0.301 loading class jdk/internal/math/FloatingDecimal$BinaryToASCIIConverter
Event: 0.301 loading class jdk/internal/math/FloatingDecimal$BinaryToASCIIConverter done
Event: 0.301 loading class jdk/internal/math/FloatingDecimal$ExceptionalBinaryToASCIIBuffer done
Event: 0.301 loading class jdk/internal/math/FloatingDecimal$BinaryToASCIIBuffer
Event: 0.301 loading class jdk/internal/math/FloatingDecimal$BinaryToASCIIBuffer done
Event: 0.301 loading class jdk/internal/math/FloatingDecimal$1
Event: 0.301 loading class jdk/internal/math/FloatingDecimal$1 done
Event: 0.301 loading class jdk/internal/math/FloatingDecimal$PreparedASCIIToBinaryBuffer
Event: 0.301 loading class jdk/internal/math/FloatingDecimal$ASCIIToBinaryConverter
Event: 0.301 loading class jdk/internal/math/FloatingDecimal$ASCIIToBinaryConverter done
Event: 0.301 loading class jdk/internal/math/FloatingDecimal$PreparedASCIIToBinaryBuffer done
Event: 0.301 loading class jdk/internal/math/FDBigInteger
Event: 0.302 loading class jdk/internal/math/FDBigInteger done


Dynamic libraries:
bd400000-beaa0000 rw-p 00000000 00:00 0 
beaa0000-d3800000 ---p 00000000 00:00 0 
d3800000-d6560000 rw-p 00000000 00:00 0 
d6560000-100000000 ---p 00000000 00:00 0 
800000000-800002000 rwxp 00001000 08:01 269320                           /usr/lib/jvm/java-11-openjdk-amd64/lib/server/classes.jsa
800002000-8003b8000 rw-p 00003000 08:01 269320                           /usr/lib/jvm/java-11-openjdk-amd64/lib/server/classes.jsa
8003b8000-800a7f000 r--p 003b9000 08:01 269320                           /usr/lib/jvm/java-11-openjdk-amd64/lib/server/classes.jsa
800a7f000-800a80000 rw-p 00a80000 08:01 269320                           /usr/lib/jvm/java-11-openjdk-amd64/lib/server/classes.jsa
800a80000-80108c000 r--p 00a81000 08:01 269320                           /usr/lib/jvm/java-11-openjdk-amd64/lib/server/classes.jsa
840000000-840080000 rw-p 00000000 00:00 0 
840080000-880000000 ---p 00000000 00:00 0 
55e841865000-55e841866000 r-xp 00000000 08:01 268029                     /usr/lib/jvm/java-11-openjdk-amd64/bin/java
55e841a66000-55e841a67000 r--p 00001000 08:01 268029                     /usr/lib/jvm/java-11-openjdk-amd64/bin/java
55e841a67000-55e841a68000 rw-p 00002000 08:01 268029                     /usr/lib/jvm/java-11-openjdk-amd64/bin/java
55e8437e7000-55e843808000 rw-p 00000000 00:00 0                          [heap]
7fb2a0000000-7fb2a007f000 rw-p 00000000 00:00 0 
7fb2a007f000-7fb2a4000000 ---p 00000000 00:00 0 
7fb2a4000000-7fb2a4021000 rw-p 00000000 00:00 0 
7fb2a4021000-7fb2a8000000 ---p 00000000 00:00 0 
7fb2a8000000-7fb2a8021000 rw-p 00000000 00:00 0 
7fb2a8021000-7fb2ac000000 ---p 00000000 00:00 0 
7fb2ac000000-7fb2ac067000 rw-p 00000000 00:00 0 
7fb2ac067000-7fb2b0000000 ---p 00000000 00:00 0 
7fb2b0000000-7fb2b0021000 rw-p 00000000 00:00 0 
7fb2b0021000-7fb2b4000000 ---p 00000000 00:00 0 
7fb2b4000000-7fb2b4021000 rw-p 00000000 00:00 0 
7fb2b4021000-7fb2b8000000 ---p 00000000 00:00 0 
7fb2b8000000-7fb2b8021000 rw-p 00000000 00:00 0 
7fb2b8021000-7fb2bc000000 ---p 00000000 00:00 0 
7fb2bc909000-7fb2bcb79000 rwxp 00000000 00:00 0 
7fb2bcb79000-7fb2bce98000 ---p 00000000 00:00 0 
7fb2bce98000-7fb2bd108000 rwxp 00000000 00:00 0 
7fb2bd108000-7fb2c43d0000 ---p 00000000 00:00 0 
7fb2c43d0000-7fb2c4640000 rwxp 00000000 00:00 0 
7fb2c4640000-7fb2cb909000 ---p 00000000 00:00 0 
7fb2cb909000-7fb2d3ffc000 r--s 00000000 08:01 269009                     /usr/lib/jvm/java-11-openjdk-amd64/lib/modules
7fb2d4000000-7fb2d40b9000 rw-p 00000000 00:00 0 
7fb2d40b9000-7fb2d8000000 ---p 00000000 00:00 0 
7fb2d8001000-7fb2d8005000 ---p 00000000 00:00 0 
7fb2d8005000-7fb2d8102000 rw-p 00000000 00:00 0 
7fb2d8102000-7fb2d8103000 ---p 00000000 00:00 0 
7fb2d8103000-7fb2d8204000 rw-p 00000000 00:00 0 
7fb2d8204000-7fb2d8208000 ---p 00000000 00:00 0 
7fb2d8208000-7fb2d8305000 rw-p 00000000 00:00 0 
7fb2d8305000-7fb2d8309000 ---p 00000000 00:00 0 
7fb2d8309000-7fb2d8406000 rw-p 00000000 00:00 0 
7fb2d8406000-7fb2d840a000 ---p 00000000 00:00 0 
7fb2d840a000-7fb2d8507000 rw-p 00000000 00:00 0 
7fb2d8507000-7fb2d850b000 ---p 00000000 00:00 0 
7fb2d850b000-7fb2d8608000 rw-p 00000000 00:00 0 
7fb2d8608000-7fb2d860c000 ---p 00000000 00:00 0 
7fb2d860c000-7fb2d8709000 rw-p 00000000 00:00 0 
7fb2d8709000-7fb2d9120000 r--p 00000000 08:01 269088                     /usr/lib/locale/locale-archive
7fb2d9122000-7fb2d9126000 ---p 00000000 00:00 0 
7fb2d9126000-7fb2d9223000 rw-p 00000000 00:00 0 
7fb2d9223000-7fb2d9227000 ---p 00000000 00:00 0 
7fb2d9227000-7fb2d9324000 rw-p 00000000 00:00 0 
7fb2d9324000-7fb2d9325000 ---p 00000000 00:00 0 
7fb2d9325000-7fb2d98e7000 rw-p 00000000 00:00 0 
7fb2d98e7000-7fb2d9ca7000 ---p 00000000 00:00 0 
7fb2d9ca7000-7fb2d9cbe000 rw-p 00000000 00:00 0 
7fb2d9cbe000-7fb2d9e0c000 ---p 00000000 00:00 0 
7fb2d9e0c000-7fb2d9e18000 rw-p 00000000 00:00 0 
7fb2d9e18000-7fb2d9ebe000 ---p 00000000 00:00 0 
7fb2d9ebe000-7fb2d9ed5000 rw-p 00000000 00:00 0 
7fb2d9ed5000-7fb2da022000 ---p 00000000 00:00 0 
7fb2da022000-7fb2da028000 rw-p 00000000 00:00 0 
7fb2da028000-7fb2da10e000 ---p 00000000 00:00 0 
7fb2da10e000-7fb2da113000 rw-p 00000000 00:00 0 
7fb2da113000-7fb2da1f9000 ---p 00000000 00:00 0 
7fb2da1f9000-7fb2da1fe000 r-xp 00000000 08:01 268991                     /usr/lib/jvm/java-11-openjdk-amd64/lib/libjimage.so
7fb2da1fe000-7fb2da3fd000 ---p 00005000 08:01 268991                     /usr/lib/jvm/java-11-openjdk-amd64/lib/libjimage.so
7fb2da3fd000-7fb2da3fe000 r--p 00004000 08:01 268991                     /usr/lib/jvm/java-11-openjdk-amd64/lib/libjimage.so
7fb2da3fe000-7fb2da3ff000 rw-p 00005000 08:01 268991                     /usr/lib/jvm/java-11-openjdk-amd64/lib/libjimage.so
7fb2da401000-7fb2da408000 r-xp 00000000 08:01 269008                     /usr/lib/jvm/java-11-openjdk-amd64/lib/libzip.so
7fb2da408000-7fb2da607000 ---p 00007000 08:01 269008                     /usr/lib/jvm/java-11-openjdk-amd64/lib/libzip.so
7fb2da607000-7fb2da608000 r--p 00006000 08:01 269008                     /usr/lib/jvm/java-11-openjdk-amd64/lib/libzip.so
7fb2da608000-7fb2da609000 rw-p 00007000 08:01 269008                     /usr/lib/jvm/java-11-openjdk-amd64/lib/libzip.so
7fb2da609000-7fb2da614000 r-xp 00000000 08:01 1316551                    /lib/x86_64-linux-gnu/libnss_files-2.27.so
7fb2da614000-7fb2da813000 ---p 0000b000 08:01 1316551                    /lib/x86_64-linux-gnu/libnss_files-2.27.so
7fb2da813000-7fb2da814000 r--p 0000a000 08:01 1316551                    /lib/x86_64-linux-gnu/libnss_files-2.27.so
7fb2da814000-7fb2da815000 rw-p 0000b000 08:01 1316551                    /lib/x86_64-linux-gnu/libnss_files-2.27.so
7fb2da815000-7fb2da81b000 rw-p 00000000 00:00 0 
7fb2da821000-7fb2da838000 r-xp 00000000 08:01 1316545                    /lib/x86_64-linux-gnu/libnsl-2.27.so
7fb2da838000-7fb2daa37000 ---p 00017000 08:01 1316545                    /lib/x86_64-linux-gnu/libnsl-2.27.so
7fb2daa37000-7fb2daa38000 r--p 00016000 08:01 1316545                    /lib/x86_64-linux-gnu/libnsl-2.27.so
7fb2daa38000-7fb2daa39000 rw-p 00017000 08:01 1316545                    /lib/x86_64-linux-gnu/libnsl-2.27.so
7fb2daa39000-7fb2daa3b000 rw-p 00000000 00:00 0 
7fb2daa41000-7fb2daa4c000 r-xp 00000000 08:01 1316562                    /lib/x86_64-linux-gnu/libnss_nis-2.27.so
7fb2daa4c000-7fb2dac4b000 ---p 0000b000 08:01 1316562                    /lib/x86_64-linux-gnu/libnss_nis-2.27.so
7fb2dac4b000-7fb2dac4c000 r--p 0000a000 08:01 1316562                    /lib/x86_64-linux-gnu/libnss_nis-2.27.so
7fb2dac4c000-7fb2dac4d000 rw-p 0000b000 08:01 1316562                    /lib/x86_64-linux-gnu/libnss_nis-2.27.so
7fb2dac51000-7fb2dac59000 r-xp 00000000 08:01 1316547                    /lib/x86_64-linux-gnu/libnss_compat-2.27.so
7fb2dac59000-7fb2dae59000 ---p 00008000 08:01 1316547                    /lib/x86_64-linux-gnu/libnss_compat-2.27.so
7fb2dae59000-7fb2dae5a000 r--p 00008000 08:01 1316547                    /lib/x86_64-linux-gnu/libnss_compat-2.27.so
7fb2dae5a000-7fb2dae5b000 rw-p 00009000 08:01 1316547                    /lib/x86_64-linux-gnu/libnss_compat-2.27.so
7fb2dae61000-7fb2dae8a000 r-xp 00000000 08:01 268987                     /usr/lib/jvm/java-11-openjdk-amd64/lib/libjava.so
7fb2dae8a000-7fb2db089000 ---p 00029000 08:01 268987                     /usr/lib/jvm/java-11-openjdk-amd64/lib/libjava.so
7fb2db089000-7fb2db08a000 r--p 00028000 08:01 268987                     /usr/lib/jvm/java-11-openjdk-amd64/lib/libjava.so
7fb2db08a000-7fb2db08c000 rw-p 00029000 08:01 268987                     /usr/lib/jvm/java-11-openjdk-amd64/lib/libjava.so
7fb2db091000-7fb2db09e000 r-xp 00000000 08:01 269007                     /usr/lib/jvm/java-11-openjdk-amd64/lib/libverify.so
7fb2db09e000-7fb2db29d000 ---p 0000d000 08:01 269007                     /usr/lib/jvm/java-11-openjdk-amd64/lib/libverify.so
7fb2db29d000-7fb2db29f000 r--p 0000c000 08:01 269007                     /usr/lib/jvm/java-11-openjdk-amd64/lib/libverify.so
7fb2db29f000-7fb2db2a0000 rw-p 0000e000 08:01 269007                     /usr/lib/jvm/java-11-openjdk-amd64/lib/libverify.so
7fb2db2a1000-7fb2db2a8000 r-xp 00000000 08:01 1316602                    /lib/x86_64-linux-gnu/librt-2.27.so
7fb2db2a8000-7fb2db4a7000 ---p 00007000 08:01 1316602                    /lib/x86_64-linux-gnu/librt-2.27.so
7fb2db4a7000-7fb2db4a8000 r--p 00006000 08:01 1316602                    /lib/x86_64-linux-gnu/librt-2.27.so
7fb2db4a8000-7fb2db4a9000 rw-p 00007000 08:01 1316602                    /lib/x86_64-linux-gnu/librt-2.27.so
7fb2db4a9000-7fb2db4c0000 r-xp 00000000 08:01 1317234                    /lib/x86_64-linux-gnu/libgcc_s.so.1
7fb2db4c0000-7fb2db6bf000 ---p 00017000 08:01 1317234                    /lib/x86_64-linux-gnu/libgcc_s.so.1
7fb2db6bf000-7fb2db6c0000 r--p 00016000 08:01 1317234                    /lib/x86_64-linux-gnu/libgcc_s.so.1
7fb2db6c0000-7fb2db6c1000 rw-p 00017000 08:01 1317234                    /lib/x86_64-linux-gnu/libgcc_s.so.1
7fb2db6c1000-7fb2db85e000 r-xp 00000000 08:01 1316524                    /lib/x86_64-linux-gnu/libm-2.27.so
7fb2db85e000-7fb2dba5d000 ---p 0019d000 08:01 1316524                    /lib/x86_64-linux-gnu/libm-2.27.so
7fb2dba5d000-7fb2dba5e000 r--p 0019c000 08:01 1316524                    /lib/x86_64-linux-gnu/libm-2.27.so
7fb2dba5e000-7fb2dba5f000 rw-p 0019d000 08:01 1316524                    /lib/x86_64-linux-gnu/libm-2.27.so
7fb2dba61000-7fb2dbbda000 r-xp 00000000 08:01 266061                     /usr/lib/x86_64-linux-gnu/libstdc++.so.6.0.25
7fb2dbbda000-7fb2dbdda000 ---p 00179000 08:01 266061                     /usr/lib/x86_64-linux-gnu/libstdc++.so.6.0.25
7fb2dbdda000-7fb2dbde4000 r--p 00179000 08:01 266061                     /usr/lib/x86_64-linux-gnu/libstdc++.so.6.0.25
7fb2dbde4000-7fb2dbde6000 rw-p 00183000 08:01 266061                     /usr/lib/x86_64-linux-gnu/libstdc++.so.6.0.25
7fb2dbde6000-7fb2dbdea000 rw-p 00000000 00:00 0 
7fb2dbdf1000-7fb2dcece000 r-xp 00000000 08:01 269014                     /usr/lib/jvm/java-11-openjdk-amd64/lib/server/libjvm.so
7fb2dcece000-7fb2dd0cd000 ---p 010dd000 08:01 269014                     /usr/lib/jvm/java-11-openjdk-amd64/lib/server/libjvm.so
7fb2dd0cd000-7fb2dd18a000 r--p 010dc000 08:01 269014                     /usr/lib/jvm/java-11-openjdk-amd64/lib/server/libjvm.so
7fb2dd18a000-7fb2dd1c4000 rw-p 01199000 08:01 269014                     /usr/lib/jvm/java-11-openjdk-amd64/lib/server/libjvm.so
7fb2dd1c4000-7fb2dd21a000 rw-p 00000000 00:00 0 
7fb2dd221000-7fb2dd23b000 r-xp 00000000 08:01 1316594                    /lib/x86_64-linux-gnu/libpthread-2.27.so
7fb2dd23b000-7fb2dd43a000 ---p 0001a000 08:01 1316594                    /lib/x86_64-linux-gnu/libpthread-2.27.so
7fb2dd43a000-7fb2dd43b000 r--p 00019000 08:01 1316594                    /lib/x86_64-linux-gnu/libpthread-2.27.so
7fb2dd43b000-7fb2dd43c000 rw-p 0001a000 08:01 1316594                    /lib/x86_64-linux-gnu/libpthread-2.27.so
7fb2dd43c000-7fb2dd440000 rw-p 00000000 00:00 0 
7fb2dd441000-7fb2dd444000 r-xp 00000000 08:01 1316484                    /lib/x86_64-linux-gnu/libdl-2.27.so
7fb2dd444000-7fb2dd643000 ---p 00003000 08:01 1316484                    /lib/x86_64-linux-gnu/libdl-2.27.so
7fb2dd643000-7fb2dd644000 r--p 00002000 08:01 1316484                    /lib/x86_64-linux-gnu/libdl-2.27.so
7fb2dd644000-7fb2dd645000 rw-p 00003000 08:01 1316484                    /lib/x86_64-linux-gnu/libdl-2.27.so
7fb2dd649000-7fb2dd665000 r-xp 00000000 08:01 1316633                    /lib/x86_64-linux-gnu/libz.so.1.2.11
7fb2dd665000-7fb2dd864000 ---p 0001c000 08:01 1316633                    /lib/x86_64-linux-gnu/libz.so.1.2.11
7fb2dd864000-7fb2dd865000 r--p 0001b000 08:01 1316633                    /lib/x86_64-linux-gnu/libz.so.1.2.11
7fb2dd865000-7fb2dd866000 rw-p 0001c000 08:01 1316633                    /lib/x86_64-linux-gnu/libz.so.1.2.11
7fb2dd869000-7fb2dda50000 r-xp 00000000 08:01 1316461                    /lib/x86_64-linux-gnu/libc-2.27.so
7fb2dda50000-7fb2ddc50000 ---p 001e7000 08:01 1316461                    /lib/x86_64-linux-gnu/libc-2.27.so
7fb2ddc50000-7fb2ddc54000 r--p 001e7000 08:01 1316461                    /lib/x86_64-linux-gnu/libc-2.27.so
7fb2ddc54000-7fb2ddc56000 rw-p 001eb000 08:01 1316461                    /lib/x86_64-linux-gnu/libc-2.27.so
7fb2ddc56000-7fb2ddc5a000 rw-p 00000000 00:00 0 
7fb2ddc61000-7fb2ddc71000 r-xp 00000000 08:01 268272                     /usr/lib/jvm/java-11-openjdk-amd64/lib/jli/libjli.so
7fb2ddc71000-7fb2dde70000 ---p 00010000 08:01 268272                     /usr/lib/jvm/java-11-openjdk-amd64/lib/jli/libjli.so
7fb2dde70000-7fb2dde71000 r--p 0000f000 08:01 268272                     /usr/lib/jvm/java-11-openjdk-amd64/lib/jli/libjli.so
7fb2dde71000-7fb2dde72000 rw-p 00010000 08:01 268272                     /usr/lib/jvm/java-11-openjdk-amd64/lib/jli/libjli.so
7fb2dde79000-7fb2ddea0000 r-xp 00000000 08:01 1316433                    /lib/x86_64-linux-gnu/ld-2.27.so
7fb2ddeb7000-7fb2ddf81000 rw-p 00000000 00:00 0 
7fb2ddf81000-7fb2ddf88000 ---p 00000000 00:00 0 
7fb2ddf88000-7fb2ddf8a000 r--s 00007000 08:01 535190                     /usr/share/java/java-atk-wrapper.jar
7fb2ddf91000-7fb2ddf99000 rw-s 00000000 08:01 662061                     /tmp/hsperfdata_C24061096/14489
7fb2ddf9d000-7fb2ddf9e000 ---p 00000000 00:00 0 
7fb2ddf9e000-7fb2ddf9f000 r--p 00000000 00:00 0 
7fb2ddf9f000-7fb2ddfa3000 ---p 00000000 00:00 0 
7fb2ddfa3000-7fb2de0a0000 rw-p 00000000 00:00 0 
7fb2de0a0000-7fb2de0a1000 r--p 00027000 08:01 1316433                    /lib/x86_64-linux-gnu/ld-2.27.so
7fb2de0a1000-7fb2de0a2000 rw-p 00028000 08:01 1316433                    /lib/x86_64-linux-gnu/ld-2.27.so
7fb2de0a2000-7fb2de0a5000 rw-p 00000000 00:00 0 
7fb2de0a5000-7fb2de0a7000 rw-p 00000000 00:00 0 
7fff826d8000-7fff826f9000 rw-p 00000000 00:00 0                          [stack]
7fff82701000-7fff82704000 r--p 00000000 00:00 0                          [vvar]
7fff82704000-7fff82705000 r-xp 00000000 00:00 0                          [vdso]
ffffffffff600000-ffffffffff601000 --xp 00000000 00:00 0                  [vsyscall]


VM Arguments:
jvm_args: -Xverify:none 
java_command: Main
java_class_path (initial): .
Launcher Type: SUN_STANDARD

[Global flags]
     bool BytecodeVerificationLocal                = false                                     {product} {command line}
     bool BytecodeVerificationRemote               = false                                     {product} {command line}
     intx CICompilerCount                          = 2                                         {product} {ergonomic}
   size_t InitialHeapSize                          = 71303168                                  {product} {ergonomic}
   size_t MaxHeapSize                              = 1119879168                                {product} {ergonomic}
   size_t MaxNewSize                               = 373293056                                 {product} {ergonomic}
   size_t MinHeapDeltaBytes                        = 196608                                    {product} {ergonomic}
   size_t NewSize                                  = 23724032                                  {product} {ergonomic}
    uintx NonNMethodCodeHeapSize                   = 5825164                                {pd product} {ergonomic}
    uintx NonProfiledCodeHeapSize                  = 122916538                              {pd product} {ergonomic}
   size_t OldSize                                  = 47579136                                  {product} {ergonomic}
    uintx ProfiledCodeHeapSize                     = 122916538                              {pd product} {ergonomic}
    uintx ReservedCodeCacheSize                    = 251658240                              {pd product} {ergonomic}
     bool SegmentedCodeCache                       = true                                      {product} {ergonomic}
     bool UseCompressedClassPointers               = true                                 {lp64_product} {ergonomic}
     bool UseCompressedOops                        = true                                 {lp64_product} {ergonomic}
     bool UseSerialGC                              = true                                      {product} {ergonomic}

Logging:
Log output configuration:
 #0: stdout all=warning uptime,level,tags
 #1: stderr all=off uptime,level,tags

Environment Variables:
PATH=/usr/local/sbin:/usr/local/bin:/usr/sbin:/usr/bin:/sbin:/bin:/usr/games:/usr/local/games:/snap/bin
USERNAME=C24061096
SHELL=/bin/bash
DISPLAY=:1

Signal Handlers:
SIGSEGV: [libjvm.so+0xdf8d00], sa_mask[0]=11111111011111111101111111111110, sa_flags=SA_RESTART|SA_SIGINFO
SIGBUS: [libjvm.so+0xdf8d00], sa_mask[0]=11111111011111111101111111111110, sa_flags=SA_RESTART|SA_SIGINFO
SIGFPE: [libjvm.so+0xdf8d00], sa_mask[0]=11111111011111111101111111111110, sa_flags=SA_RESTART|SA_SIGINFO
SIGPIPE: [libjvm.so+0xbcbc30], sa_mask[0]=11111111011111111101111111111110, sa_flags=SA_RESTART|SA_SIGINFO
SIGXFSZ: [libjvm.so+0xbcbc30], sa_mask[0]=11111111011111111101111111111110, sa_flags=SA_RESTART|SA_SIGINFO
SIGILL: [libjvm.so+0xdf8d00], sa_mask[0]=11111111011111111101111111111110, sa_flags=SA_RESTART|SA_SIGINFO
SIGUSR2: [libjvm.so+0xbcbad0], sa_mask[0]=00000000000000000000000000000000, sa_flags=SA_RESTART|SA_SIGINFO
SIGHUP: [libjvm.so+0xbcbe30], sa_mask[0]=11111111011111111101111111111110, sa_flags=SA_RESTART|SA_SIGINFO
SIGINT: [libjvm.so+0xbcbe30], sa_mask[0]=11111111011111111101111111111110, sa_flags=SA_RESTART|SA_SIGINFO
SIGTERM: [libjvm.so+0xbcbe30], sa_mask[0]=11111111011111111101111111111110, sa_flags=SA_RESTART|SA_SIGINFO
SIGQUIT: [libjvm.so+0xbcbe30], sa_mask[0]=11111111011111111101111111111110, sa_flags=SA_RESTART|SA_SIGINFO


---------------  S Y S T E M  ---------------

OS:DISTRIB_ID=Ubuntu
DISTRIB_RELEASE=18.04
DISTRIB_CODENAME=bionic
DISTRIB_DESCRIPTION="Ubuntu 18.04.4 LTS"
uname:Linux 5.3.0-46-generic #38~18.04.1-Ubuntu SMP Tue Mar 31 04:17:56 UTC 2020 x86_64
OS uptime: 2 days 3:03 hours
libc:glibc 2.27 NPTL 2.27 
rlimit: STACK 8192k, CORE 0k, NPROC 16888, NOFILE 4096, AS infinity, CPU infinity, DATA infinity, FSIZE infinity
load average:0.45 0.36 0.43

/proc/meminfo:
MemTotal:        4372092 kB
MemFree:          145604 kB
MemAvailable:    1059536 kB
Buffers:          162956 kB
Cached:          1199676 kB
SwapCached:        14392 kB
Active:          2813620 kB
Inactive:        1009528 kB
Active(anon):    2213948 kB
Inactive(anon):   559708 kB
Active(file):     599672 kB
Inactive(file):   449820 kB
Unevictable:          80 kB
Mlocked:              80 kB
SwapTotal:       1942896 kB
SwapFree:        1703792 kB
Dirty:               196 kB
Writeback:             0 kB
AnonPages:       2453828 kB
Mapped:           633624 kB
Shmem:            315360 kB
KReclaimable:     137800 kB
Slab:             193304 kB
SReclaimable:     137800 kB
SUnreclaim:        55504 kB
KernelStack:       16692 kB
PageTables:        89460 kB
NFS_Unstable:          0 kB
Bounce:                0 kB
WritebackTmp:          0 kB
CommitLimit:     4128940 kB
Committed_AS:   12363092 kB
VmallocTotal:   34359738367 kB
VmallocUsed:       42548 kB
VmallocChunk:          0 kB
Percpu:              348 kB
HardwareCorrupted:     0 kB
AnonHugePages:         0 kB
ShmemHugePages:        0 kB
ShmemPmdMapped:        0 kB
CmaTotal:              0 kB
CmaFree:               0 kB
HugePages_Total:       0
HugePages_Free:        0
HugePages_Rsvd:        0
HugePages_Surp:        0
Hugepagesize:       2048 kB
Hugetlb:               0 kB
DirectMap4k:      224192 kB
DirectMap2M:     4323328 kB


/proc/sys/kernel/threads-max (system-wide limit on the number of threads):
33776


/proc/sys/vm/max_map_count (maximum number of memory map areas a process may have):
65530


/proc/sys/kernel/pid_max (system-wide limit on number of process identifiers):
32768



container (cgroup) information:
container_type: cgroupv1
cpu_cpuset_cpus: 0
cpu_memory_nodes: 0
active_processor_count: 1
cpu_quota: -1
cpu_period: 100000
cpu_shares: -1
memory_limit_in_bytes: -1
memory_and_swap_limit_in_bytes: -2
memory_soft_limit_in_bytes: -1
memory_usage_in_bytes: 3912077312
memory_max_usage_in_bytes: 26243072

KVM virtualization detected
Steal ticks since vm start: 0
Steal ticks percentage since vm start:  0.000

CPU:total 1 (initial active 1) (1 cores per cpu, 1 threads per core) family 21 model 112 stepping 0, cmov, cx8, fxsr, mmx, sse, sse2, sse3, ssse3, sse4.1, sse4.2, popcnt, avx, avx2, aes, clmul, mmxext, lzcnt, sse4a, tsc, tscinvbit, tscinv
CPU Model and flags from /proc/cpuinfo:
model name	: AMD A9-9410 RADEON R5, 5 COMPUTE CORES 2C+3G
flags		: fpu vme de pse tsc msr pae mce cx8 apic sep mtrr pge mca cmov pat pse36 clflush mmx fxsr sse sse2 ht syscall nx mmxext fxsr_opt rdtscp lm constant_tsc rep_good nopl nonstop_tsc cpuid extd_apicid tsc_known_freq pni pclmulqdq monitor ssse3 cx16 sse4_1 sse4_2 x2apic movbe popcnt aes xsave avx rdrand hypervisor lahf_lm cr8_legacy abm sse4a misalignsse 3dnowprefetch ssbd vmmcall fsgsbase avx2 arat

Memory: 4k page, physical 4372092k(145604k free), swap 1942896k(1703792k free)

vm_info: OpenJDK 64-Bit Server VM (11.0.7+10-post-Ubuntu-2ubuntu218.04) for linux-amd64 JRE (11.0.7+10-post-Ubuntu-2ubuntu218.04), built on Apr 15 2020 21:12:54 by "unknown" with gcc 7.5.0

END.
