#
# A fatal error has been detected by the Java Runtime Environment:
#
#  SIGSEGV (0xb) at pc=0x00007f7560916ce5, pid=27006, tid=27007
#
# JRE version: OpenJDK Runtime Environment (11.0.7+10) (build 11.0.7+10-post-Ubuntu-2ubuntu218.04)
# Java VM: OpenJDK 64-Bit Server VM (11.0.7+10-post-Ubuntu-2ubuntu218.04, mixed mode, sharing, tiered, compressed oops, serial gc, linux-amd64)
# Problematic frame:
# j  Main.main([Ljava/lang/String;)V+125
#
# Core dump will be written. Default location: Core dumps may be processed with "/usr/share/apport/apport %p %s %c %d %P %E" (or dumping to /home/C24061096/Compiler_C24061096_HW3/core.27006)
#
# If you would like to submit a bug report, please visit:
#   https://bugs.launchpad.net/ubuntu/+source/openjdk-lts
#

---------------  S U M M A R Y ------------

Command Line: -Xverify:none Main

Host: AMD A9-9410 RADEON R5, 5 COMPUTE CORES 2C+3G, 1 cores, 4G, Ubuntu 18.04.4 LTS
Time: Sun May 31 21:20:26 2020 CST elapsed time: 0 seconds (0d 0h 0m 0s)

---------------  T H R E A D  ---------------

Current thread (0x00007f7578015800):  JavaThread "main" [_thread_in_Java, id=27007, stack(0x00007f7580077000,0x00007f7580178000)]

Stack: [0x00007f7580077000,0x00007f7580178000],  sp=0x00000000bd4f2248,  free space=18014261654540780k
Native frames: (J=compiled Java code, A=aot compiled Java code, j=interpreted, Vv=VM code, C=native code)
j  Main.main([Ljava/lang/String;)V+125
v  ~StubRoutines::call_stub
V  [libjvm.so+0x84e319]
V  [libjvm.so+0x8ca02d]
V  [libjvm.so+0x8cc4fe]
C  [libjli.so+0x5856]
C  [libjli.so+0x92cd]


siginfo: si_signo: 11 (SIGSEGV), si_code: 1 (SEGV_MAPERR), si_addr: 0x0000000300076eec

Register to memory mapping:

RAX=
[error occurred during error reporting (printing register info), id 0xb, SIGSEGV (0xb) at pc=0x00007f757eb941d6]

Registers:
RAX=0x00000000bd4f2248, RBX=0x00007f7580176688, RCX=0x0000000300076eec, RDX=0x00000000bd4f2290
RSP=0x00000000bd4f2248, RBP=0x00007f75801766d0, RSI=0x00000000bd4f2248, RDI=0x00007f7578016550
R8 =0x00007f756018d340, R9 =0x0000000000000002, R10=0x0000000000000000, R11=0x00007f757ed71f54
R12=0x0000000000000000, R13=0x00007f756018d2bd, R14=0x00007f75801769f8, R15=0x00007f7578015800
RIP=0x00007f7560916ce5, EFLAGS=0x0000000000010202, CSGSFS=0x002b000000000033, ERR=0x0000000000000004
  TRAPNO=0x000000000000000e

Top of Stack: (sp=0x00000000bd4f2248)
0x00000000bd4f2248:   0000000000000001 0000000000000000
0x00000000bd4f2258:   4000000040400000 0000000000000000
0x00000000bd4f2268:   0000000000000005 000000000006b269
0x00000000bd4f2278:   0000000000000000 0000000000000000 

Instructions: (pc=0x00007f7560916ce5)
0x00007f7560916be5:   6d c0 48 8d 06 48 8b 4e 08 48 c7 46 08 00 00 00
0x00007f7560916bf5:   00 48 8b 11 48 83 e2 07 48 83 fa 05 0f 84 b7 00
0x00007f7560916c05:   00 00 48 8b 10 48 85 d2 0f 84 ab 00 00 00 f0 48
0x00007f7560916c15:   0f b1 11 0f 84 a0 00 00 00 48 89 4e 08 e8 05 00
0x00007f7560916c25:   00 00 e9 92 00 00 00 48 8d 44 24 08 4c 89 6d c0
0x00007f7560916c35:   49 8b ff c5 f8 77 49 89 af 30 03 00 00 49 89 87
0x00007f7560916c45:   20 03 00 00 f7 c4 0f 00 00 00 0f 84 12 00 00 00
0x00007f7560916c55:   48 83 ec 08 e8 12 4d df 1d 48 83 c4 08 e9 05 00
0x00007f7560916c65:   00 00 e8 04 4d df 1d 49 ba 00 00 00 00 00 00 00
0x00007f7560916c75:   00 4d 89 97 20 03 00 00 49 ba 00 00 00 00 00 00
0x00007f7560916c85:   00 00 4d 89 97 30 03 00 00 49 ba 00 00 00 00 00
0x00007f7560916c95:   00 00 00 4d 89 97 28 03 00 00 c5 f8 77 49 81 7f
0x00007f7560916ca5:   08 00 00 00 00 0f 84 05 00 00 00 e9 cb 2a ff ff
0x00007f7560916cb5:   4c 8b 6d c0 4c 8b 75 c8 c3 4c 8b 6d c0 48 8b 75
0x00007f7560916cc5:   b8 48 8d 5d b8 e9 95 01 00 00 48 8b f6 4c 89 6d
0x00007f7560916cd5:   c0 48 8d 06 48 8b 4e 08 48 c7 46 08 00 00 00 00
0x00007f7560916ce5:   48 8b 11 48 83 e2 07 48 83 fa 05 0f 84 b7 00 00
0x00007f7560916cf5:   00 48 8b 10 48 85 d2 0f 84 ab 00 00 00 f0 48 0f
0x00007f7560916d05:   b1 11 0f 84 a0 00 00 00 48 89 4e 08 e8 05 00 00
0x00007f7560916d15:   00 e9 92 00 00 00 48 8d 44 24 08 4c 89 6d c0 49
0x00007f7560916d25:   8b ff c5 f8 77 49 89 af 30 03 00 00 49 89 87 20
0x00007f7560916d35:   03 00 00 f7 c4 0f 00 00 00 0f 84 12 00 00 00 48
0x00007f7560916d45:   83 ec 08 e8 23 4c df 1d 48 83 c4 08 e9 05 00 00
0x00007f7560916d55:   00 e8 15 4c df 1d 49 ba 00 00 00 00 00 00 00 00
0x00007f7560916d65:   4d 89 97 20 03 00 00 49 ba 00 00 00 00 00 00 00
0x00007f7560916d75:   00 4d 89 97 30 03 00 00 49 ba 00 00 00 00 00 00
0x00007f7560916d85:   00 00 4d 89 97 28 03 00 00 c5 f8 77 49 81 7f 08
0x00007f7560916d95:   00 00 00 00 0f 84 05 00 00 00 e9 dc 29 ff ff 4c
0x00007f7560916da5:   8b 6d c0 4c 8b 75 c8 c3 4c 8b 6d c0 e8 05 00 00
0x00007f7560916db5:   00 e9 92 00 00 00 48 8d 44 24 08 4c 89 6d c0 49
0x00007f7560916dc5:   8b ff c5 f8 77 49 89 af 30 03 00 00 49 89 87 20
0x00007f7560916dd5:   03 00 00 f7 c4 0f 00 00 00 0f 84 12 00 00 00 48 


Stack slot to memory mapping:
stack at sp + 0 slots: 0x0000000000000001 is an unknown value
stack at sp + 1 slots: 0x0 is NULL
stack at sp + 2 slots: 0x4000000040400000 is an unknown value
stack at sp + 3 slots: 0x0 is NULL
stack at sp + 4 slots: 0x0000000000000005 is an unknown value
stack at sp + 5 slots: 0x000000000006b269 is an unknown value
stack at sp + 6 slots: 0x0 is NULL
stack at sp + 7 slots: 0x0 is NULL

exception handling  [0x00007f7560916020, 0x00007f7560917060]  4160 bytes

---------------  P R O C E S S  ---------------

Threads class SMR info:
_java_thread_list=0x00007f75780a56f0, length=9, elements={
0x00007f7578015800, 0x00007f7578051000, 0x00007f7578053000, 0x00007f757805a000,
0x00007f757805c800, 0x00007f757805e800, 0x00007f7578060800, 0x00007f757809b000,
0x00007f75780a4000
}

Java Threads: ( => current thread )
=>0x00007f7578015800 JavaThread "main" [_thread_in_Java, id=27007, stack(0x00007f7580077000,0x00007f7580178000)]
  0x00007f7578051000 JavaThread "Reference Handler" daemon [_thread_blocked, id=27009, stack(0x00007f755fb8a000,0x00007f755fc8b000)]
  0x00007f7578053000 JavaThread "Finalizer" daemon [_thread_blocked, id=27010, stack(0x00007f755fa89000,0x00007f755fb8a000)]
  0x00007f757805a000 JavaThread "Signal Dispatcher" daemon [_thread_blocked, id=27011, stack(0x00007f755ef70000,0x00007f755f071000)]
  0x00007f757805c800 JavaThread "C2 CompilerThread0" daemon [_thread_blocked, id=27012, stack(0x00007f755ee6f000,0x00007f755ef70000)]
  0x00007f757805e800 JavaThread "C1 CompilerThread0" daemon [_thread_blocked, id=27013, stack(0x00007f755ed6e000,0x00007f755ee6f000)]
  0x00007f7578060800 JavaThread "Sweeper thread" daemon [_thread_blocked, id=27014, stack(0x00007f755ec6d000,0x00007f755ed6e000)]
  0x00007f757809b000 JavaThread "Service Thread" daemon [_thread_blocked, id=27015, stack(0x00007f755eb6c000,0x00007f755ec6d000)]
  0x00007f75780a4000 JavaThread "Unknown thread" [_thread_blocked, id=27017, stack(0x00007f755e969000,0x00007f755ea6a000)]

Other Threads:
  0x00007f757804e000 VMThread "VM Thread" [stack: 0x00007f755fc8d000,0x00007f755fd8d000] [id=27008]
  0x00007f757809d000 WatcherThread [stack: 0x00007f755ea6c000,0x00007f755eb6c000] [id=27016]

Threads with active compile tasks:

VM state:not at safepoint (normal execution)

VM Mutex/Monitor currently owned by a thread: None

OutOfMemory and StackOverflow Exception counts:
StackOverflowErrors=1

Heap address: 0x00000000bd400000, size: 1068 MB, Compressed Oops mode: 32-bit
Narrow klass base: 0x0000000800000000, Narrow klass shift: 3
Compressed class space size: 1073741824 Address: 0x0000000840000000

Heap:
 def new generation   total 20864K, used 1113K [0x00000000bd400000, 0x00000000beaa0000, 0x00000000d3800000)
  eden space 18560K,   6% used [0x00000000bd400000, 0x00000000bd5166a0, 0x00000000be620000)
  from space 2304K,   0% used [0x00000000be620000, 0x00000000be620000, 0x00000000be860000)
  to   space 2304K,   0% used [0x00000000be860000, 0x00000000be860000, 0x00000000beaa0000)
 tenured generation   total 46464K, used 0K [0x00000000d3800000, 0x00000000d6560000, 0x0000000100000000)
   the space 46464K,   0% used [0x00000000d3800000, 0x00000000d3800000, 0x00000000d3800200, 0x00000000d6560000)
 Metaspace       used 179K, capacity 4486K, committed 4864K, reserved 1056768K
  class space    used 5K, capacity 386K, committed 512K, reserved 1048576K

Card table byte_map: [0x00007f75606f2000,0x00007f7560909000] _byte_map_base: 0x00007f7560108000

Polling page: 0x00007f758017b000

Metaspace:

Usage:
  Non-class:      4.00 MB capacity,   173.60 KB (  4%) used,     3.83 MB ( 96%) free+waste,   128 bytes ( <1%) overhead. 
      Class:    386.00 KB capacity,     5.67 KB (  1%) used,   380.20 KB ( 98%) free+waste,   128 bytes ( <1%) overhead. 
       Both:      4.38 MB capacity,   179.27 KB (  4%) used,     4.21 MB ( 96%) free+waste,   256 bytes ( <1%) overhead. 

Virtual space:
  Non-class space:        8.00 MB reserved,       4.25 MB ( 53%) committed 
      Class space:        1.00 GB reserved,     512.00 KB ( <1%) committed 
             Both:        1.01 GB reserved,       4.75 MB ( <1%) committed 

Chunk freelists:
   Non-Class:  0 bytes
       Class:  0 bytes
        Both:  0 bytes

MaxMetaspaceSize: unlimited
CompressedClassSpaceSize: 1.00 GB

CodeHeap 'non-profiled nmethods': size=120036Kb used=19Kb max_used=19Kb free=120016Kb
 bounds [0x00007f75683d0000, 0x00007f7568640000, 0x00007f756f909000]
CodeHeap 'profiled nmethods': size=120032Kb used=106Kb max_used=106Kb free=119925Kb
 bounds [0x00007f7560e98000, 0x00007f7561108000, 0x00007f75683d0000]
CodeHeap 'non-nmethods': size=5692Kb used=985Kb max_used=994Kb free=4706Kb
 bounds [0x00007f7560909000, 0x00007f7560b79000, 0x00007f7560e98000]
 total_blobs=370 nmethods=77 adapters=155
 compilation: enabled
              stopped_count=0, restarted_count=0
 full_count=0

Compilation events (20 events):
Event: 0.343 Thread 0x00007f757805e800 nmethod 67 0x00007f7560eaeb10 code [0x00007f7560eaed20, 0x00007f7560eaf2e8]
Event: 0.343 Thread 0x00007f757805e800   68       3       java.util.HashMap::putIfAbsent (13 bytes)
Event: 0.343 Thread 0x00007f757805e800 nmethod 68 0x00007f7560eaf490 code [0x00007f7560eaf660, 0x00007f7560eaf9d8]
Event: 0.344 Thread 0x00007f757805e800   70       3       java.util.HashMap::resize (356 bytes)
Event: 0.349 Thread 0x00007f757805e800 nmethod 70 0x00007f7560eafb10 code [0x00007f7560eafdc0, 0x00007f7560eb1168]
Event: 0.351 Thread 0x00007f757805e800   73       3       java.util.ImmutableCollections$Set12::size (13 bytes)
Event: 0.351 Thread 0x00007f757805e800 nmethod 73 0x00007f7560eb1590 code [0x00007f7560eb1740, 0x00007f7560eb1930]
Event: 0.351 Thread 0x00007f757805e800   72       1       java.lang.Module::getDescriptor (5 bytes)
Event: 0.351 Thread 0x00007f757805e800 nmethod 72 0x00007f75683d3f90 code [0x00007f75683d4140, 0x00007f75683d4270]
Event: 0.356 Thread 0x00007f757805c800 nmethod 64 0x00007f75683d4310 code [0x00007f75683d44a0, 0x00007f75683d4638]
Event: 0.356 Thread 0x00007f757805c800   74       4       java.lang.StringLatin1::hashCode (42 bytes)
Event: 0.368 Thread 0x00007f757805c800 nmethod 74 0x00007f75683d4790 code [0x00007f75683d4920, 0x00007f75683d4a58]
Event: 0.368 Thread 0x00007f757805c800   71       4       java.util.HashMap::afterNodeInsertion (1 bytes)
Event: 0.369 Thread 0x00007f757805c800 nmethod 71 0x00007f75683d4b10 code [0x00007f75683d4ca0, 0x00007f75683d4d18]
Event: 0.370 Thread 0x00007f757805e800   75       3       java.lang.String::hashCode (49 bytes)
Event: 0.371 Thread 0x00007f757805e800 nmethod 75 0x00007f7560eb1990 code [0x00007f7560eb1b80, 0x00007f7560eb1ef8]
Event: 0.377 Thread 0x00007f757805e800   76       3       java.lang.StringLatin1::canEncode (13 bytes)
Event: 0.377 Thread 0x00007f757805e800 nmethod 76 0x00007f7560eb2010 code [0x00007f7560eb21c0, 0x00007f7560eb2350]
Event: 0.385 Thread 0x00007f757805e800   77       3       java.lang.CharacterDataLatin1::getProperties (11 bytes)
Event: 0.385 Thread 0x00007f757805e800 nmethod 77 0x00007f7560eb2410 code [0x00007f7560eb25c0, 0x00007f7560eb2770]

GC Heap History (0 events):
No events

Deoptimization events (4 events):
Event: 0.370 Thread 0x00007f7578015800 Uncommon trap: trap_request=0xffffff4d fr.pc=0x00007f75683d45fc relative=0x000000000000015c
Event: 0.370 Thread 0x00007f7578015800 Uncommon trap: reason=unstable_if action=reinterpret pc=0x00007f75683d45fc method=java.lang.String.hashCode()I @ 14 c2
Event: 0.370 Thread 0x00007f7578015800 DEOPT PACKING pc=0x00007f75683d45fc sp=0x00007f75801751b0
Event: 0.370 Thread 0x00007f7578015800 DEOPT UNPACKING pc=0x00007f7560930e25 sp=0x00007f7580175168 mode 2

Classes redefined (0 events):
No events

Internal exceptions (1 events):
Event: 0.393 Thread 0x00007f7578015800 Exception <a 'java/lang/StackOverflowError'{0x00000000bd4f2290}> (0x00000000bd4f2290) thrown at [./src/hotspot/share/runtime/javaCalls.cpp, line 420]

Events (20 events):
Event: 0.132 Thread 0x00007f757805e800 Thread added: 0x00007f757805e800
Event: 0.132 Protecting memory [0x00007f755ed6e000,0x00007f755ed72000] with protection modes 0
Event: 0.133 Thread 0x00007f7578060800 Thread added: 0x00007f7578060800
Event: 0.141 Protecting memory [0x00007f755ec6d000,0x00007f755ec71000] with protection modes 0
Event: 0.359 Thread 0x00007f757809b000 Thread added: 0x00007f757809b000
Event: 0.359 Executing VM operation: EnableBiasedLocking
Event: 0.366 Protecting memory [0x00007f755eb6c000,0x00007f755eb70000] with protection modes 0
Event: 0.368 Executing VM operation: EnableBiasedLocking done
Event: 0.368 loading class jdk/internal/vm/PostVMInitHook
Event: 0.368 loading class jdk/internal/vm/PostVMInitHook done
Event: 0.370 loading class Main
Event: 0.370 loading class Main done
Event: 0.372 loading class jdk/internal/loader/URLClassPath$FileLoader
Event: 0.372 loading class jdk/internal/loader/URLClassPath$FileLoader done
Event: 0.378 loading class jdk/internal/loader/URLClassPath$FileLoader$1
Event: 0.378 loading class jdk/internal/loader/URLClassPath$FileLoader$1 done
Event: 0.384 Thread 0x00007f75780a4000 Thread added: 0x00007f75780a4000
Event: 0.388 Protecting memory [0x00007f755e969000,0x00007f755e96d000] with protection modes 0
Event: 0.392 Executing VM operation: RevokeBias
Event: 0.392 Executing VM operation: RevokeBias done


Dynamic libraries:
bd400000-beaa0000 rw-p 00000000 00:00 0 
beaa0000-d3800000 ---p 00000000 00:00 0 
d3800000-d6560000 rw-p 00000000 00:00 0 
d6560000-100000000 ---p 00000000 00:00 0 
800000000-800002000 rwxp 00001000 08:01 269320                           /usr/lib/jvm/java-11-openjdk-amd64/lib/server/classes.jsa
800002000-8003b8000 rw-p 00003000 08:01 269320                           /usr/lib/jvm/java-11-openjdk-amd64/lib/server/classes.jsa
8003b8000-800a7f000 r--p 003b9000 08:01 269320                           /usr/lib/jvm/java-11-openjdk-amd64/lib/server/classes.jsa
800a7f000-800a80000 rw-p 00a80000 08:01 269320                           /usr/lib/jvm/java-11-openjdk-amd64/lib/server/classes.jsa
800a80000-80108c000 r--p 00a81000 08:01 269320                           /usr/lib/jvm/java-11-openjdk-amd64/lib/server/classes.jsa
840000000-840080000 rw-p 00000000 00:00 0 
840080000-880000000 ---p 00000000 00:00 0 
55a844bf0000-55a844bf1000 r-xp 00000000 08:01 268029                     /usr/lib/jvm/java-11-openjdk-amd64/bin/java
55a844df1000-55a844df2000 r--p 00001000 08:01 268029                     /usr/lib/jvm/java-11-openjdk-amd64/bin/java
55a844df2000-55a844df3000 rw-p 00002000 08:01 268029                     /usr/lib/jvm/java-11-openjdk-amd64/bin/java
55a84585e000-55a84587f000 rw-p 00000000 00:00 0                          [heap]
7f7540000000-7f7540087000 rw-p 00000000 00:00 0 
7f7540087000-7f7544000000 ---p 00000000 00:00 0 
7f7544000000-7f7544021000 rw-p 00000000 00:00 0 
7f7544021000-7f7548000000 ---p 00000000 00:00 0 
7f7548000000-7f7548021000 rw-p 00000000 00:00 0 
7f7548021000-7f754c000000 ---p 00000000 00:00 0 
7f754c000000-7f754c067000 rw-p 00000000 00:00 0 
7f754c067000-7f7550000000 ---p 00000000 00:00 0 
7f7550000000-7f7550021000 rw-p 00000000 00:00 0 
7f7550021000-7f7554000000 ---p 00000000 00:00 0 
7f7554000000-7f7554021000 rw-p 00000000 00:00 0 
7f7554021000-7f7558000000 ---p 00000000 00:00 0 
7f7558000000-7f7558021000 rw-p 00000000 00:00 0 
7f7558021000-7f755c000000 ---p 00000000 00:00 0 
7f755e969000-7f755e96d000 ---p 00000000 00:00 0 
7f755e96d000-7f755ea6a000 rw-p 00000000 00:00 0 
7f755ea6a000-7f755ea6b000 ---p 00000000 00:00 0 
7f755ea6b000-7f755eb6c000 rw-p 00000000 00:00 0 
7f755eb6c000-7f755eb70000 ---p 00000000 00:00 0 
7f755eb70000-7f755ec6d000 rw-p 00000000 00:00 0 
7f755ec6d000-7f755ec71000 ---p 00000000 00:00 0 
7f755ec71000-7f755ed6e000 rw-p 00000000 00:00 0 
7f755ed6e000-7f755ed72000 ---p 00000000 00:00 0 
7f755ed72000-7f755ee6f000 rw-p 00000000 00:00 0 
7f755ee6f000-7f755ee73000 ---p 00000000 00:00 0 
7f755ee73000-7f755ef70000 rw-p 00000000 00:00 0 
7f755ef70000-7f755ef74000 ---p 00000000 00:00 0 
7f755ef74000-7f755f071000 rw-p 00000000 00:00 0 
7f755f071000-7f755fa88000 r--p 00000000 08:01 269088                     /usr/lib/locale/locale-archive
7f755fa89000-7f755fa8d000 ---p 00000000 00:00 0 
7f755fa8d000-7f755fb8a000 rw-p 00000000 00:00 0 
7f755fb8a000-7f755fb8e000 ---p 00000000 00:00 0 
7f755fb8e000-7f755fc8b000 rw-p 00000000 00:00 0 
7f755fc8b000-7f755fc8c000 ---p 00000000 00:00 0 
7f755fc8c000-7f75601cd000 rw-p 00000000 00:00 0 
7f75601cd000-7f756058d000 ---p 00000000 00:00 0 
7f756058d000-7f75605a4000 rw-p 00000000 00:00 0 
7f75605a4000-7f75606f2000 ---p 00000000 00:00 0 
7f75606f2000-7f75606fe000 rw-p 00000000 00:00 0 
7f75606fe000-7f75607a4000 ---p 00000000 00:00 0 
7f75607a4000-7f75607bb000 rw-p 00000000 00:00 0 
7f75607bb000-7f7560908000 ---p 00000000 00:00 0 
7f7560908000-7f7560909000 rw-p 00000000 00:00 0 
7f7560909000-7f7560b79000 rwxp 00000000 00:00 0 
7f7560b79000-7f7560e98000 ---p 00000000 00:00 0 
7f7560e98000-7f7561108000 rwxp 00000000 00:00 0 
7f7561108000-7f75683d0000 ---p 00000000 00:00 0 
7f75683d0000-7f7568640000 rwxp 00000000 00:00 0 
7f7568640000-7f756f909000 ---p 00000000 00:00 0 
7f756f909000-7f7577ffc000 r--s 00000000 08:01 269009                     /usr/lib/jvm/java-11-openjdk-amd64/lib/modules
7f7578000000-7f75780b4000 rw-p 00000000 00:00 0 
7f75780b4000-7f757c000000 ---p 00000000 00:00 0 
7f757c07a000-7f757c100000 rw-p 00000000 00:00 0 
7f757c100000-7f757c1e6000 ---p 00000000 00:00 0 
7f757c1e6000-7f757c1eb000 rw-p 00000000 00:00 0 
7f757c1eb000-7f757c2d1000 ---p 00000000 00:00 0 
7f757c2d1000-7f757c2d6000 r-xp 00000000 08:01 268991                     /usr/lib/jvm/java-11-openjdk-amd64/lib/libjimage.so
7f757c2d6000-7f757c4d5000 ---p 00005000 08:01 268991                     /usr/lib/jvm/java-11-openjdk-amd64/lib/libjimage.so
7f757c4d5000-7f757c4d6000 r--p 00004000 08:01 268991                     /usr/lib/jvm/java-11-openjdk-amd64/lib/libjimage.so
7f757c4d6000-7f757c4d7000 rw-p 00005000 08:01 268991                     /usr/lib/jvm/java-11-openjdk-amd64/lib/libjimage.so
7f757c4d9000-7f757c4e0000 r-xp 00000000 08:01 269008                     /usr/lib/jvm/java-11-openjdk-amd64/lib/libzip.so
7f757c4e0000-7f757c6df000 ---p 00007000 08:01 269008                     /usr/lib/jvm/java-11-openjdk-amd64/lib/libzip.so
7f757c6df000-7f757c6e0000 r--p 00006000 08:01 269008                     /usr/lib/jvm/java-11-openjdk-amd64/lib/libzip.so
7f757c6e0000-7f757c6e1000 rw-p 00007000 08:01 269008                     /usr/lib/jvm/java-11-openjdk-amd64/lib/libzip.so
7f757c6e1000-7f757c6ec000 r-xp 00000000 08:01 1316551                    /lib/x86_64-linux-gnu/libnss_files-2.27.so
7f757c6ec000-7f757c8eb000 ---p 0000b000 08:01 1316551                    /lib/x86_64-linux-gnu/libnss_files-2.27.so
7f757c8eb000-7f757c8ec000 r--p 0000a000 08:01 1316551                    /lib/x86_64-linux-gnu/libnss_files-2.27.so
7f757c8ec000-7f757c8ed000 rw-p 0000b000 08:01 1316551                    /lib/x86_64-linux-gnu/libnss_files-2.27.so
7f757c8ed000-7f757c8f3000 rw-p 00000000 00:00 0 
7f757c8f9000-7f757c910000 r-xp 00000000 08:01 1316545                    /lib/x86_64-linux-gnu/libnsl-2.27.so
7f757c910000-7f757cb0f000 ---p 00017000 08:01 1316545                    /lib/x86_64-linux-gnu/libnsl-2.27.so
7f757cb0f000-7f757cb10000 r--p 00016000 08:01 1316545                    /lib/x86_64-linux-gnu/libnsl-2.27.so
7f757cb10000-7f757cb11000 rw-p 00017000 08:01 1316545                    /lib/x86_64-linux-gnu/libnsl-2.27.so
7f757cb11000-7f757cb13000 rw-p 00000000 00:00 0 
7f757cb19000-7f757cb24000 r-xp 00000000 08:01 1316562                    /lib/x86_64-linux-gnu/libnss_nis-2.27.so
7f757cb24000-7f757cd23000 ---p 0000b000 08:01 1316562                    /lib/x86_64-linux-gnu/libnss_nis-2.27.so
7f757cd23000-7f757cd24000 r--p 0000a000 08:01 1316562                    /lib/x86_64-linux-gnu/libnss_nis-2.27.so
7f757cd24000-7f757cd25000 rw-p 0000b000 08:01 1316562                    /lib/x86_64-linux-gnu/libnss_nis-2.27.so
7f757cd29000-7f757cd31000 r-xp 00000000 08:01 1316547                    /lib/x86_64-linux-gnu/libnss_compat-2.27.so
7f757cd31000-7f757cf31000 ---p 00008000 08:01 1316547                    /lib/x86_64-linux-gnu/libnss_compat-2.27.so
7f757cf31000-7f757cf32000 r--p 00008000 08:01 1316547                    /lib/x86_64-linux-gnu/libnss_compat-2.27.so
7f757cf32000-7f757cf33000 rw-p 00009000 08:01 1316547                    /lib/x86_64-linux-gnu/libnss_compat-2.27.so
7f757cf39000-7f757cf62000 r-xp 00000000 08:01 268987                     /usr/lib/jvm/java-11-openjdk-amd64/lib/libjava.so
7f757cf62000-7f757d161000 ---p 00029000 08:01 268987                     /usr/lib/jvm/java-11-openjdk-amd64/lib/libjava.so
7f757d161000-7f757d162000 r--p 00028000 08:01 268987                     /usr/lib/jvm/java-11-openjdk-amd64/lib/libjava.so
7f757d162000-7f757d164000 rw-p 00029000 08:01 268987                     /usr/lib/jvm/java-11-openjdk-amd64/lib/libjava.so
7f757d169000-7f757d176000 r-xp 00000000 08:01 269007                     /usr/lib/jvm/java-11-openjdk-amd64/lib/libverify.so
7f757d176000-7f757d375000 ---p 0000d000 08:01 269007                     /usr/lib/jvm/java-11-openjdk-amd64/lib/libverify.so
7f757d375000-7f757d377000 r--p 0000c000 08:01 269007                     /usr/lib/jvm/java-11-openjdk-amd64/lib/libverify.so
7f757d377000-7f757d378000 rw-p 0000e000 08:01 269007                     /usr/lib/jvm/java-11-openjdk-amd64/lib/libverify.so
7f757d379000-7f757d380000 r-xp 00000000 08:01 1316602                    /lib/x86_64-linux-gnu/librt-2.27.so
7f757d380000-7f757d57f000 ---p 00007000 08:01 1316602                    /lib/x86_64-linux-gnu/librt-2.27.so
7f757d57f000-7f757d580000 r--p 00006000 08:01 1316602                    /lib/x86_64-linux-gnu/librt-2.27.so
7f757d580000-7f757d581000 rw-p 00007000 08:01 1316602                    /lib/x86_64-linux-gnu/librt-2.27.so
7f757d581000-7f757d598000 r-xp 00000000 08:01 1317234                    /lib/x86_64-linux-gnu/libgcc_s.so.1
7f757d598000-7f757d797000 ---p 00017000 08:01 1317234                    /lib/x86_64-linux-gnu/libgcc_s.so.1
7f757d797000-7f757d798000 r--p 00016000 08:01 1317234                    /lib/x86_64-linux-gnu/libgcc_s.so.1
7f757d798000-7f757d799000 rw-p 00017000 08:01 1317234                    /lib/x86_64-linux-gnu/libgcc_s.so.1
7f757d799000-7f757d936000 r-xp 00000000 08:01 1316524                    /lib/x86_64-linux-gnu/libm-2.27.so
7f757d936000-7f757db35000 ---p 0019d000 08:01 1316524                    /lib/x86_64-linux-gnu/libm-2.27.so
7f757db35000-7f757db36000 r--p 0019c000 08:01 1316524                    /lib/x86_64-linux-gnu/libm-2.27.so
7f757db36000-7f757db37000 rw-p 0019d000 08:01 1316524                    /lib/x86_64-linux-gnu/libm-2.27.so
7f757db39000-7f757dcb2000 r-xp 00000000 08:01 266061                     /usr/lib/x86_64-linux-gnu/libstdc++.so.6.0.25
7f757dcb2000-7f757deb2000 ---p 00179000 08:01 266061                     /usr/lib/x86_64-linux-gnu/libstdc++.so.6.0.25
7f757deb2000-7f757debc000 r--p 00179000 08:01 266061                     /usr/lib/x86_64-linux-gnu/libstdc++.so.6.0.25
7f757debc000-7f757debe000 rw-p 00183000 08:01 266061                     /usr/lib/x86_64-linux-gnu/libstdc++.so.6.0.25
7f757debe000-7f757dec2000 rw-p 00000000 00:00 0 
7f757dec9000-7f757efa6000 r-xp 00000000 08:01 269014                     /usr/lib/jvm/java-11-openjdk-amd64/lib/server/libjvm.so
7f757efa6000-7f757f1a5000 ---p 010dd000 08:01 269014                     /usr/lib/jvm/java-11-openjdk-amd64/lib/server/libjvm.so
7f757f1a5000-7f757f262000 r--p 010dc000 08:01 269014                     /usr/lib/jvm/java-11-openjdk-amd64/lib/server/libjvm.so
7f757f262000-7f757f29c000 rw-p 01199000 08:01 269014                     /usr/lib/jvm/java-11-openjdk-amd64/lib/server/libjvm.so
7f757f29c000-7f757f2f2000 rw-p 00000000 00:00 0 
7f757f2f9000-7f757f313000 r-xp 00000000 08:01 1316594                    /lib/x86_64-linux-gnu/libpthread-2.27.so
7f757f313000-7f757f512000 ---p 0001a000 08:01 1316594                    /lib/x86_64-linux-gnu/libpthread-2.27.so
7f757f512000-7f757f513000 r--p 00019000 08:01 1316594                    /lib/x86_64-linux-gnu/libpthread-2.27.so
7f757f513000-7f757f514000 rw-p 0001a000 08:01 1316594                    /lib/x86_64-linux-gnu/libpthread-2.27.so
7f757f514000-7f757f518000 rw-p 00000000 00:00 0 
7f757f519000-7f757f51c000 r-xp 00000000 08:01 1316484                    /lib/x86_64-linux-gnu/libdl-2.27.so
7f757f51c000-7f757f71b000 ---p 00003000 08:01 1316484                    /lib/x86_64-linux-gnu/libdl-2.27.so
7f757f71b000-7f757f71c000 r--p 00002000 08:01 1316484                    /lib/x86_64-linux-gnu/libdl-2.27.so
7f757f71c000-7f757f71d000 rw-p 00003000 08:01 1316484                    /lib/x86_64-linux-gnu/libdl-2.27.so
7f757f721000-7f757f73d000 r-xp 00000000 08:01 1316633                    /lib/x86_64-linux-gnu/libz.so.1.2.11
7f757f73d000-7f757f93c000 ---p 0001c000 08:01 1316633                    /lib/x86_64-linux-gnu/libz.so.1.2.11
7f757f93c000-7f757f93d000 r--p 0001b000 08:01 1316633                    /lib/x86_64-linux-gnu/libz.so.1.2.11
7f757f93d000-7f757f93e000 rw-p 0001c000 08:01 1316633                    /lib/x86_64-linux-gnu/libz.so.1.2.11
7f757f941000-7f757fb28000 r-xp 00000000 08:01 1316461                    /lib/x86_64-linux-gnu/libc-2.27.so
7f757fb28000-7f757fd28000 ---p 001e7000 08:01 1316461                    /lib/x86_64-linux-gnu/libc-2.27.so
7f757fd28000-7f757fd2c000 r--p 001e7000 08:01 1316461                    /lib/x86_64-linux-gnu/libc-2.27.so
7f757fd2c000-7f757fd2e000 rw-p 001eb000 08:01 1316461                    /lib/x86_64-linux-gnu/libc-2.27.so
7f757fd2e000-7f757fd32000 rw-p 00000000 00:00 0 
7f757fd39000-7f757fd49000 r-xp 00000000 08:01 268272                     /usr/lib/jvm/java-11-openjdk-amd64/lib/jli/libjli.so
7f757fd49000-7f757ff48000 ---p 00010000 08:01 268272                     /usr/lib/jvm/java-11-openjdk-amd64/lib/jli/libjli.so
7f757ff48000-7f757ff49000 r--p 0000f000 08:01 268272                     /usr/lib/jvm/java-11-openjdk-amd64/lib/jli/libjli.so
7f757ff49000-7f757ff4a000 rw-p 00010000 08:01 268272                     /usr/lib/jvm/java-11-openjdk-amd64/lib/jli/libjli.so
7f757ff51000-7f757ff78000 r-xp 00000000 08:01 1316433                    /lib/x86_64-linux-gnu/ld-2.27.so
7f757ff8f000-7f7580059000 rw-p 00000000 00:00 0 
7f7580059000-7f7580060000 ---p 00000000 00:00 0 
7f7580060000-7f7580062000 r--s 00007000 08:01 535190                     /usr/share/java/java-atk-wrapper.jar
7f7580069000-7f7580071000 rw-s 00000000 08:01 658560                     /tmp/hsperfdata_C24061096/27006
7f7580077000-7f758007b000 ---p 00000000 00:00 0 
7f758007b000-7f7580178000 rw-p 00000000 00:00 0 
7f7580178000-7f7580179000 r--p 00027000 08:01 1316433                    /lib/x86_64-linux-gnu/ld-2.27.so
7f7580179000-7f758017a000 rw-p 00028000 08:01 1316433                    /lib/x86_64-linux-gnu/ld-2.27.so
7f758017a000-7f758017b000 rw-p 00000000 00:00 0 
7f758017b000-7f758017c000 ---p 00000000 00:00 0 
7f758017c000-7f758017d000 r--p 00000000 00:00 0 
7f758017d000-7f7580181000 rw-p 00000000 00:00 0 
7ffc50df5000-7ffc50e16000 rw-p 00000000 00:00 0                          [stack]
7ffc50e19000-7ffc50e1c000 r--p 00000000 00:00 0                          [vvar]
7ffc50e1c000-7ffc50e1d000 r-xp 00000000 00:00 0                          [vdso]
ffffffffff600000-ffffffffff601000 --xp 00000000 00:00 0                  [vsyscall]


VM Arguments:
jvm_args: -Xverify:none 
java_command: Main
java_class_path (initial): .
Launcher Type: SUN_STANDARD

[Global flags]
     bool BytecodeVerificationLocal                = false                                     {product} {command line}
     bool BytecodeVerificationRemote               = false                                     {product} {command line}
     intx CICompilerCount                          = 2                                         {product} {ergonomic}
   size_t InitialHeapSize                          = 71303168                                  {product} {ergonomic}
   size_t MaxHeapSize                              = 1119879168                                {product} {ergonomic}
   size_t MaxNewSize                               = 373293056                                 {product} {ergonomic}
   size_t MinHeapDeltaBytes                        = 196608                                    {product} {ergonomic}
   size_t NewSize                                  = 23724032                                  {product} {ergonomic}
    uintx NonNMethodCodeHeapSize                   = 5825164                                {pd product} {ergonomic}
    uintx NonProfiledCodeHeapSize                  = 122916538                              {pd product} {ergonomic}
   size_t OldSize                                  = 47579136                                  {product} {ergonomic}
    uintx ProfiledCodeHeapSize                     = 122916538                              {pd product} {ergonomic}
    uintx ReservedCodeCacheSize                    = 251658240                              {pd product} {ergonomic}
     bool SegmentedCodeCache                       = true                                      {product} {ergonomic}
     bool UseCompressedClassPointers               = true                                 {lp64_product} {ergonomic}
     bool UseCompressedOops                        = true                                 {lp64_product} {ergonomic}
     bool UseSerialGC                              = true                                      {product} {ergonomic}

Logging:
Log output configuration:
 #0: stdout all=warning uptime,level,tags
 #1: stderr all=off uptime,level,tags

Environment Variables:
PATH=/usr/local/sbin:/usr/local/bin:/usr/sbin:/usr/bin:/sbin:/bin:/usr/games:/usr/local/games:/snap/bin
USERNAME=C24061096
SHELL=/bin/bash
DISPLAY=:1

Signal Handlers:
SIGSEGV: [libjvm.so+0xdf8d00], sa_mask[0]=11111111011111111101111111111110, sa_flags=SA_RESTART|SA_SIGINFO
SIGBUS: [libjvm.so+0xdf8d00], sa_mask[0]=11111111011111111101111111111110, sa_flags=SA_RESTART|SA_SIGINFO
SIGFPE: [libjvm.so+0xdf8d00], sa_mask[0]=11111111011111111101111111111110, sa_flags=SA_RESTART|SA_SIGINFO
SIGPIPE: [libjvm.so+0xbcbc30], sa_mask[0]=11111111011111111101111111111110, sa_flags=SA_RESTART|SA_SIGINFO
SIGXFSZ: [libjvm.so+0xbcbc30], sa_mask[0]=11111111011111111101111111111110, sa_flags=SA_RESTART|SA_SIGINFO
SIGILL: [libjvm.so+0xdf8d00], sa_mask[0]=11111111011111111101111111111110, sa_flags=SA_RESTART|SA_SIGINFO
SIGUSR2: [libjvm.so+0xbcbad0], sa_mask[0]=00000000000000000000000000000000, sa_flags=SA_RESTART|SA_SIGINFO
SIGHUP: [libjvm.so+0xbcbe30], sa_mask[0]=11111111011111111101111111111110, sa_flags=SA_RESTART|SA_SIGINFO
SIGINT: [libjvm.so+0xbcbe30], sa_mask[0]=11111111011111111101111111111110, sa_flags=SA_RESTART|SA_SIGINFO
SIGTERM: [libjvm.so+0xbcbe30], sa_mask[0]=11111111011111111101111111111110, sa_flags=SA_RESTART|SA_SIGINFO
SIGQUIT: [libjvm.so+0xbcbe30], sa_mask[0]=11111111011111111101111111111110, sa_flags=SA_RESTART|SA_SIGINFO


---------------  S Y S T E M  ---------------

OS:DISTRIB_ID=Ubuntu
DISTRIB_RELEASE=18.04
DISTRIB_CODENAME=bionic
DISTRIB_DESCRIPTION="Ubuntu 18.04.4 LTS"
uname:Linux 5.3.0-46-generic #38~18.04.1-Ubuntu SMP Tue Mar 31 04:17:56 UTC 2020 x86_64
OS uptime: 2 days 17:50 hours
libc:glibc 2.27 NPTL 2.27 
rlimit: STACK 8192k, CORE 0k, NPROC 16888, NOFILE 4096, AS infinity, CPU infinity, DATA infinity, FSIZE infinity
load average:0.59 0.53 0.57

/proc/meminfo:
MemTotal:        4372092 kB
MemFree:          444700 kB
MemAvailable:    1151812 kB
Buffers:           64144 kB
Cached:          1103612 kB
SwapCached:        16924 kB
Active:          2759936 kB
Inactive:         807060 kB
Active(anon):    2126232 kB
Inactive(anon):   559680 kB
Active(file):     633704 kB
Inactive(file):   247380 kB
Unevictable:         112 kB
Mlocked:             112 kB
SwapTotal:       1942896 kB
SwapFree:        1539696 kB
Dirty:               260 kB
Writeback:             0 kB
AnonPages:       2390488 kB
Mapped:           626848 kB
Shmem:            289916 kB
KReclaimable:      77356 kB
Slab:             134856 kB
SReclaimable:      77356 kB
SUnreclaim:        57500 kB
KernelStack:       17248 kB
PageTables:        91356 kB
NFS_Unstable:          0 kB
Bounce:                0 kB
WritebackTmp:          0 kB
CommitLimit:     4128940 kB
Committed_AS:   12632256 kB
VmallocTotal:   34359738367 kB
VmallocUsed:       52392 kB
VmallocChunk:          0 kB
Percpu:              360 kB
HardwareCorrupted:     0 kB
AnonHugePages:         0 kB
ShmemHugePages:        0 kB
ShmemPmdMapped:        0 kB
CmaTotal:              0 kB
CmaFree:               0 kB
HugePages_Total:       0
HugePages_Free:        0
HugePages_Rsvd:        0
HugePages_Surp:        0
Hugepagesize:       2048 kB
Hugetlb:               0 kB
DirectMap4k:      238528 kB
DirectMap2M:     4308992 kB


/proc/sys/kernel/threads-max (system-wide limit on the number of threads):
33776


/proc/sys/vm/max_map_count (maximum number of memory map areas a process may have):
65530


/proc/sys/kernel/pid_max (system-wide limit on number of process identifiers):
32768



container (cgroup) information:
container_type: cgroupv1
cpu_cpuset_cpus: 0
cpu_memory_nodes: 0
active_processor_count: 1
cpu_quota: -1
cpu_period: 100000
cpu_shares: -1
memory_limit_in_bytes: -1
memory_and_swap_limit_in_bytes: -2
memory_soft_limit_in_bytes: -1
memory_usage_in_bytes: 3649171456
memory_max_usage_in_bytes: 88698880

KVM virtualization detected
Steal ticks since vm start: 0
Steal ticks percentage since vm start:  0.000

CPU:total 1 (initial active 1) (1 cores per cpu, 1 threads per core) family 21 model 112 stepping 0, cmov, cx8, fxsr, mmx, sse, sse2, sse3, ssse3, sse4.1, sse4.2, popcnt, avx, avx2, aes, clmul, mmxext, lzcnt, sse4a, tsc, tscinvbit, tscinv
CPU Model and flags from /proc/cpuinfo:
model name	: AMD A9-9410 RADEON R5, 5 COMPUTE CORES 2C+3G
flags		: fpu vme de pse tsc msr pae mce cx8 apic sep mtrr pge mca cmov pat pse36 clflush mmx fxsr sse sse2 ht syscall nx mmxext fxsr_opt rdtscp lm constant_tsc rep_good nopl nonstop_tsc cpuid extd_apicid tsc_known_freq pni pclmulqdq monitor ssse3 cx16 sse4_1 sse4_2 x2apic movbe popcnt aes xsave avx rdrand hypervisor lahf_lm cr8_legacy abm sse4a misalignsse 3dnowprefetch ssbd vmmcall fsgsbase avx2 arat

Memory: 4k page, physical 4372092k(444700k free), swap 1942896k(1539696k free)

vm_info: OpenJDK 64-Bit Server VM (11.0.7+10-post-Ubuntu-2ubuntu218.04) for linux-amd64 JRE (11.0.7+10-post-Ubuntu-2ubuntu218.04), built on Apr 15 2020 21:12:54 by "unknown" with gcc 7.5.0

END.
