#
# A fatal error has been detected by the Java Runtime Environment:
#
#  SIGSEGV (0xb) at pc=0x00007f12524106e7, pid=32446, tid=32448
#
# JRE version: OpenJDK Runtime Environment (11.0.7+10) (build 11.0.7+10-post-Ubuntu-2ubuntu218.04)
# Java VM: OpenJDK 64-Bit Server VM (11.0.7+10-post-Ubuntu-2ubuntu218.04, mixed mode, sharing, tiered, compressed oops, serial gc, linux-amd64)
# Problematic frame:
# V  [libjvm.so+0xddf6e7]
#
# Core dump will be written. Default location: Core dumps may be processed with "/usr/share/apport/apport %p %s %c %d %P %E" (or dumping to /home/C24061096/Compiler_C24061096_HW3/core.32446)
#
# If you would like to submit a bug report, please visit:
#   https://bugs.launchpad.net/ubuntu/+source/openjdk-lts
#

---------------  S U M M A R Y ------------

Command Line: -Xverify:none Main

Host: AMD A9-9410 RADEON R5, 5 COMPUTE CORES 2C+3G, 1 cores, 4G, Ubuntu 18.04.4 LTS
Time: Mon Jun  1 02:54:09 2020 CST elapsed time: 0 seconds (0d 0h 0m 0s)

---------------  T H R E A D  ---------------

Current thread (0x00007f124c04e000):  VMThread "VM Thread" [stack: 0x00007f123340e000,0x00007f123350e000] [id=32448]

Stack: [0x00007f123340e000,0x00007f123350e000],  sp=0x00007f123350b570,  free space=1013k
Native frames: (J=compiled Java code, A=aot compiled Java code, j=interpreted, Vv=VM code, C=native code)
V  [libjvm.so+0xddf6e7]
V  [libjvm.so+0x430489]
V  [libjvm.so+0x43315d]
V  [libjvm.so+0xdfa8d8]
V  [libjvm.so+0xe00a96]
V  [libjvm.so+0xe00fa0]
V  [libjvm.so+0xe01423]
V  [libjvm.so+0xd85acf]
V  [libjvm.so+0xbd59de]


siginfo: si_signo: 11 (SIGSEGV), si_code: 2 (SEGV_ACCERR), si_addr: 0x00007f12537deff0

Register to memory mapping:

RAX=0x0000000000000008 is an unknown value
RBX=0x00007f1214047890 points into unknown readable memory: 69 fb 00 00 00 40 01 00
RCX=0x00007f122c1d5c20 points into unknown readable memory: 00 00 00 00 00 00 00 00
RDX=0x000000000000fb68 is an unknown value
RSP=0x00007f123350b570 points into unknown readable memory: b0 b5 50 33 12 7f 00 00
RBP=0x00007f123350b610 points into unknown readable memory: a0 c8 50 33 12 7f 00 00
RSI=0x0 is NULL
RDI=0x0000000000000020 is an unknown value
R8 =0x0 is NULL
R9 =0x0000000000008661 is an unknown value
R10=0xfffffffffffff000 is an unknown value
R11=0x00000000001cf000 is an unknown value
R12=0x00007f12537defe8 is pointing into the stack for thread: 0x00007f124c015800
R13=0x00007f123350b5b0 points into unknown readable memory: 50 a6 8d 53 12 7f 00 00
R14=0x00007f1214046620 points into unknown readable memory: d0 16 92 52 12 7f 00 00
R15=0x0 is NULL


Registers:
RAX=0x0000000000000008, RBX=0x00007f1214047890, RCX=0x00007f122c1d5c20, RDX=0x000000000000fb68
RSP=0x00007f123350b570, RBP=0x00007f123350b610, RSI=0x0000000000000000, RDI=0x0000000000000020
R8 =0x0000000000000000, R9 =0x0000000000008661, R10=0xfffffffffffff000, R11=0x00000000001cf000
R12=0x00007f12537defe8, R13=0x00007f123350b5b0, R14=0x00007f1214046620, R15=0x0000000000000000
RIP=0x00007f12524106e7, EFLAGS=0x0000000000010246, CSGSFS=0x002b000000000033, ERR=0x0000000000000004
  TRAPNO=0x000000000000000e

Top of Stack: (sp=0x00007f123350b570)
0x00007f123350b570:   00007f123350b5b0 00007f122c117010
0x00007f123350b580:   00007f12538da650 00007f12342eacb3
0x00007f123350b590:   00007f12342e9490 0000000000000000
0x00007f123350b5a0:   00007f12538da6d0 00007f12538da660 

Instructions: (pc=0x00007f12524106e7)
0x00007f12524105e7:   18 85 f6 7e 3c 31 d2 31 c9 eb 1f 66 0f 1f 44 00
0x00007f12524105f7:   00 48 c7 00 00 00 00 00 8b 73 04 83 c1 01 48 83
0x00007f1252410607:   c2 08 39 f1 7d 1b 48 8b 43 18 48 01 d0 75 e2 83
0x00007f1252410617:   c1 01 48 83 c2 08 39 f1 7c ec 0f 1f 80 00 00 00
0x00007f1252410627:   00 4c 8d 6d a0 f3 41 0f 6f 56 08 f3 41 0f 6f 4e
0x00007f1252410637:   18 4c 89 ef f3 41 0f 6f 46 28 0f 29 95 70 ff ff
0x00007f1252410647:   ff 0f 29 4d 80 0f 29 45 90 0f 29 55 a0 0f 29 4d
0x00007f1252410657:   b0 0f 29 45 c0 e8 6f 6f 93 ff 48 8d bd 70 ff ff
0x00007f1252410667:   ff 48 89 c6 e8 50 49 93 ff 49 89 c4 eb 3c 0f 1f
0x00007f1252410677:   00 48 8b 43 18 8d 72 01 4c 89 ef 89 33 48 89 0c
0x00007f1252410687:   d0 4c 89 e6 f3 41 0f 6f 46 08 0f 29 45 a0 f3 41
0x00007f1252410697:   0f 6f 46 18 0f 29 45 b0 f3 41 0f 6f 46 28 0f 29
0x00007f12524106a7:   45 c0 e8 12 49 93 ff 49 89 c4 4c 89 ef f3 41 0f
0x00007f12524106b7:   6f 46 08 0f 29 45 a0 f3 41 0f 6f 46 18 0f 29 45
0x00007f12524106c7:   b0 f3 41 0f 6f 46 28 0f 29 45 c0 e8 09 6f 93 ff
0x00007f12524106d7:   4c 39 e0 0f 87 38 01 00 00 31 f6 bf 20 00 00 00
0x00007f12524106e7:   4d 8b 7c 24 08 e8 4f b2 ea ff 48 85 c0 48 89 c1
0x00007f12524106f7:   74 17 4c 89 38 48 c7 40 10 00 00 00 00 4c 89 60
0x00007f1252410707:   08 c6 40 18 00 c6 40 19 00 48 63 13 3b 53 04 0f
0x00007f1252410717:   85 5c ff ff ff 85 d2 0f 85 0c 01 00 00 c7 43 04
0x00007f1252410727:   01 00 00 00 be 08 00 00 00 48 89 df 48 89 8d 68
0x00007f1252410737:   ff ff ff e8 21 71 9f ff 8b 3b 31 d2 48 89 c6 48
0x00007f1252410747:   8b 8d 68 ff ff ff 85 ff 7e 2b 0f 1f 80 00 00 00
0x00007f1252410757:   00 49 89 f0 49 29 c0 48 85 f6 74 5d 48 8b 7b 18
0x00007f1252410767:   83 c2 01 48 83 c6 08 4a 8b 3c 07 48 89 7e f8 8b
0x00007f1252410777:   3b 39 fa 7c dc 8b 7b 04 39 fa 7d 21 48 63 f2 48
0x00007f1252410787:   8d 34 f0 48 85 f6 74 41 48 c7 06 00 00 00 00 8b
0x00007f1252410797:   7b 04 83 c2 01 48 83 c6 08 39 fa 7c e6 48 83 7b
0x00007f12524107a7:   08 01 74 38 48 89 43 18 48 63 13 e9 c5 fe ff ff
0x00007f12524107b7:   66 0f 1f 84 00 00 00 00 00 83 c2 01 be 08 00 00
0x00007f12524107c7:   00 39 fa 7c 8c eb ae 66 90 83 c2 01 be 08 00 00
0x00007f12524107d7:   00 39 fa 7c b3 48 83 7b 08 01 75 c8 48 8b 73 18 


Stack slot to memory mapping:
stack at sp + 0 slots: 0x00007f123350b5b0 points into unknown readable memory: 50 a6 8d 53 12 7f 00 00
stack at sp + 1 slots: 0x00007f122c117010 points into unknown readable memory: 00 00 00 00 00 00 00 00
stack at sp + 2 slots: 0x00007f12538da650 is pointing into the stack for thread: 0x00007f124c015800
stack at sp + 3 slots: 0x00007f12342eacb3 is at code_begin+2355 in an Interpreter codelet
invoke return entry points  [0x00007f12342ea380, 0x00007f12342eada0]  2592 bytes
stack at sp + 4 slots: 0x00007f12342e9490 is at code_begin+-112 in 
[CodeBlob (0x00007f12342e9490)]
Framesize: 0
BufferBlob (0x00007f12342e9490) used for Interpreter
stack at sp + 5 slots: 0x0 is NULL
stack at sp + 6 slots: 0x00007f12538da6d0 is pointing into the stack for thread: 0x00007f124c015800
stack at sp + 7 slots: 0x00007f12538da660 is pointing into the stack for thread: 0x00007f124c015800

VM_Operation (0x00007f12321e8710): RevokeBias, mode: safepoint, requested by thread 0x00007f124c0a0800


---------------  P R O C E S S  ---------------

Threads class SMR info:
_java_thread_list=0x00007f124c0a20b0, length=9, elements={
0x00007f124c015800, 0x00007f124c051000, 0x00007f124c053000, 0x00007f124c05a000,
0x00007f124c05c800, 0x00007f124c05e800, 0x00007f124c060800, 0x00007f124c09b000,
0x00007f124c0a0800
}

Java Threads: ( => current thread )
  0x00007f124c015800 JavaThread "main" [_thread_blocked, id=32447, stack(0x00007f12537db000,0x00007f12538dc000)]
  0x00007f124c051000 JavaThread "Reference Handler" daemon [_thread_blocked, id=32449, stack(0x00007f123330b000,0x00007f123340c000)]
  0x00007f124c053000 JavaThread "Finalizer" daemon [_thread_blocked, id=32450, stack(0x00007f123320a000,0x00007f123330b000)]
  0x00007f124c05a000 JavaThread "Signal Dispatcher" daemon [_thread_blocked, id=32451, stack(0x00007f12326f0000,0x00007f12327f1000)]
  0x00007f124c05c800 JavaThread "C2 CompilerThread0" daemon [_thread_blocked, id=32452, stack(0x00007f12325ef000,0x00007f12326f0000)]
  0x00007f124c05e800 JavaThread "C1 CompilerThread0" daemon [_thread_blocked, id=32453, stack(0x00007f12324ee000,0x00007f12325ef000)]
  0x00007f124c060800 JavaThread "Sweeper thread" daemon [_thread_blocked, id=32454, stack(0x00007f12323ed000,0x00007f12324ee000)]
  0x00007f124c09b000 JavaThread "Service Thread" daemon [_thread_blocked, id=32455, stack(0x00007f12322ec000,0x00007f12323ed000)]
  0x00007f124c0a0800 JavaThread "Common-Cleaner" daemon [_thread_blocked, id=32457, stack(0x00007f12320e9000,0x00007f12321ea000)]

Other Threads:
=>0x00007f124c04e000 VMThread "VM Thread" [stack: 0x00007f123340e000,0x00007f123350e000] [id=32448]
  0x00007f124c09d800 WatcherThread [stack: 0x00007f12321ec000,0x00007f12322ec000] [id=32456]

Threads with active compile tasks:
C2 CompilerThread0    131   71       4       java.lang.StringLatin1::hashCode (42 bytes)

VM state:at safepoint (normal execution)

VM Mutex/Monitor currently owned by a thread:  ([mutex/lock_event])
[0x00007f124c0118d0] Threads_lock - owner thread: 0x00007f124c04e000

Heap address: 0x00000000bd400000, size: 1068 MB, Compressed Oops mode: 32-bit
Narrow klass base: 0x0000000800000000, Narrow klass shift: 3
Compressed class space size: 1073741824 Address: 0x0000000840000000

Heap:
 def new generation   total 20864K, used 1113K [0x00000000bd400000, 0x00000000beaa0000, 0x00000000d3800000)
  eden space 18560K,   6% used [0x00000000bd400000, 0x00000000bd5166a0, 0x00000000be620000)
  from space 2304K,   0% used [0x00000000be620000, 0x00000000be620000, 0x00000000be860000)
  to   space 2304K,   0% used [0x00000000be860000, 0x00000000be860000, 0x00000000beaa0000)
 tenured generation   total 46464K, used 0K [0x00000000d3800000, 0x00000000d6560000, 0x0000000100000000)
   the space 46464K,   0% used [0x00000000d3800000, 0x00000000d3800000, 0x00000000d3800200, 0x00000000d6560000)
 Metaspace       used 176K, capacity 4486K, committed 4864K, reserved 1056768K
  class space    used 5K, capacity 386K, committed 512K, reserved 1048576K

Card table byte_map: [0x00007f1233ef4000,0x00007f123410b000] _byte_map_base: 0x00007f123390a000

Polling page: 0x00007f12537d9000

Metaspace:

Usage:
  Non-class:      4.00 MB capacity,   170.91 KB (  4%) used,     3.84 MB ( 96%) free+waste,   128 bytes ( <1%) overhead. 
      Class:    386.00 KB capacity,     5.18 KB (  1%) used,   380.70 KB ( 99%) free+waste,   128 bytes ( <1%) overhead. 
       Both:      4.38 MB capacity,   176.09 KB (  4%) used,     4.21 MB ( 96%) free+waste,   256 bytes ( <1%) overhead. 

Virtual space:
  Non-class space:        8.00 MB reserved,       4.25 MB ( 53%) committed 
      Class space:        1.00 GB reserved,     512.00 KB ( <1%) committed 
             Both:        1.01 GB reserved,       4.75 MB ( <1%) committed 

Chunk freelists:
   Non-Class:  0 bytes
       Class:  0 bytes
        Both:  0 bytes

MaxMetaspaceSize: unlimited
CompressedClassSpaceSize: 1.00 GB

CodeHeap 'non-profiled nmethods': size=120036Kb used=16Kb max_used=16Kb free=120019Kb
 bounds [0x00007f123bda8000, 0x00007f123c018000, 0x00007f12432e1000]
CodeHeap 'profiled nmethods': size=120032Kb used=94Kb max_used=94Kb free=119937Kb
 bounds [0x00007f1234870000, 0x00007f1234ae0000, 0x00007f123bda8000]
CodeHeap 'non-nmethods': size=5692Kb used=992Kb max_used=995Kb free=4699Kb
 bounds [0x00007f12342e1000, 0x00007f1234551000, 0x00007f1234870000]
 total_blobs=360 nmethods=70 adapters=155
 compilation: enabled
              stopped_count=0, restarted_count=0
 full_count=0

Compilation events (20 events):
Event: 0.096 Thread 0x00007f124c05e800 nmethod 59 0x00007f123bdaac90 code [0x00007f123bdaae40, 0x00007f123bdaaf70]
Event: 0.096 Thread 0x00007f124c05e800   61       3       java.util.HashSet::add (20 bytes)
Event: 0.096 Thread 0x00007f124c05e800 nmethod 61 0x00007f1234886310 code [0x00007f1234886500, 0x00007f12348869d8]
Event: 0.096 Thread 0x00007f124c05e800   64       1       java.lang.module.ModuleDescriptor::isOpen (5 bytes)
Event: 0.097 Thread 0x00007f124c05e800 nmethod 64 0x00007f123bdab010 code [0x00007f123bdab1c0, 0x00007f123bdab2f0]
Event: 0.097 Thread 0x00007f124c05e800   60       1       java.lang.module.ModuleDescriptor::isAutomatic (5 bytes)
Event: 0.097 Thread 0x00007f124c05e800 nmethod 60 0x00007f123bdab390 code [0x00007f123bdab540, 0x00007f123bdab670]
Event: 0.097 Thread 0x00007f124c05e800   67       1       java.lang.Module::getDescriptor (5 bytes)
Event: 0.097 Thread 0x00007f124c05e800 nmethod 67 0x00007f123bdab710 code [0x00007f123bdab8c0, 0x00007f123bdab9f0]
Event: 0.097 Thread 0x00007f124c05e800   68       3       jdk.internal.module.ModuleBootstrap$2::hasNext (30 bytes)
Event: 0.098 Thread 0x00007f124c05e800 nmethod 68 0x00007f1234886b90 code [0x00007f1234886d60, 0x00007f1234887118]
Event: 0.098 Thread 0x00007f124c05e800   63       1       java.lang.module.ResolvedModule::configuration (5 bytes)
Event: 0.098 Thread 0x00007f124c05e800 nmethod 63 0x00007f123bdaba90 code [0x00007f123bdabc40, 0x00007f123bdabd70]
Event: 0.098 Thread 0x00007f124c05e800   62       1       java.lang.module.ModuleDescriptor$Exports::targets (5 bytes)
Event: 0.098 Thread 0x00007f124c05e800 nmethod 62 0x00007f123bdabe10 code [0x00007f123bdabfc0, 0x00007f123bdac0f0]
Event: 0.107 Thread 0x00007f124c05e800   69       3       java.lang.StringLatin1::canEncode (13 bytes)
Event: 0.108 Thread 0x00007f124c05e800 nmethod 69 0x00007f1234887210 code [0x00007f12348873c0, 0x00007f1234887550]
Event: 0.113 Thread 0x00007f124c05c800   71       4       java.lang.StringLatin1::hashCode (42 bytes)
Event: 0.116 Thread 0x00007f124c05e800   70       3       java.lang.CharacterDataLatin1::getProperties (11 bytes)
Event: 0.117 Thread 0x00007f124c05e800 nmethod 70 0x00007f1234887610 code [0x00007f12348877c0, 0x00007f1234887970]

GC Heap History (0 events):
No events

Deoptimization events (0 events):
No events

Classes redefined (0 events):
No events

Internal exceptions (0 events):
No events

Events (20 events):
Event: 0.022 Protecting memory [0x00007f12325ef000,0x00007f12325f3000] with protection modes 0
Event: 0.025 Thread 0x00007f124c05e800 Thread added: 0x00007f124c05e800
Event: 0.025 Protecting memory [0x00007f12324ee000,0x00007f12324f2000] with protection modes 0
Event: 0.029 Thread 0x00007f124c060800 Thread added: 0x00007f124c060800
Event: 0.034 Protecting memory [0x00007f12323ed000,0x00007f12323f1000] with protection modes 0
Event: 0.098 Thread 0x00007f124c09b000 Thread added: 0x00007f124c09b000
Event: 0.099 Executing VM operation: EnableBiasedLocking
Event: 0.100 Protecting memory [0x00007f12322ec000,0x00007f12322f0000] with protection modes 0
Event: 0.102 Executing VM operation: EnableBiasedLocking done
Event: 0.102 loading class jdk/internal/vm/PostVMInitHook
Event: 0.102 loading class jdk/internal/vm/PostVMInitHook done
Event: 0.103 loading class Main
Event: 0.103 loading class Main done
Event: 0.107 loading class jdk/internal/loader/URLClassPath$FileLoader
Event: 0.107 loading class jdk/internal/loader/URLClassPath$FileLoader done
Event: 0.108 loading class jdk/internal/loader/URLClassPath$FileLoader$1
Event: 0.108 loading class jdk/internal/loader/URLClassPath$FileLoader$1 done
Event: 0.110 Thread 0x00007f124c0a0800 Thread added: 0x00007f124c0a0800
Event: 0.117 Protecting memory [0x00007f12320e9000,0x00007f12320ed000] with protection modes 0
Event: 0.117 Executing VM operation: RevokeBias


Dynamic libraries:
bd400000-beaa0000 rw-p 00000000 00:00 0 
beaa0000-d3800000 ---p 00000000 00:00 0 
d3800000-d6560000 rw-p 00000000 00:00 0 
d6560000-100000000 ---p 00000000 00:00 0 
800000000-800002000 rwxp 00001000 08:01 269320                           /usr/lib/jvm/java-11-openjdk-amd64/lib/server/classes.jsa
800002000-8003b8000 rw-p 00003000 08:01 269320                           /usr/lib/jvm/java-11-openjdk-amd64/lib/server/classes.jsa
8003b8000-800a7f000 r--p 003b9000 08:01 269320                           /usr/lib/jvm/java-11-openjdk-amd64/lib/server/classes.jsa
800a7f000-800a80000 rw-p 00a80000 08:01 269320                           /usr/lib/jvm/java-11-openjdk-amd64/lib/server/classes.jsa
800a80000-80108c000 r--p 00a81000 08:01 269320                           /usr/lib/jvm/java-11-openjdk-amd64/lib/server/classes.jsa
840000000-840080000 rw-p 00000000 00:00 0 
840080000-880000000 ---p 00000000 00:00 0 
55b53dc18000-55b53dc19000 r-xp 00000000 08:01 268029                     /usr/lib/jvm/java-11-openjdk-amd64/bin/java
55b53de19000-55b53de1a000 r--p 00001000 08:01 268029                     /usr/lib/jvm/java-11-openjdk-amd64/bin/java
55b53de1a000-55b53de1b000 rw-p 00002000 08:01 268029                     /usr/lib/jvm/java-11-openjdk-amd64/bin/java
55b53e3d9000-55b53e3fa000 rw-p 00000000 00:00 0                          [heap]
7f1214000000-7f1214086000 rw-p 00000000 00:00 0 
7f1214086000-7f1218000000 ---p 00000000 00:00 0 
7f1218000000-7f1218021000 rw-p 00000000 00:00 0 
7f1218021000-7f121c000000 ---p 00000000 00:00 0 
7f121c000000-7f121c021000 rw-p 00000000 00:00 0 
7f121c021000-7f1220000000 ---p 00000000 00:00 0 
7f1220000000-7f122005e000 rw-p 00000000 00:00 0 
7f122005e000-7f1224000000 ---p 00000000 00:00 0 
7f1224000000-7f1224021000 rw-p 00000000 00:00 0 
7f1224021000-7f1228000000 ---p 00000000 00:00 0 
7f1228000000-7f1228021000 rw-p 00000000 00:00 0 
7f1228021000-7f122c000000 ---p 00000000 00:00 0 
7f122c000000-7f122c1df000 rw-p 00000000 00:00 0 
7f122c1df000-7f1230000000 ---p 00000000 00:00 0 
7f1231ff7000-7f12320e9000 rw-p 00000000 00:00 0 
7f12320e9000-7f12320ed000 ---p 00000000 00:00 0 
7f12320ed000-7f12321ea000 rw-p 00000000 00:00 0 
7f12321ea000-7f12321eb000 ---p 00000000 00:00 0 
7f12321eb000-7f12322ec000 rw-p 00000000 00:00 0 
7f12322ec000-7f12322f0000 ---p 00000000 00:00 0 
7f12322f0000-7f12323ed000 rw-p 00000000 00:00 0 
7f12323ed000-7f12323f1000 ---p 00000000 00:00 0 
7f12323f1000-7f12324ee000 rw-p 00000000 00:00 0 
7f12324ee000-7f12324f2000 ---p 00000000 00:00 0 
7f12324f2000-7f12325ef000 rw-p 00000000 00:00 0 
7f12325ef000-7f12325f3000 ---p 00000000 00:00 0 
7f12325f3000-7f12326f0000 rw-p 00000000 00:00 0 
7f12326f0000-7f12326f4000 ---p 00000000 00:00 0 
7f12326f4000-7f12327f1000 rw-p 00000000 00:00 0 
7f12327f1000-7f1233208000 r--p 00000000 08:01 269088                     /usr/lib/locale/locale-archive
7f123320a000-7f123320e000 ---p 00000000 00:00 0 
7f123320e000-7f123330b000 rw-p 00000000 00:00 0 
7f123330b000-7f123330f000 ---p 00000000 00:00 0 
7f123330f000-7f123340c000 rw-p 00000000 00:00 0 
7f123340c000-7f123340d000 ---p 00000000 00:00 0 
7f123340d000-7f12339cf000 rw-p 00000000 00:00 0 
7f12339cf000-7f1233d8f000 ---p 00000000 00:00 0 
7f1233d8f000-7f1233da6000 rw-p 00000000 00:00 0 
7f1233da6000-7f1233ef4000 ---p 00000000 00:00 0 
7f1233ef4000-7f1233f00000 rw-p 00000000 00:00 0 
7f1233f00000-7f1233fa6000 ---p 00000000 00:00 0 
7f1233fa6000-7f1233fbd000 rw-p 00000000 00:00 0 
7f1233fbd000-7f123410a000 ---p 00000000 00:00 0 
7f123410a000-7f1234110000 rw-p 00000000 00:00 0 
7f1234110000-7f12341f6000 ---p 00000000 00:00 0 
7f12341f6000-7f12341fb000 rw-p 00000000 00:00 0 
7f12341fb000-7f12342e1000 ---p 00000000 00:00 0 
7f12342e1000-7f1234551000 rwxp 00000000 00:00 0 
7f1234551000-7f1234870000 ---p 00000000 00:00 0 
7f1234870000-7f1234ae0000 rwxp 00000000 00:00 0 
7f1234ae0000-7f123bda8000 ---p 00000000 00:00 0 
7f123bda8000-7f123c018000 rwxp 00000000 00:00 0 
7f123c018000-7f12432e1000 ---p 00000000 00:00 0 
7f12432e1000-7f124b9d4000 r--s 00000000 08:01 269009                     /usr/lib/jvm/java-11-openjdk-amd64/lib/modules
7f124b9d9000-7f124b9de000 r-xp 00000000 08:01 268991                     /usr/lib/jvm/java-11-openjdk-amd64/lib/libjimage.so
7f124b9de000-7f124bbdd000 ---p 00005000 08:01 268991                     /usr/lib/jvm/java-11-openjdk-amd64/lib/libjimage.so
7f124bbdd000-7f124bbde000 r--p 00004000 08:01 268991                     /usr/lib/jvm/java-11-openjdk-amd64/lib/libjimage.so
7f124bbde000-7f124bbdf000 rw-p 00005000 08:01 268991                     /usr/lib/jvm/java-11-openjdk-amd64/lib/libjimage.so
7f124bbe1000-7f124bbe8000 r-xp 00000000 08:01 269008                     /usr/lib/jvm/java-11-openjdk-amd64/lib/libzip.so
7f124bbe8000-7f124bde7000 ---p 00007000 08:01 269008                     /usr/lib/jvm/java-11-openjdk-amd64/lib/libzip.so
7f124bde7000-7f124bde8000 r--p 00006000 08:01 269008                     /usr/lib/jvm/java-11-openjdk-amd64/lib/libzip.so
7f124bde8000-7f124bde9000 rw-p 00007000 08:01 269008                     /usr/lib/jvm/java-11-openjdk-amd64/lib/libzip.so
7f124bde9000-7f124bdf4000 r-xp 00000000 08:01 1316551                    /lib/x86_64-linux-gnu/libnss_files-2.27.so
7f124bdf4000-7f124bff3000 ---p 0000b000 08:01 1316551                    /lib/x86_64-linux-gnu/libnss_files-2.27.so
7f124bff3000-7f124bff4000 r--p 0000a000 08:01 1316551                    /lib/x86_64-linux-gnu/libnss_files-2.27.so
7f124bff4000-7f124bff5000 rw-p 0000b000 08:01 1316551                    /lib/x86_64-linux-gnu/libnss_files-2.27.so
7f124bff5000-7f124bffb000 rw-p 00000000 00:00 0 
7f124c000000-7f124c0a6000 rw-p 00000000 00:00 0 
7f124c0a6000-7f1250000000 ---p 00000000 00:00 0 
7f1250038000-7f1250061000 rw-p 00000000 00:00 0 
7f1250061000-7f1250078000 r-xp 00000000 08:01 1316545                    /lib/x86_64-linux-gnu/libnsl-2.27.so
7f1250078000-7f1250277000 ---p 00017000 08:01 1316545                    /lib/x86_64-linux-gnu/libnsl-2.27.so
7f1250277000-7f1250278000 r--p 00016000 08:01 1316545                    /lib/x86_64-linux-gnu/libnsl-2.27.so
7f1250278000-7f1250279000 rw-p 00017000 08:01 1316545                    /lib/x86_64-linux-gnu/libnsl-2.27.so
7f1250279000-7f125027b000 rw-p 00000000 00:00 0 
7f1250281000-7f125028c000 r-xp 00000000 08:01 1316562                    /lib/x86_64-linux-gnu/libnss_nis-2.27.so
7f125028c000-7f125048b000 ---p 0000b000 08:01 1316562                    /lib/x86_64-linux-gnu/libnss_nis-2.27.so
7f125048b000-7f125048c000 r--p 0000a000 08:01 1316562                    /lib/x86_64-linux-gnu/libnss_nis-2.27.so
7f125048c000-7f125048d000 rw-p 0000b000 08:01 1316562                    /lib/x86_64-linux-gnu/libnss_nis-2.27.so
7f1250491000-7f1250499000 r-xp 00000000 08:01 1316547                    /lib/x86_64-linux-gnu/libnss_compat-2.27.so
7f1250499000-7f1250699000 ---p 00008000 08:01 1316547                    /lib/x86_64-linux-gnu/libnss_compat-2.27.so
7f1250699000-7f125069a000 r--p 00008000 08:01 1316547                    /lib/x86_64-linux-gnu/libnss_compat-2.27.so
7f125069a000-7f125069b000 rw-p 00009000 08:01 1316547                    /lib/x86_64-linux-gnu/libnss_compat-2.27.so
7f12506a1000-7f12506ca000 r-xp 00000000 08:01 268987                     /usr/lib/jvm/java-11-openjdk-amd64/lib/libjava.so
7f12506ca000-7f12508c9000 ---p 00029000 08:01 268987                     /usr/lib/jvm/java-11-openjdk-amd64/lib/libjava.so
7f12508c9000-7f12508ca000 r--p 00028000 08:01 268987                     /usr/lib/jvm/java-11-openjdk-amd64/lib/libjava.so
7f12508ca000-7f12508cc000 rw-p 00029000 08:01 268987                     /usr/lib/jvm/java-11-openjdk-amd64/lib/libjava.so
7f12508d1000-7f12508de000 r-xp 00000000 08:01 269007                     /usr/lib/jvm/java-11-openjdk-amd64/lib/libverify.so
7f12508de000-7f1250add000 ---p 0000d000 08:01 269007                     /usr/lib/jvm/java-11-openjdk-amd64/lib/libverify.so
7f1250add000-7f1250adf000 r--p 0000c000 08:01 269007                     /usr/lib/jvm/java-11-openjdk-amd64/lib/libverify.so
7f1250adf000-7f1250ae0000 rw-p 0000e000 08:01 269007                     /usr/lib/jvm/java-11-openjdk-amd64/lib/libverify.so
7f1250ae1000-7f1250ae8000 r-xp 00000000 08:01 1316602                    /lib/x86_64-linux-gnu/librt-2.27.so
7f1250ae8000-7f1250ce7000 ---p 00007000 08:01 1316602                    /lib/x86_64-linux-gnu/librt-2.27.so
7f1250ce7000-7f1250ce8000 r--p 00006000 08:01 1316602                    /lib/x86_64-linux-gnu/librt-2.27.so
7f1250ce8000-7f1250ce9000 rw-p 00007000 08:01 1316602                    /lib/x86_64-linux-gnu/librt-2.27.so
7f1250ce9000-7f1250d00000 r-xp 00000000 08:01 1317234                    /lib/x86_64-linux-gnu/libgcc_s.so.1
7f1250d00000-7f1250eff000 ---p 00017000 08:01 1317234                    /lib/x86_64-linux-gnu/libgcc_s.so.1
7f1250eff000-7f1250f00000 r--p 00016000 08:01 1317234                    /lib/x86_64-linux-gnu/libgcc_s.so.1
7f1250f00000-7f1250f01000 rw-p 00017000 08:01 1317234                    /lib/x86_64-linux-gnu/libgcc_s.so.1
7f1250f01000-7f125109e000 r-xp 00000000 08:01 1316524                    /lib/x86_64-linux-gnu/libm-2.27.so
7f125109e000-7f125129d000 ---p 0019d000 08:01 1316524                    /lib/x86_64-linux-gnu/libm-2.27.so
7f125129d000-7f125129e000 r--p 0019c000 08:01 1316524                    /lib/x86_64-linux-gnu/libm-2.27.so
7f125129e000-7f125129f000 rw-p 0019d000 08:01 1316524                    /lib/x86_64-linux-gnu/libm-2.27.so
7f12512a1000-7f125141a000 r-xp 00000000 08:01 266061                     /usr/lib/x86_64-linux-gnu/libstdc++.so.6.0.25
7f125141a000-7f125161a000 ---p 00179000 08:01 266061                     /usr/lib/x86_64-linux-gnu/libstdc++.so.6.0.25
7f125161a000-7f1251624000 r--p 00179000 08:01 266061                     /usr/lib/x86_64-linux-gnu/libstdc++.so.6.0.25
7f1251624000-7f1251626000 rw-p 00183000 08:01 266061                     /usr/lib/x86_64-linux-gnu/libstdc++.so.6.0.25
7f1251626000-7f125162a000 rw-p 00000000 00:00 0 
7f1251631000-7f125270e000 r-xp 00000000 08:01 269014                     /usr/lib/jvm/java-11-openjdk-amd64/lib/server/libjvm.so
7f125270e000-7f125290d000 ---p 010dd000 08:01 269014                     /usr/lib/jvm/java-11-openjdk-amd64/lib/server/libjvm.so
7f125290d000-7f12529ca000 r--p 010dc000 08:01 269014                     /usr/lib/jvm/java-11-openjdk-amd64/lib/server/libjvm.so
7f12529ca000-7f1252a04000 rw-p 01199000 08:01 269014                     /usr/lib/jvm/java-11-openjdk-amd64/lib/server/libjvm.so
7f1252a04000-7f1252a5a000 rw-p 00000000 00:00 0 
7f1252a61000-7f1252a7b000 r-xp 00000000 08:01 1316594                    /lib/x86_64-linux-gnu/libpthread-2.27.so
7f1252a7b000-7f1252c7a000 ---p 0001a000 08:01 1316594                    /lib/x86_64-linux-gnu/libpthread-2.27.so
7f1252c7a000-7f1252c7b000 r--p 00019000 08:01 1316594                    /lib/x86_64-linux-gnu/libpthread-2.27.so
7f1252c7b000-7f1252c7c000 rw-p 0001a000 08:01 1316594                    /lib/x86_64-linux-gnu/libpthread-2.27.so
7f1252c7c000-7f1252c80000 rw-p 00000000 00:00 0 
7f1252c81000-7f1252c84000 r-xp 00000000 08:01 1316484                    /lib/x86_64-linux-gnu/libdl-2.27.so
7f1252c84000-7f1252e83000 ---p 00003000 08:01 1316484                    /lib/x86_64-linux-gnu/libdl-2.27.so
7f1252e83000-7f1252e84000 r--p 00002000 08:01 1316484                    /lib/x86_64-linux-gnu/libdl-2.27.so
7f1252e84000-7f1252e85000 rw-p 00003000 08:01 1316484                    /lib/x86_64-linux-gnu/libdl-2.27.so
7f1252e89000-7f1252ea5000 r-xp 00000000 08:01 1316633                    /lib/x86_64-linux-gnu/libz.so.1.2.11
7f1252ea5000-7f12530a4000 ---p 0001c000 08:01 1316633                    /lib/x86_64-linux-gnu/libz.so.1.2.11
7f12530a4000-7f12530a5000 r--p 0001b000 08:01 1316633                    /lib/x86_64-linux-gnu/libz.so.1.2.11
7f12530a5000-7f12530a6000 rw-p 0001c000 08:01 1316633                    /lib/x86_64-linux-gnu/libz.so.1.2.11
7f12530a9000-7f1253290000 r-xp 00000000 08:01 1316461                    /lib/x86_64-linux-gnu/libc-2.27.so
7f1253290000-7f1253490000 ---p 001e7000 08:01 1316461                    /lib/x86_64-linux-gnu/libc-2.27.so
7f1253490000-7f1253494000 r--p 001e7000 08:01 1316461                    /lib/x86_64-linux-gnu/libc-2.27.so
7f1253494000-7f1253496000 rw-p 001eb000 08:01 1316461                    /lib/x86_64-linux-gnu/libc-2.27.so
7f1253496000-7f125349a000 rw-p 00000000 00:00 0 
7f12534a1000-7f12534b1000 r-xp 00000000 08:01 268272                     /usr/lib/jvm/java-11-openjdk-amd64/lib/jli/libjli.so
7f12534b1000-7f12536b0000 ---p 00010000 08:01 268272                     /usr/lib/jvm/java-11-openjdk-amd64/lib/jli/libjli.so
7f12536b0000-7f12536b1000 r--p 0000f000 08:01 268272                     /usr/lib/jvm/java-11-openjdk-amd64/lib/jli/libjli.so
7f12536b1000-7f12536b2000 rw-p 00010000 08:01 268272                     /usr/lib/jvm/java-11-openjdk-amd64/lib/jli/libjli.so
7f12536b9000-7f12536e0000 r-xp 00000000 08:01 1316433                    /lib/x86_64-linux-gnu/ld-2.27.so
7f12536f7000-7f12537c1000 rw-p 00000000 00:00 0 
7f12537c1000-7f12537c8000 ---p 00000000 00:00 0 
7f12537c8000-7f12537ca000 r--s 00007000 08:01 535190                     /usr/share/java/java-atk-wrapper.jar
7f12537d1000-7f12537d9000 rw-s 00000000 08:01 658561                     /tmp/hsperfdata_C24061096/32446
7f12537d9000-7f12537da000 ---p 00000000 00:00 0 
7f12537da000-7f12537db000 r--p 00000000 00:00 0 
7f12537db000-7f12537df000 ---p 00000000 00:00 0 
7f12537df000-7f12538e0000 rw-p 00000000 00:00 0 
7f12538e0000-7f12538e1000 r--p 00027000 08:01 1316433                    /lib/x86_64-linux-gnu/ld-2.27.so
7f12538e1000-7f12538e2000 rw-p 00028000 08:01 1316433                    /lib/x86_64-linux-gnu/ld-2.27.so
7f12538e2000-7f12538e3000 rw-p 00000000 00:00 0 
7ffff48a7000-7ffff48c8000 rw-p 00000000 00:00 0                          [stack]
7ffff49e9000-7ffff49ec000 r--p 00000000 00:00 0                          [vvar]
7ffff49ec000-7ffff49ed000 r-xp 00000000 00:00 0                          [vdso]
ffffffffff600000-ffffffffff601000 --xp 00000000 00:00 0                  [vsyscall]


VM Arguments:
jvm_args: -Xverify:none 
java_command: Main
java_class_path (initial): .
Launcher Type: SUN_STANDARD

[Global flags]
     bool BytecodeVerificationLocal                = false                                     {product} {command line}
     bool BytecodeVerificationRemote               = false                                     {product} {command line}
     intx CICompilerCount                          = 2                                         {product} {ergonomic}
   size_t InitialHeapSize                          = 71303168                                  {product} {ergonomic}
   size_t MaxHeapSize                              = 1119879168                                {product} {ergonomic}
   size_t MaxNewSize                               = 373293056                                 {product} {ergonomic}
   size_t MinHeapDeltaBytes                        = 196608                                    {product} {ergonomic}
   size_t NewSize                                  = 23724032                                  {product} {ergonomic}
    uintx NonNMethodCodeHeapSize                   = 5825164                                {pd product} {ergonomic}
    uintx NonProfiledCodeHeapSize                  = 122916538                              {pd product} {ergonomic}
   size_t OldSize                                  = 47579136                                  {product} {ergonomic}
    uintx ProfiledCodeHeapSize                     = 122916538                              {pd product} {ergonomic}
    uintx ReservedCodeCacheSize                    = 251658240                              {pd product} {ergonomic}
     bool SegmentedCodeCache                       = true                                      {product} {ergonomic}
     bool UseCompressedClassPointers               = true                                 {lp64_product} {ergonomic}
     bool UseCompressedOops                        = true                                 {lp64_product} {ergonomic}
     bool UseSerialGC                              = true                                      {product} {ergonomic}

Logging:
Log output configuration:
 #0: stdout all=warning uptime,level,tags
 #1: stderr all=off uptime,level,tags

Environment Variables:
PATH=/usr/local/sbin:/usr/local/bin:/usr/sbin:/usr/bin:/sbin:/bin:/usr/games:/usr/local/games:/snap/bin
USERNAME=C24061096
SHELL=/bin/bash
DISPLAY=:1

Signal Handlers:
SIGSEGV: [libjvm.so+0xdf8d00], sa_mask[0]=11111111011111111101111111111110, sa_flags=SA_RESTART|SA_SIGINFO
SIGBUS: [libjvm.so+0xdf8d00], sa_mask[0]=11111111011111111101111111111110, sa_flags=SA_RESTART|SA_SIGINFO
SIGFPE: [libjvm.so+0xdf8d00], sa_mask[0]=11111111011111111101111111111110, sa_flags=SA_RESTART|SA_SIGINFO
SIGPIPE: [libjvm.so+0xbcbc30], sa_mask[0]=11111111011111111101111111111110, sa_flags=SA_RESTART|SA_SIGINFO
SIGXFSZ: [libjvm.so+0xbcbc30], sa_mask[0]=11111111011111111101111111111110, sa_flags=SA_RESTART|SA_SIGINFO
SIGILL: [libjvm.so+0xdf8d00], sa_mask[0]=11111111011111111101111111111110, sa_flags=SA_RESTART|SA_SIGINFO
SIGUSR2: [libjvm.so+0xbcbad0], sa_mask[0]=00000000000000000000000000000000, sa_flags=SA_RESTART|SA_SIGINFO
SIGHUP: [libjvm.so+0xbcbe30], sa_mask[0]=11111111011111111101111111111110, sa_flags=SA_RESTART|SA_SIGINFO
SIGINT: [libjvm.so+0xbcbe30], sa_mask[0]=11111111011111111101111111111110, sa_flags=SA_RESTART|SA_SIGINFO
SIGTERM: [libjvm.so+0xbcbe30], sa_mask[0]=11111111011111111101111111111110, sa_flags=SA_RESTART|SA_SIGINFO
SIGQUIT: [libjvm.so+0xbcbe30], sa_mask[0]=11111111011111111101111111111110, sa_flags=SA_RESTART|SA_SIGINFO


---------------  S Y S T E M  ---------------

OS:DISTRIB_ID=Ubuntu
DISTRIB_RELEASE=18.04
DISTRIB_CODENAME=bionic
DISTRIB_DESCRIPTION="Ubuntu 18.04.4 LTS"
uname:Linux 5.3.0-46-generic #38~18.04.1-Ubuntu SMP Tue Mar 31 04:17:56 UTC 2020 x86_64
OS uptime: 2 days 21:43 hours
libc:glibc 2.27 NPTL 2.27 
rlimit: STACK 8192k, CORE 0k, NPROC 16888, NOFILE 4096, AS infinity, CPU infinity, DATA infinity, FSIZE infinity
load average:0.64 0.38 0.44

/proc/meminfo:
MemTotal:        4372092 kB
MemFree:          116188 kB
MemAvailable:    1053820 kB
Buffers:          227344 kB
Cached:          1155880 kB
SwapCached:        15308 kB
Active:          3024268 kB
Inactive:         844724 kB
Active(anon):    2216948 kB
Inactive(anon):   560656 kB
Active(file):     807320 kB
Inactive(file):   284068 kB
Unevictable:         112 kB
Mlocked:             112 kB
SwapTotal:       1942896 kB
SwapFree:        1532272 kB
Dirty:               620 kB
Writeback:             0 kB
AnonPages:       2478660 kB
Mapped:           518228 kB
Shmem:            293056 kB
KReclaimable:     101404 kB
Slab:             158944 kB
SReclaimable:     101404 kB
SUnreclaim:        57540 kB
KernelStack:       17040 kB
PageTables:        91592 kB
NFS_Unstable:          0 kB
Bounce:                0 kB
WritebackTmp:          0 kB
CommitLimit:     4128940 kB
Committed_AS:   12676996 kB
VmallocTotal:   34359738367 kB
VmallocUsed:       52048 kB
VmallocChunk:          0 kB
Percpu:              360 kB
HardwareCorrupted:     0 kB
AnonHugePages:         0 kB
ShmemHugePages:        0 kB
ShmemPmdMapped:        0 kB
CmaTotal:              0 kB
CmaFree:               0 kB
HugePages_Total:       0
HugePages_Free:        0
HugePages_Rsvd:        0
HugePages_Surp:        0
Hugepagesize:       2048 kB
Hugetlb:               0 kB
DirectMap4k:      238528 kB
DirectMap2M:     4308992 kB


/proc/sys/kernel/threads-max (system-wide limit on the number of threads):
33776


/proc/sys/vm/max_map_count (maximum number of memory map areas a process may have):
65530


/proc/sys/kernel/pid_max (system-wide limit on number of process identifiers):
32768



container (cgroup) information:
container_type: cgroupv1
cpu_cpuset_cpus: 0
cpu_memory_nodes: 0
active_processor_count: 1
cpu_quota: -1
cpu_period: 100000
cpu_shares: -1
memory_limit_in_bytes: -1
memory_and_swap_limit_in_bytes: -2
memory_soft_limit_in_bytes: -1
memory_usage_in_bytes: 3958398976
memory_max_usage_in_bytes: 96284672

KVM virtualization detected
Steal ticks since vm start: 0
Steal ticks percentage since vm start:  0.000

CPU:total 1 (initial active 1) (1 cores per cpu, 1 threads per core) family 21 model 112 stepping 0, cmov, cx8, fxsr, mmx, sse, sse2, sse3, ssse3, sse4.1, sse4.2, popcnt, avx, avx2, aes, clmul, mmxext, lzcnt, sse4a, tsc, tscinvbit, tscinv
CPU Model and flags from /proc/cpuinfo:
model name	: AMD A9-9410 RADEON R5, 5 COMPUTE CORES 2C+3G
flags		: fpu vme de pse tsc msr pae mce cx8 apic sep mtrr pge mca cmov pat pse36 clflush mmx fxsr sse sse2 ht syscall nx mmxext fxsr_opt rdtscp lm constant_tsc rep_good nopl nonstop_tsc cpuid extd_apicid tsc_known_freq pni pclmulqdq monitor ssse3 cx16 sse4_1 sse4_2 x2apic movbe popcnt aes xsave avx rdrand hypervisor lahf_lm cr8_legacy abm sse4a misalignsse 3dnowprefetch ssbd vmmcall fsgsbase avx2 arat

Memory: 4k page, physical 4372092k(116188k free), swap 1942896k(1532272k free)

vm_info: OpenJDK 64-Bit Server VM (11.0.7+10-post-Ubuntu-2ubuntu218.04) for linux-amd64 JRE (11.0.7+10-post-Ubuntu-2ubuntu218.04), built on Apr 15 2020 21:12:54 by "unknown" with gcc 7.5.0

END.
