#
# A fatal error has been detected by the Java Runtime Environment:
#
#  Internal Error (generateOopMap.cpp:2164), pid=15638, tid=15645
#  fatal error: Illegal class file encountered. Try running with -Xverify:all in method main
#
# JRE version: OpenJDK Runtime Environment (11.0.7+10) (build 11.0.7+10-post-Ubuntu-2ubuntu218.04)
# Java VM: OpenJDK 64-Bit Server VM (11.0.7+10-post-Ubuntu-2ubuntu218.04, mixed mode, sharing, tiered, compressed oops, serial gc, linux-amd64)
# Core dump will be written. Default location: Core dumps may be processed with "/usr/share/apport/apport %p %s %c %d %P %E" (or dumping to /home/C24061096/Compiler_C24061096_HW3/core.15638)
#
# If you would like to submit a bug report, please visit:
#   https://bugs.launchpad.net/ubuntu/+source/openjdk-lts
#

---------------  S U M M A R Y ------------

Command Line: -Xverify:none Main

Host: AMD A9-9410 RADEON R5, 5 COMPUTE CORES 2C+3G, 1 cores, 4G, Ubuntu 18.04.4 LTS
Time: Mon Jun  8 03:14:11 2020 CST elapsed time: 1 seconds (0d 0h 0m 1s)

---------------  T H R E A D  ---------------

Current thread (0x00007fe66805e800):  JavaThread "C1 CompilerThread0" daemon [_thread_in_vm, id=15645, stack(0x00007fe64da6e000,0x00007fe64db6f000)]


Current CompileTask:
C1:   1826  183 %     3       Main::main @ 11 (44 bytes)

Stack: [0x00007fe64da6e000,0x00007fe64db6f000],  sp=0x00007fe64db6c490,  free space=1017k
Native frames: (J=compiled Java code, A=aot compiled Java code, j=interpreted, Vv=VM code, C=native code)
V  [libjvm.so+0xdf8009]
V  [libjvm.so+0xdf8c5f]
V  [libjvm.so+0x6513fa]
V  [libjvm.so+0x7b8978]
V  [libjvm.so+0x7b8a4b]
V  [libjvm.so+0x7bda38]
V  [libjvm.so+0x7c018d]
V  [libjvm.so+0x7c0539]
V  [libjvm.so+0xbbdb8a]
V  [libjvm.so+0xbbe10b]
V  [libjvm.so+0x54ece0]
V  [libjvm.so+0x470010]
V  [libjvm.so+0x480208]
V  [libjvm.so+0x481a47]
V  [libjvm.so+0x485dda]
V  [libjvm.so+0x486a06]
V  [libjvm.so+0x467606]
V  [libjvm.so+0x467e53]
V  [libjvm.so+0x467fef]
V  [libjvm.so+0x46844f]
V  [libjvm.so+0x468d2e]
V  [libjvm.so+0x5fdb33]
V  [libjvm.so+0x5ff2d8]
V  [libjvm.so+0xd8918f]
V  [libjvm.so+0xd85acf]
V  [libjvm.so+0xbd59de]


---------------  P R O C E S S  ---------------

Threads class SMR info:
_java_thread_list=0x00007fe6680ad3e0, length=9, elements={
0x00007fe668015800, 0x00007fe668051000, 0x00007fe668053000, 0x00007fe66805a000,
0x00007fe66805c800, 0x00007fe66805e800, 0x00007fe668060800, 0x00007fe6680a2800,
0x00007fe6680ac000
}

Java Threads: ( => current thread )
  0x00007fe668015800 JavaThread "main" [_thread_in_vm, id=15639, stack(0x00007fe66ed2f000,0x00007fe66ee30000)]
  0x00007fe668051000 JavaThread "Reference Handler" daemon [_thread_blocked, id=15641, stack(0x00007fe64e88b000,0x00007fe64e98c000)]
  0x00007fe668053000 JavaThread "Finalizer" daemon [_thread_blocked, id=15642, stack(0x00007fe64e78a000,0x00007fe64e88b000)]
  0x00007fe66805a000 JavaThread "Signal Dispatcher" daemon [_thread_blocked, id=15643, stack(0x00007fe64dc70000,0x00007fe64dd71000)]
  0x00007fe66805c800 JavaThread "C2 CompilerThread0" daemon [_thread_blocked, id=15644, stack(0x00007fe64db6f000,0x00007fe64dc70000)]
=>0x00007fe66805e800 JavaThread "C1 CompilerThread0" daemon [_thread_in_vm, id=15645, stack(0x00007fe64da6e000,0x00007fe64db6f000)]
  0x00007fe668060800 JavaThread "Sweeper thread" daemon [_thread_blocked, id=15646, stack(0x00007fe64d96d000,0x00007fe64da6e000)]
  0x00007fe6680a2800 JavaThread "Service Thread" daemon [_thread_blocked, id=15647, stack(0x00007fe64d86c000,0x00007fe64d96d000)]
  0x00007fe6680ac000 JavaThread "Common-Cleaner" daemon [_thread_blocked, id=15649, stack(0x00007fe64d669000,0x00007fe64d76a000)]

Other Threads:
  0x00007fe66804e000 VMThread "VM Thread" [stack: 0x00007fe64e98e000,0x00007fe64ea8e000] [id=15640]
  0x00007fe6680a5000 WatcherThread [stack: 0x00007fe64d76c000,0x00007fe64d86c000] [id=15648]

Threads with active compile tasks:
C1 CompilerThread0   1827  183 %     3       Main::main @ 11 (44 bytes)

VM state:not at safepoint (normal execution)

VM Mutex/Monitor currently owned by a thread: None

Heap address: 0x00000000bd400000, size: 1068 MB, Compressed Oops mode: 32-bit
Narrow klass base: 0x0000000800000000, Narrow klass shift: 3
Compressed class space size: 1073741824 Address: 0x0000000840000000

Heap:
 def new generation   total 20864K, used 8538K [0x00000000bd400000, 0x00000000beaa0000, 0x00000000d3800000)
  eden space 18560K,  46% used [0x00000000bd400000, 0x00000000bdc569a0, 0x00000000be620000)
  from space 2304K,   0% used [0x00000000be620000, 0x00000000be620000, 0x00000000be860000)
  to   space 2304K,   0% used [0x00000000be860000, 0x00000000be860000, 0x00000000beaa0000)
 tenured generation   total 46464K, used 0K [0x00000000d3800000, 0x00000000d6560000, 0x0000000100000000)
   the space 46464K,   0% used [0x00000000d3800000, 0x00000000d3800000, 0x00000000d3800200, 0x00000000d6560000)
 Metaspace       used 236K, capacity 4486K, committed 4864K, reserved 1056768K
  class space    used 5K, capacity 386K, committed 512K, reserved 1048576K

Card table byte_map: [0x00007fe64f474000,0x00007fe64f68b000] _byte_map_base: 0x00007fe64ee8a000

Polling page: 0x00007fe66ee33000

Metaspace:

Usage:
  Non-class:      4.00 MB capacity,   231.28 KB (  6%) used,     3.78 MB ( 94%) free+waste,   128 bytes ( <1%) overhead. 
      Class:    386.00 KB capacity,     5.67 KB (  1%) used,   380.20 KB ( 98%) free+waste,   128 bytes ( <1%) overhead. 
       Both:      4.38 MB capacity,   236.95 KB (  5%) used,     4.15 MB ( 95%) free+waste,   256 bytes ( <1%) overhead. 

Virtual space:
  Non-class space:        8.00 MB reserved,       4.25 MB ( 53%) committed 
      Class space:        1.00 GB reserved,     512.00 KB ( <1%) committed 
             Both:        1.01 GB reserved,       4.75 MB ( <1%) committed 

Chunk freelists:
   Non-Class:  0 bytes
       Class:  0 bytes
        Both:  0 bytes

MaxMetaspaceSize: unlimited
CompressedClassSpaceSize: 1.00 GB

CodeHeap 'non-profiled nmethods': size=120036Kb used=79Kb max_used=79Kb free=119956Kb
 bounds [0x00007fe657328000, 0x00007fe657598000, 0x00007fe65e861000]
CodeHeap 'profiled nmethods': size=120032Kb used=262Kb max_used=262Kb free=119769Kb
 bounds [0x00007fe64fdf0000, 0x00007fe650060000, 0x00007fe657328000]
CodeHeap 'non-nmethods': size=5692Kb used=986Kb max_used=1005Kb free=4705Kb
 bounds [0x00007fe64f861000, 0x00007fe64fad1000, 0x00007fe64fdf0000]
 total_blobs=512 nmethods=175 adapters=155
 compilation: enabled
              stopped_count=0, restarted_count=0
 full_count=0

Compilation events (20 events):
Event: 0.662 Thread 0x00007fe66805c800 nmethod 167 0x00007fe657331310 code [0x00007fe6573314c0, 0x00007fe6573317f8]
Event: 0.662 Thread 0x00007fe66805c800  169   !   4       java.io.BufferedWriter::flushBuffer (53 bytes)
Event: 0.740 Thread 0x00007fe66805c800 nmethod 169 0x00007fe657331a90 code [0x00007fe657331c80, 0x00007fe6573329a8]
Event: 0.740 Thread 0x00007fe66805c800  170   !   4       java.io.BufferedWriter::write (117 bytes)
Event: 0.782 Thread 0x00007fe66805c800 nmethod 170 0x00007fe657333310 code [0x00007fe6573334c0, 0x00007fe657333c78]
Event: 0.782 Thread 0x00007fe66805c800  176  s    4       java.io.BufferedOutputStream::write (67 bytes)
Event: 0.799 Thread 0x00007fe66805c800 nmethod 176 0x00007fe657334190 code [0x00007fe657334340, 0x00007fe657334698]
Event: 0.799 Thread 0x00007fe66805c800  173   !   4       sun.nio.cs.StreamEncoder::flushBuffer (42 bytes)
Event: 0.871 Thread 0x00007fe66805c800 nmethod 173 0x00007fe657334810 code [0x00007fe657334a00, 0x00007fe657335aa8]
Event: 0.871 Thread 0x00007fe66805c800  177       4       java.lang.Integer::stringSize (47 bytes)
Event: 0.886 Thread 0x00007fe66805c800 nmethod 177 0x00007fe657336290 code [0x00007fe657336420, 0x00007fe6573364d8]
Event: 0.886 Thread 0x00007fe66805c800  178       4       java.lang.Integer::getChars (131 bytes)
Event: 0.922 Thread 0x00007fe66805c800 nmethod 178 0x00007fe657336590 code [0x00007fe657336740, 0x00007fe657336b38]
Event: 0.923 Thread 0x00007fe66805c800  179   !   4       java.io.PrintStream::println (24 bytes)
Event: 1.256 Thread 0x00007fe66805c800 nmethod 179 0x00007fe657336d90 code [0x00007fe657337000, 0x00007fe657338be0]
Event: 1.257 Thread 0x00007fe66805c800  180       4       java.lang.Integer::toString (55 bytes)
Event: 1.330 Thread 0x00007fe66805c800 nmethod 180 0x00007fe657339f10 code [0x00007fe65733a0c0, 0x00007fe65733a6f8]
Event: 1.330 Thread 0x00007fe66805c800  181   !   4       java.io.PrintStream::write (83 bytes)
Event: 1.391 Thread 0x00007fe66805c800 nmethod 181 0x00007fe65733a990 code [0x00007fe65733ab80, 0x00007fe65733b738]
Event: 1.826 Thread 0x00007fe66805e800  183 %     3       Main::main @ 11 (44 bytes)

GC Heap History (0 events):
No events

Deoptimization events (4 events):
Event: 0.287 Thread 0x00007fe668015800 Uncommon trap: trap_request=0xffffff4d fr.pc=0x00007fe65732cd7c relative=0x000000000000015c
Event: 0.287 Thread 0x00007fe668015800 Uncommon trap: reason=unstable_if action=reinterpret pc=0x00007fe65732cd7c method=java.lang.String.hashCode()I @ 14 c2
Event: 0.287 Thread 0x00007fe668015800 DEOPT PACKING pc=0x00007fe65732cd7c sp=0x00007fe66ee2d1b0
Event: 0.287 Thread 0x00007fe668015800 DEOPT UNPACKING pc=0x00007fe64f888e25 sp=0x00007fe66ee2d168 mode 2

Classes redefined (0 events):
No events

Internal exceptions (0 events):
No events

Events (20 events):
Event: 0.065 Thread 0x00007fe66805e800 Thread added: 0x00007fe66805e800
Event: 0.065 Protecting memory [0x00007fe64da6e000,0x00007fe64da72000] with protection modes 0
Event: 0.066 Thread 0x00007fe668060800 Thread added: 0x00007fe668060800
Event: 0.078 Protecting memory [0x00007fe64d96d000,0x00007fe64d971000] with protection modes 0
Event: 0.276 Thread 0x00007fe6680a2800 Thread added: 0x00007fe6680a2800
Event: 0.276 Executing VM operation: EnableBiasedLocking
Event: 0.284 Protecting memory [0x00007fe64d86c000,0x00007fe64d870000] with protection modes 0
Event: 0.284 Executing VM operation: EnableBiasedLocking done
Event: 0.284 loading class jdk/internal/vm/PostVMInitHook
Event: 0.284 loading class jdk/internal/vm/PostVMInitHook done
Event: 0.286 loading class Main
Event: 0.286 loading class Main done
Event: 0.289 loading class jdk/internal/loader/URLClassPath$FileLoader
Event: 0.289 loading class jdk/internal/loader/URLClassPath$FileLoader done
Event: 0.294 loading class jdk/internal/loader/URLClassPath$FileLoader$1
Event: 0.294 loading class jdk/internal/loader/URLClassPath$FileLoader$1 done
Event: 0.296 Thread 0x00007fe6680ac000 Thread added: 0x00007fe6680ac000
Event: 0.310 Protecting memory [0x00007fe64d669000,0x00007fe64d66d000] with protection modes 0
Event: 0.310 Executing VM operation: RevokeBias
Event: 0.310 Executing VM operation: RevokeBias done


Dynamic libraries:
bd400000-beaa0000 rw-p 00000000 00:00 0 
beaa0000-d3800000 ---p 00000000 00:00 0 
d3800000-d6560000 rw-p 00000000 00:00 0 
d6560000-100000000 ---p 00000000 00:00 0 
800000000-800002000 rwxp 00001000 08:01 269320                           /usr/lib/jvm/java-11-openjdk-amd64/lib/server/classes.jsa
800002000-8003b8000 rw-p 00003000 08:01 269320                           /usr/lib/jvm/java-11-openjdk-amd64/lib/server/classes.jsa
8003b8000-800a7f000 r--p 003b9000 08:01 269320                           /usr/lib/jvm/java-11-openjdk-amd64/lib/server/classes.jsa
800a7f000-800a80000 rw-p 00a80000 08:01 269320                           /usr/lib/jvm/java-11-openjdk-amd64/lib/server/classes.jsa
800a80000-80108c000 r--p 00a81000 08:01 269320                           /usr/lib/jvm/java-11-openjdk-amd64/lib/server/classes.jsa
840000000-840080000 rw-p 00000000 00:00 0 
840080000-880000000 ---p 00000000 00:00 0 
55eb6b1ef000-55eb6b1f0000 r-xp 00000000 08:01 268029                     /usr/lib/jvm/java-11-openjdk-amd64/bin/java
55eb6b3f0000-55eb6b3f1000 r--p 00001000 08:01 268029                     /usr/lib/jvm/java-11-openjdk-amd64/bin/java
55eb6b3f1000-55eb6b3f2000 rw-p 00002000 08:01 268029                     /usr/lib/jvm/java-11-openjdk-amd64/bin/java
55eb6c775000-55eb6c796000 rw-p 00000000 00:00 0                          [heap]
7fe630000000-7fe6300df000 rw-p 00000000 00:00 0 
7fe6300df000-7fe634000000 ---p 00000000 00:00 0 
7fe634000000-7fe634021000 rw-p 00000000 00:00 0 
7fe634021000-7fe638000000 ---p 00000000 00:00 0 
7fe638000000-7fe638021000 rw-p 00000000 00:00 0 
7fe638021000-7fe63c000000 ---p 00000000 00:00 0 
7fe63c000000-7fe63c3f4000 rw-p 00000000 00:00 0 
7fe63c3f4000-7fe640000000 ---p 00000000 00:00 0 
7fe640000000-7fe640021000 rw-p 00000000 00:00 0 
7fe640021000-7fe644000000 ---p 00000000 00:00 0 
7fe644000000-7fe644021000 rw-p 00000000 00:00 0 
7fe644021000-7fe648000000 ---p 00000000 00:00 0 
7fe648000000-7fe648021000 rw-p 00000000 00:00 0 
7fe648021000-7fe64c000000 ---p 00000000 00:00 0 
7fe64d669000-7fe64d66d000 ---p 00000000 00:00 0 
7fe64d66d000-7fe64d76a000 rw-p 00000000 00:00 0 
7fe64d76a000-7fe64d76b000 ---p 00000000 00:00 0 
7fe64d76b000-7fe64d86c000 rw-p 00000000 00:00 0 
7fe64d86c000-7fe64d870000 ---p 00000000 00:00 0 
7fe64d870000-7fe64d96d000 rw-p 00000000 00:00 0 
7fe64d96d000-7fe64d971000 ---p 00000000 00:00 0 
7fe64d971000-7fe64da6e000 rw-p 00000000 00:00 0 
7fe64da6e000-7fe64da72000 ---p 00000000 00:00 0 
7fe64da72000-7fe64db6f000 rw-p 00000000 00:00 0 
7fe64db6f000-7fe64db73000 ---p 00000000 00:00 0 
7fe64db73000-7fe64dc70000 rw-p 00000000 00:00 0 
7fe64dc70000-7fe64dc74000 ---p 00000000 00:00 0 
7fe64dc74000-7fe64dd71000 rw-p 00000000 00:00 0 
7fe64dd71000-7fe64e788000 r--p 00000000 08:01 269088                     /usr/lib/locale/locale-archive
7fe64e78a000-7fe64e78e000 ---p 00000000 00:00 0 
7fe64e78e000-7fe64e88b000 rw-p 00000000 00:00 0 
7fe64e88b000-7fe64e88f000 ---p 00000000 00:00 0 
7fe64e88f000-7fe64e98c000 rw-p 00000000 00:00 0 
7fe64e98c000-7fe64e98d000 ---p 00000000 00:00 0 
7fe64e98d000-7fe64ef4f000 rw-p 00000000 00:00 0 
7fe64ef4f000-7fe64f30f000 ---p 00000000 00:00 0 
7fe64f30f000-7fe64f326000 rw-p 00000000 00:00 0 
7fe64f326000-7fe64f474000 ---p 00000000 00:00 0 
7fe64f474000-7fe64f480000 rw-p 00000000 00:00 0 
7fe64f480000-7fe64f526000 ---p 00000000 00:00 0 
7fe64f526000-7fe64f53d000 rw-p 00000000 00:00 0 
7fe64f53d000-7fe64f68a000 ---p 00000000 00:00 0 
7fe64f68a000-7fe64f690000 rw-p 00000000 00:00 0 
7fe64f690000-7fe64f776000 ---p 00000000 00:00 0 
7fe64f776000-7fe64f77b000 rw-p 00000000 00:00 0 
7fe64f77b000-7fe64f861000 ---p 00000000 00:00 0 
7fe64f861000-7fe64fad1000 rwxp 00000000 00:00 0 
7fe64fad1000-7fe64fdf0000 ---p 00000000 00:00 0 
7fe64fdf0000-7fe650060000 rwxp 00000000 00:00 0 
7fe650060000-7fe657328000 ---p 00000000 00:00 0 
7fe657328000-7fe657598000 rwxp 00000000 00:00 0 
7fe657598000-7fe65e861000 ---p 00000000 00:00 0 
7fe65e861000-7fe666f54000 r--s 00000000 08:01 269009                     /usr/lib/jvm/java-11-openjdk-amd64/lib/modules
7fe666f59000-7fe666f5e000 r-xp 00000000 08:01 268991                     /usr/lib/jvm/java-11-openjdk-amd64/lib/libjimage.so
7fe666f5e000-7fe66715d000 ---p 00005000 08:01 268991                     /usr/lib/jvm/java-11-openjdk-amd64/lib/libjimage.so
7fe66715d000-7fe66715e000 r--p 00004000 08:01 268991                     /usr/lib/jvm/java-11-openjdk-amd64/lib/libjimage.so
7fe66715e000-7fe66715f000 rw-p 00005000 08:01 268991                     /usr/lib/jvm/java-11-openjdk-amd64/lib/libjimage.so
7fe667161000-7fe667168000 r-xp 00000000 08:01 269008                     /usr/lib/jvm/java-11-openjdk-amd64/lib/libzip.so
7fe667168000-7fe667367000 ---p 00007000 08:01 269008                     /usr/lib/jvm/java-11-openjdk-amd64/lib/libzip.so
7fe667367000-7fe667368000 r--p 00006000 08:01 269008                     /usr/lib/jvm/java-11-openjdk-amd64/lib/libzip.so
7fe667368000-7fe667369000 rw-p 00007000 08:01 269008                     /usr/lib/jvm/java-11-openjdk-amd64/lib/libzip.so
7fe667369000-7fe667374000 r-xp 00000000 08:01 1316551                    /lib/x86_64-linux-gnu/libnss_files-2.27.so
7fe667374000-7fe667573000 ---p 0000b000 08:01 1316551                    /lib/x86_64-linux-gnu/libnss_files-2.27.so
7fe667573000-7fe667574000 r--p 0000a000 08:01 1316551                    /lib/x86_64-linux-gnu/libnss_files-2.27.so
7fe667574000-7fe667575000 rw-p 0000b000 08:01 1316551                    /lib/x86_64-linux-gnu/libnss_files-2.27.so
7fe667575000-7fe66757b000 rw-p 00000000 00:00 0 
7fe667581000-7fe667598000 r-xp 00000000 08:01 1316545                    /lib/x86_64-linux-gnu/libnsl-2.27.so
7fe667598000-7fe667797000 ---p 00017000 08:01 1316545                    /lib/x86_64-linux-gnu/libnsl-2.27.so
7fe667797000-7fe667798000 r--p 00016000 08:01 1316545                    /lib/x86_64-linux-gnu/libnsl-2.27.so
7fe667798000-7fe667799000 rw-p 00017000 08:01 1316545                    /lib/x86_64-linux-gnu/libnsl-2.27.so
7fe667799000-7fe66779b000 rw-p 00000000 00:00 0 
7fe6677a1000-7fe6677ac000 r-xp 00000000 08:01 1316562                    /lib/x86_64-linux-gnu/libnss_nis-2.27.so
7fe6677ac000-7fe6679ab000 ---p 0000b000 08:01 1316562                    /lib/x86_64-linux-gnu/libnss_nis-2.27.so
7fe6679ab000-7fe6679ac000 r--p 0000a000 08:01 1316562                    /lib/x86_64-linux-gnu/libnss_nis-2.27.so
7fe6679ac000-7fe6679ad000 rw-p 0000b000 08:01 1316562                    /lib/x86_64-linux-gnu/libnss_nis-2.27.so
7fe6679b1000-7fe6679b9000 r-xp 00000000 08:01 1316547                    /lib/x86_64-linux-gnu/libnss_compat-2.27.so
7fe6679b9000-7fe667bb9000 ---p 00008000 08:01 1316547                    /lib/x86_64-linux-gnu/libnss_compat-2.27.so
7fe667bb9000-7fe667bba000 r--p 00008000 08:01 1316547                    /lib/x86_64-linux-gnu/libnss_compat-2.27.so
7fe667bba000-7fe667bbb000 rw-p 00009000 08:01 1316547                    /lib/x86_64-linux-gnu/libnss_compat-2.27.so
7fe667bc1000-7fe667bea000 r-xp 00000000 08:01 268987                     /usr/lib/jvm/java-11-openjdk-amd64/lib/libjava.so
7fe667bea000-7fe667de9000 ---p 00029000 08:01 268987                     /usr/lib/jvm/java-11-openjdk-amd64/lib/libjava.so
7fe667de9000-7fe667dea000 r--p 00028000 08:01 268987                     /usr/lib/jvm/java-11-openjdk-amd64/lib/libjava.so
7fe667dea000-7fe667dec000 rw-p 00029000 08:01 268987                     /usr/lib/jvm/java-11-openjdk-amd64/lib/libjava.so
7fe667df1000-7fe667dfe000 r-xp 00000000 08:01 269007                     /usr/lib/jvm/java-11-openjdk-amd64/lib/libverify.so
7fe667dfe000-7fe667ffd000 ---p 0000d000 08:01 269007                     /usr/lib/jvm/java-11-openjdk-amd64/lib/libverify.so
7fe667ffd000-7fe667fff000 r--p 0000c000 08:01 269007                     /usr/lib/jvm/java-11-openjdk-amd64/lib/libverify.so
7fe667fff000-7fe668000000 rw-p 0000e000 08:01 269007                     /usr/lib/jvm/java-11-openjdk-amd64/lib/libverify.so
7fe668000000-7fe6680bb000 rw-p 00000000 00:00 0 
7fe6680bb000-7fe66c000000 ---p 00000000 00:00 0 
7fe66c031000-7fe66c038000 r-xp 00000000 08:01 1316602                    /lib/x86_64-linux-gnu/librt-2.27.so
7fe66c038000-7fe66c237000 ---p 00007000 08:01 1316602                    /lib/x86_64-linux-gnu/librt-2.27.so
7fe66c237000-7fe66c238000 r--p 00006000 08:01 1316602                    /lib/x86_64-linux-gnu/librt-2.27.so
7fe66c238000-7fe66c239000 rw-p 00007000 08:01 1316602                    /lib/x86_64-linux-gnu/librt-2.27.so
7fe66c239000-7fe66c250000 r-xp 00000000 08:01 1317234                    /lib/x86_64-linux-gnu/libgcc_s.so.1
7fe66c250000-7fe66c44f000 ---p 00017000 08:01 1317234                    /lib/x86_64-linux-gnu/libgcc_s.so.1
7fe66c44f000-7fe66c450000 r--p 00016000 08:01 1317234                    /lib/x86_64-linux-gnu/libgcc_s.so.1
7fe66c450000-7fe66c451000 rw-p 00017000 08:01 1317234                    /lib/x86_64-linux-gnu/libgcc_s.so.1
7fe66c451000-7fe66c5ee000 r-xp 00000000 08:01 1316524                    /lib/x86_64-linux-gnu/libm-2.27.so
7fe66c5ee000-7fe66c7ed000 ---p 0019d000 08:01 1316524                    /lib/x86_64-linux-gnu/libm-2.27.so
7fe66c7ed000-7fe66c7ee000 r--p 0019c000 08:01 1316524                    /lib/x86_64-linux-gnu/libm-2.27.so
7fe66c7ee000-7fe66c7ef000 rw-p 0019d000 08:01 1316524                    /lib/x86_64-linux-gnu/libm-2.27.so
7fe66c7f1000-7fe66c96a000 r-xp 00000000 08:01 266061                     /usr/lib/x86_64-linux-gnu/libstdc++.so.6.0.25
7fe66c96a000-7fe66cb6a000 ---p 00179000 08:01 266061                     /usr/lib/x86_64-linux-gnu/libstdc++.so.6.0.25
7fe66cb6a000-7fe66cb74000 r--p 00179000 08:01 266061                     /usr/lib/x86_64-linux-gnu/libstdc++.so.6.0.25
7fe66cb74000-7fe66cb76000 rw-p 00183000 08:01 266061                     /usr/lib/x86_64-linux-gnu/libstdc++.so.6.0.25
7fe66cb76000-7fe66cb7a000 rw-p 00000000 00:00 0 
7fe66cb81000-7fe66dc5e000 r-xp 00000000 08:01 269014                     /usr/lib/jvm/java-11-openjdk-amd64/lib/server/libjvm.so
7fe66dc5e000-7fe66de5d000 ---p 010dd000 08:01 269014                     /usr/lib/jvm/java-11-openjdk-amd64/lib/server/libjvm.so
7fe66de5d000-7fe66df1a000 r--p 010dc000 08:01 269014                     /usr/lib/jvm/java-11-openjdk-amd64/lib/server/libjvm.so
7fe66df1a000-7fe66df54000 rw-p 01199000 08:01 269014                     /usr/lib/jvm/java-11-openjdk-amd64/lib/server/libjvm.so
7fe66df54000-7fe66dfaa000 rw-p 00000000 00:00 0 
7fe66dfb1000-7fe66dfcb000 r-xp 00000000 08:01 1316594                    /lib/x86_64-linux-gnu/libpthread-2.27.so
7fe66dfcb000-7fe66e1ca000 ---p 0001a000 08:01 1316594                    /lib/x86_64-linux-gnu/libpthread-2.27.so
7fe66e1ca000-7fe66e1cb000 r--p 00019000 08:01 1316594                    /lib/x86_64-linux-gnu/libpthread-2.27.so
7fe66e1cb000-7fe66e1cc000 rw-p 0001a000 08:01 1316594                    /lib/x86_64-linux-gnu/libpthread-2.27.so
7fe66e1cc000-7fe66e1d0000 rw-p 00000000 00:00 0 
7fe66e1d1000-7fe66e1d4000 r-xp 00000000 08:01 1316484                    /lib/x86_64-linux-gnu/libdl-2.27.so
7fe66e1d4000-7fe66e3d3000 ---p 00003000 08:01 1316484                    /lib/x86_64-linux-gnu/libdl-2.27.so
7fe66e3d3000-7fe66e3d4000 r--p 00002000 08:01 1316484                    /lib/x86_64-linux-gnu/libdl-2.27.so
7fe66e3d4000-7fe66e3d5000 rw-p 00003000 08:01 1316484                    /lib/x86_64-linux-gnu/libdl-2.27.so
7fe66e3d9000-7fe66e3f5000 r-xp 00000000 08:01 1316633                    /lib/x86_64-linux-gnu/libz.so.1.2.11
7fe66e3f5000-7fe66e5f4000 ---p 0001c000 08:01 1316633                    /lib/x86_64-linux-gnu/libz.so.1.2.11
7fe66e5f4000-7fe66e5f5000 r--p 0001b000 08:01 1316633                    /lib/x86_64-linux-gnu/libz.so.1.2.11
7fe66e5f5000-7fe66e5f6000 rw-p 0001c000 08:01 1316633                    /lib/x86_64-linux-gnu/libz.so.1.2.11
7fe66e5f9000-7fe66e7e0000 r-xp 00000000 08:01 1316461                    /lib/x86_64-linux-gnu/libc-2.27.so
7fe66e7e0000-7fe66e9e0000 ---p 001e7000 08:01 1316461                    /lib/x86_64-linux-gnu/libc-2.27.so
7fe66e9e0000-7fe66e9e4000 r--p 001e7000 08:01 1316461                    /lib/x86_64-linux-gnu/libc-2.27.so
7fe66e9e4000-7fe66e9e6000 rw-p 001eb000 08:01 1316461                    /lib/x86_64-linux-gnu/libc-2.27.so
7fe66e9e6000-7fe66e9ea000 rw-p 00000000 00:00 0 
7fe66e9f1000-7fe66ea01000 r-xp 00000000 08:01 268272                     /usr/lib/jvm/java-11-openjdk-amd64/lib/jli/libjli.so
7fe66ea01000-7fe66ec00000 ---p 00010000 08:01 268272                     /usr/lib/jvm/java-11-openjdk-amd64/lib/jli/libjli.so
7fe66ec00000-7fe66ec01000 r--p 0000f000 08:01 268272                     /usr/lib/jvm/java-11-openjdk-amd64/lib/jli/libjli.so
7fe66ec01000-7fe66ec02000 rw-p 00010000 08:01 268272                     /usr/lib/jvm/java-11-openjdk-amd64/lib/jli/libjli.so
7fe66ec09000-7fe66ec30000 r-xp 00000000 08:01 1316433                    /lib/x86_64-linux-gnu/ld-2.27.so
7fe66ec47000-7fe66ed11000 rw-p 00000000 00:00 0 
7fe66ed11000-7fe66ed18000 ---p 00000000 00:00 0 
7fe66ed18000-7fe66ed1a000 r--s 00007000 08:01 535190                     /usr/share/java/java-atk-wrapper.jar
7fe66ed21000-7fe66ed29000 rw-s 00000000 08:01 658565                     /tmp/hsperfdata_C24061096/15638
7fe66ed2f000-7fe66ed33000 ---p 00000000 00:00 0 
7fe66ed33000-7fe66ee30000 rw-p 00000000 00:00 0 
7fe66ee30000-7fe66ee31000 r--p 00027000 08:01 1316433                    /lib/x86_64-linux-gnu/ld-2.27.so
7fe66ee31000-7fe66ee32000 rw-p 00028000 08:01 1316433                    /lib/x86_64-linux-gnu/ld-2.27.so
7fe66ee32000-7fe66ee33000 rw-p 00000000 00:00 0 
7fe66ee33000-7fe66ee34000 ---p 00000000 00:00 0 
7fe66ee34000-7fe66ee35000 r--p 00000000 00:00 0 
7fe66ee35000-7fe66ee39000 rw-p 00000000 00:00 0 
7fff297a2000-7fff297c3000 rw-p 00000000 00:00 0                          [stack]
7fff297d1000-7fff297d4000 r--p 00000000 00:00 0                          [vvar]
7fff297d4000-7fff297d5000 r-xp 00000000 00:00 0                          [vdso]
ffffffffff600000-ffffffffff601000 --xp 00000000 00:00 0                  [vsyscall]


VM Arguments:
jvm_args: -Xverify:none 
java_command: Main
java_class_path (initial): .
Launcher Type: SUN_STANDARD

[Global flags]
     bool BytecodeVerificationLocal                = false                                     {product} {command line}
     bool BytecodeVerificationRemote               = false                                     {product} {command line}
     intx CICompilerCount                          = 2                                         {product} {ergonomic}
   size_t InitialHeapSize                          = 71303168                                  {product} {ergonomic}
   size_t MaxHeapSize                              = 1119879168                                {product} {ergonomic}
   size_t MaxNewSize                               = 373293056                                 {product} {ergonomic}
   size_t MinHeapDeltaBytes                        = 196608                                    {product} {ergonomic}
   size_t NewSize                                  = 23724032                                  {product} {ergonomic}
    uintx NonNMethodCodeHeapSize                   = 5825164                                {pd product} {ergonomic}
    uintx NonProfiledCodeHeapSize                  = 122916538                              {pd product} {ergonomic}
   size_t OldSize                                  = 47579136                                  {product} {ergonomic}
    uintx ProfiledCodeHeapSize                     = 122916538                              {pd product} {ergonomic}
    uintx ReservedCodeCacheSize                    = 251658240                              {pd product} {ergonomic}
     bool SegmentedCodeCache                       = true                                      {product} {ergonomic}
     bool UseCompressedClassPointers               = true                                 {lp64_product} {ergonomic}
     bool UseCompressedOops                        = true                                 {lp64_product} {ergonomic}
     bool UseSerialGC                              = true                                      {product} {ergonomic}

Logging:
Log output configuration:
 #0: stdout all=warning uptime,level,tags
 #1: stderr all=off uptime,level,tags

Environment Variables:
PATH=/usr/local/sbin:/usr/local/bin:/usr/sbin:/usr/bin:/sbin:/bin:/usr/games:/usr/local/games:/snap/bin
USERNAME=C24061096
SHELL=/bin/bash
DISPLAY=:1

Signal Handlers:
SIGSEGV: [libjvm.so+0xdf8d00], sa_mask[0]=11111111011111111101111111111110, sa_flags=SA_RESTART|SA_SIGINFO
SIGBUS: [libjvm.so+0xdf8d00], sa_mask[0]=11111111011111111101111111111110, sa_flags=SA_RESTART|SA_SIGINFO
SIGFPE: [libjvm.so+0xdf8d00], sa_mask[0]=11111111011111111101111111111110, sa_flags=SA_RESTART|SA_SIGINFO
SIGPIPE: [libjvm.so+0xbcbc30], sa_mask[0]=11111111011111111101111111111110, sa_flags=SA_RESTART|SA_SIGINFO
SIGXFSZ: [libjvm.so+0xbcbc30], sa_mask[0]=11111111011111111101111111111110, sa_flags=SA_RESTART|SA_SIGINFO
SIGILL: [libjvm.so+0xdf8d00], sa_mask[0]=11111111011111111101111111111110, sa_flags=SA_RESTART|SA_SIGINFO
SIGUSR2: [libjvm.so+0xbcbad0], sa_mask[0]=00000000000000000000000000000000, sa_flags=SA_RESTART|SA_SIGINFO
SIGHUP: [libjvm.so+0xbcbe30], sa_mask[0]=11111111011111111101111111111110, sa_flags=SA_RESTART|SA_SIGINFO
SIGINT: [libjvm.so+0xbcbe30], sa_mask[0]=11111111011111111101111111111110, sa_flags=SA_RESTART|SA_SIGINFO
SIGTERM: [libjvm.so+0xbcbe30], sa_mask[0]=11111111011111111101111111111110, sa_flags=SA_RESTART|SA_SIGINFO
SIGQUIT: [libjvm.so+0xbcbe30], sa_mask[0]=11111111011111111101111111111110, sa_flags=SA_RESTART|SA_SIGINFO


---------------  S Y S T E M  ---------------

OS:DISTRIB_ID=Ubuntu
DISTRIB_RELEASE=18.04
DISTRIB_CODENAME=bionic
DISTRIB_DESCRIPTION="Ubuntu 18.04.4 LTS"
uname:Linux 5.3.0-46-generic #38~18.04.1-Ubuntu SMP Tue Mar 31 04:17:56 UTC 2020 x86_64
OS uptime: 3 days 2:34 hours
libc:glibc 2.27 NPTL 2.27 
rlimit: STACK 8192k, CORE 0k, NPROC 16888, NOFILE 4096, AS infinity, CPU infinity, DATA infinity, FSIZE infinity
load average:1.99 1.75 1.08

/proc/meminfo:
MemTotal:        4372092 kB
MemFree:          315044 kB
MemAvailable:    1242460 kB
Buffers:          133796 kB
Cached:          1235108 kB
SwapCached:        16808 kB
Active:          2716184 kB
Inactive:         972576 kB
Active(anon):    2049912 kB
Inactive(anon):   552140 kB
Active(file):     666272 kB
Inactive(file):   420436 kB
Unevictable:          80 kB
Mlocked:              80 kB
SwapTotal:       1942896 kB
SwapFree:        1507184 kB
Dirty:              1588 kB
Writeback:             0 kB
AnonPages:       2312080 kB
Mapped:           557328 kB
Shmem:            283064 kB
KReclaimable:      90336 kB
Slab:             147860 kB
SReclaimable:      90336 kB
SUnreclaim:        57524 kB
KernelStack:       16604 kB
PageTables:        87792 kB
NFS_Unstable:          0 kB
Bounce:                0 kB
WritebackTmp:          0 kB
CommitLimit:     4128940 kB
Committed_AS:   12132804 kB
VmallocTotal:   34359738367 kB
VmallocUsed:       51752 kB
VmallocChunk:          0 kB
Percpu:              360 kB
HardwareCorrupted:     0 kB
AnonHugePages:         0 kB
ShmemHugePages:        0 kB
ShmemPmdMapped:        0 kB
CmaTotal:              0 kB
CmaFree:               0 kB
HugePages_Total:       0
HugePages_Free:        0
HugePages_Rsvd:        0
HugePages_Surp:        0
Hugepagesize:       2048 kB
Hugetlb:               0 kB
DirectMap4k:      238528 kB
DirectMap2M:     4308992 kB


/proc/sys/kernel/threads-max (system-wide limit on the number of threads):
33776


/proc/sys/vm/max_map_count (maximum number of memory map areas a process may have):
65530


/proc/sys/kernel/pid_max (system-wide limit on number of process identifiers):
32768



container (cgroup) information:
container_type: cgroupv1
cpu_cpuset_cpus: 0
cpu_memory_nodes: 0
active_processor_count: 1
cpu_quota: -1
cpu_period: 100000
cpu_shares: -1
memory_limit_in_bytes: -1
memory_and_swap_limit_in_bytes: -2
memory_soft_limit_in_bytes: -1
memory_usage_in_bytes: 3773186048
memory_max_usage_in_bytes: 101822464

KVM virtualization detected
Steal ticks since vm start: 0
Steal ticks percentage since vm start:  0.000

CPU:total 1 (initial active 1) (1 cores per cpu, 1 threads per core) family 21 model 112 stepping 0, cmov, cx8, fxsr, mmx, sse, sse2, sse3, ssse3, sse4.1, sse4.2, popcnt, avx, avx2, aes, clmul, mmxext, lzcnt, sse4a, tsc, tscinvbit, tscinv
CPU Model and flags from /proc/cpuinfo:
model name	: AMD A9-9410 RADEON R5, 5 COMPUTE CORES 2C+3G
flags		: fpu vme de pse tsc msr pae mce cx8 apic sep mtrr pge mca cmov pat pse36 clflush mmx fxsr sse sse2 ht syscall nx mmxext fxsr_opt rdtscp lm constant_tsc rep_good nopl nonstop_tsc cpuid extd_apicid tsc_known_freq pni pclmulqdq monitor ssse3 cx16 sse4_1 sse4_2 x2apic movbe popcnt aes xsave avx rdrand hypervisor lahf_lm cr8_legacy abm sse4a misalignsse 3dnowprefetch ssbd vmmcall fsgsbase avx2 arat

Memory: 4k page, physical 4372092k(315044k free), swap 1942896k(1507184k free)

vm_info: OpenJDK 64-Bit Server VM (11.0.7+10-post-Ubuntu-2ubuntu218.04) for linux-amd64 JRE (11.0.7+10-post-Ubuntu-2ubuntu218.04), built on Apr 15 2020 21:12:54 by "unknown" with gcc 7.5.0

END.
